Performing C SOURCE FILE Test LIBTOOL_HAS_NO_UNDEFINED failed with the following output:
Change Dir: /Users/tjcorona/Development/Software/Albany/Dependencies/netcdf-4.4.0/build/CMakeFiles/CMakeTmp

Run Build Command:"/usr/bin/make" "cmTC_f2017/fast"
/Applications/Xcode.app/Contents/Developer/usr/bin/make -f CMakeFiles/cmTC_f2017.dir/build.make CMakeFiles/cmTC_f2017.dir/build
Building C object CMakeFiles/cmTC_f2017.dir/src.c.o
/usr/local/bin/mpicc    -I/Users/tjcorona/Development/Software/Albany/install/include -O3 -fPIC -DLIBTOOL_HAS_NO_UNDEFINED -Wl,--no-undefined -isysroot /Applications/Xcode.app/Contents/Developer/Platforms/MacOSX.platform/Developer/SDKs/MacOSX10.11.sdk -fPIE   -o CMakeFiles/cmTC_f2017.dir/src.c.o   -c /Users/tjcorona/Development/Software/Albany/Dependencies/netcdf-4.4.0/build/CMakeFiles/CMakeTmp/src.c
clang: warning: -Wl,--no-undefined: 'linker' input unused
Linking C executable cmTC_f2017
/usr/local/Cellar/cmake/3.4.3/bin/cmake -E cmake_link_script CMakeFiles/cmTC_f2017.dir/link.txt --verbose=1
/usr/local/bin/mpicc  -I/Users/tjcorona/Development/Software/Albany/install/include -O3 -fPIC -DLIBTOOL_HAS_NO_UNDEFINED -Wl,--no-undefined -isysroot /Applications/Xcode.app/Contents/Developer/Platforms/MacOSX.platform/Developer/SDKs/MacOSX10.11.sdk -Wl,-search_paths_first -Wl,-headerpad_max_install_names   CMakeFiles/cmTC_f2017.dir/src.c.o  -o cmTC_f2017  
ld: unknown option: --no-undefined
clang: error: linker command failed with exit code 1 (use -v to see invocation)
make[1]: *** [cmTC_f2017] Error 1
make: *** [cmTC_f2017/fast] Error 2

Source file was:
int main() {return 0;}
Determining if the function H5Pget_fapl_mpiposix exists in the hdf5 failed with the following output:
Change Dir: /Users/tjcorona/Development/Software/Albany/Dependencies/netcdf-4.4.0/build/CMakeFiles/CMakeTmp

Run Build Command:"/usr/bin/make" "cmTC_d04ec/fast"
/Applications/Xcode.app/Contents/Developer/usr/bin/make -f CMakeFiles/cmTC_d04ec.dir/build.make CMakeFiles/cmTC_d04ec.dir/build
Building C object CMakeFiles/cmTC_d04ec.dir/CheckFunctionExists.c.o
/usr/local/bin/mpicc    -I/Users/tjcorona/Development/Software/Albany/install/include -O3 -fPIC -DCHECK_FUNCTION_EXISTS=H5Pget_fapl_mpiposix -isysroot /Applications/Xcode.app/Contents/Developer/Platforms/MacOSX.platform/Developer/SDKs/MacOSX10.11.sdk -fPIE   -o CMakeFiles/cmTC_d04ec.dir/CheckFunctionExists.c.o   -c /usr/local/Cellar/cmake/3.4.3/share/cmake/Modules/CheckFunctionExists.c
Linking C executable cmTC_d04ec
/usr/local/Cellar/cmake/3.4.3/bin/cmake -E cmake_link_script CMakeFiles/cmTC_d04ec.dir/link.txt --verbose=1
/usr/local/bin/mpicc  -I/Users/tjcorona/Development/Software/Albany/install/include -O3 -fPIC -DCHECK_FUNCTION_EXISTS=H5Pget_fapl_mpiposix -isysroot /Applications/Xcode.app/Contents/Developer/Platforms/MacOSX.platform/Developer/SDKs/MacOSX10.11.sdk -Wl,-search_paths_first -Wl,-headerpad_max_install_names   CMakeFiles/cmTC_d04ec.dir/CheckFunctionExists.c.o  -o cmTC_d04ec  -lhdf5 
ld: library not found for -lhdf5
clang: error: linker command failed with exit code 1 (use -v to see invocation)
make[1]: *** [cmTC_d04ec] Error 1
make: *** [cmTC_d04ec/fast] Error 2


Determining if the function H5Pget_fapl_mpio exists in the hdf5 failed with the following output:
Change Dir: /Users/tjcorona/Development/Software/Albany/Dependencies/netcdf-4.4.0/build/CMakeFiles/CMakeTmp

Run Build Command:"/usr/bin/make" "cmTC_a152a/fast"
/Applications/Xcode.app/Contents/Developer/usr/bin/make -f CMakeFiles/cmTC_a152a.dir/build.make CMakeFiles/cmTC_a152a.dir/build
Building C object CMakeFiles/cmTC_a152a.dir/CheckFunctionExists.c.o
/usr/local/bin/mpicc    -I/Users/tjcorona/Development/Software/Albany/install/include -O3 -fPIC -DCHECK_FUNCTION_EXISTS=H5Pget_fapl_mpio -isysroot /Applications/Xcode.app/Contents/Developer/Platforms/MacOSX.platform/Developer/SDKs/MacOSX10.11.sdk -fPIE   -o CMakeFiles/cmTC_a152a.dir/CheckFunctionExists.c.o   -c /usr/local/Cellar/cmake/3.4.3/share/cmake/Modules/CheckFunctionExists.c
Linking C executable cmTC_a152a
/usr/local/Cellar/cmake/3.4.3/bin/cmake -E cmake_link_script CMakeFiles/cmTC_a152a.dir/link.txt --verbose=1
/usr/local/bin/mpicc  -I/Users/tjcorona/Development/Software/Albany/install/include -O3 -fPIC -DCHECK_FUNCTION_EXISTS=H5Pget_fapl_mpio -isysroot /Applications/Xcode.app/Contents/Developer/Platforms/MacOSX.platform/Developer/SDKs/MacOSX10.11.sdk -Wl,-search_paths_first -Wl,-headerpad_max_install_names   CMakeFiles/cmTC_a152a.dir/CheckFunctionExists.c.o  -o cmTC_a152a  -lhdf5 
ld: library not found for -lhdf5
clang: error: linker command failed with exit code 1 (use -v to see invocation)
make[1]: *** [cmTC_a152a] Error 1
make: *** [cmTC_a152a/fast] Error 2


Determining if the function H5free_memory exists in the hdf5 failed with the following output:
Change Dir: /Users/tjcorona/Development/Software/Albany/Dependencies/netcdf-4.4.0/build/CMakeFiles/CMakeTmp

Run Build Command:"/usr/bin/make" "cmTC_9e1c6/fast"
/Applications/Xcode.app/Contents/Developer/usr/bin/make -f CMakeFiles/cmTC_9e1c6.dir/build.make CMakeFiles/cmTC_9e1c6.dir/build
Building C object CMakeFiles/cmTC_9e1c6.dir/CheckFunctionExists.c.o
/usr/local/bin/mpicc    -I/Users/tjcorona/Development/Software/Albany/install/include -O3 -fPIC -DCHECK_FUNCTION_EXISTS=H5free_memory -isysroot /Applications/Xcode.app/Contents/Developer/Platforms/MacOSX.platform/Developer/SDKs/MacOSX10.11.sdk -fPIE   -o CMakeFiles/cmTC_9e1c6.dir/CheckFunctionExists.c.o   -c /usr/local/Cellar/cmake/3.4.3/share/cmake/Modules/CheckFunctionExists.c
Linking C executable cmTC_9e1c6
/usr/local/Cellar/cmake/3.4.3/bin/cmake -E cmake_link_script CMakeFiles/cmTC_9e1c6.dir/link.txt --verbose=1
/usr/local/bin/mpicc  -I/Users/tjcorona/Development/Software/Albany/install/include -O3 -fPIC -DCHECK_FUNCTION_EXISTS=H5free_memory -isysroot /Applications/Xcode.app/Contents/Developer/Platforms/MacOSX.platform/Developer/SDKs/MacOSX10.11.sdk -Wl,-search_paths_first -Wl,-headerpad_max_install_names   CMakeFiles/cmTC_9e1c6.dir/CheckFunctionExists.c.o  -o cmTC_9e1c6  -lhdf5 
ld: library not found for -lhdf5
clang: error: linker command failed with exit code 1 (use -v to see invocation)
make[1]: *** [cmTC_9e1c6] Error 1
make: *** [cmTC_9e1c6/fast] Error 2


Determining if the function H5Z_SZIP exists in the hdf5 failed with the following output:
Change Dir: /Users/tjcorona/Development/Software/Albany/Dependencies/netcdf-4.4.0/build/CMakeFiles/CMakeTmp

Run Build Command:"/usr/bin/make" "cmTC_592c0/fast"
/Applications/Xcode.app/Contents/Developer/usr/bin/make -f CMakeFiles/cmTC_592c0.dir/build.make CMakeFiles/cmTC_592c0.dir/build
Building C object CMakeFiles/cmTC_592c0.dir/CheckFunctionExists.c.o
/usr/local/bin/mpicc    -I/Users/tjcorona/Development/Software/Albany/install/include -O3 -fPIC -DCHECK_FUNCTION_EXISTS=H5Z_SZIP -isysroot /Applications/Xcode.app/Contents/Developer/Platforms/MacOSX.platform/Developer/SDKs/MacOSX10.11.sdk -fPIE   -o CMakeFiles/cmTC_592c0.dir/CheckFunctionExists.c.o   -c /usr/local/Cellar/cmake/3.4.3/share/cmake/Modules/CheckFunctionExists.c
Linking C executable cmTC_592c0
/usr/local/Cellar/cmake/3.4.3/bin/cmake -E cmake_link_script CMakeFiles/cmTC_592c0.dir/link.txt --verbose=1
/usr/local/bin/mpicc  -I/Users/tjcorona/Development/Software/Albany/install/include -O3 -fPIC -DCHECK_FUNCTION_EXISTS=H5Z_SZIP -isysroot /Applications/Xcode.app/Contents/Developer/Platforms/MacOSX.platform/Developer/SDKs/MacOSX10.11.sdk -Wl,-search_paths_first -Wl,-headerpad_max_install_names   CMakeFiles/cmTC_592c0.dir/CheckFunctionExists.c.o  -o cmTC_592c0  -lhdf5 
ld: library not found for -lhdf5
clang: error: linker command failed with exit code 1 (use -v to see invocation)
make[1]: *** [cmTC_592c0] Error 1
make: *** [cmTC_592c0/fast] Error 2


Performing C SOURCE FILE Test __CHAR_UNSIGNED__ failed with the following output:
Change Dir: /Users/tjcorona/Development/Software/Albany/Dependencies/netcdf-4.4.0/build/CMakeFiles/CMakeTmp

Run Build Command:"/usr/bin/make" "cmTC_42cdb/fast"
/Applications/Xcode.app/Contents/Developer/usr/bin/make -f CMakeFiles/cmTC_42cdb.dir/build.make CMakeFiles/cmTC_42cdb.dir/build
Building C object CMakeFiles/cmTC_42cdb.dir/src.c.o
/usr/local/bin/mpicc   -I/Users/tjcorona/Development/Software/Albany/Dependencies/netcdf-4.4.0/libsrc  -I/Users/tjcorona/Development/Software/Albany/install/include -O3 -fPIC -D__CHAR_UNSIGNED__ -isysroot /Applications/Xcode.app/Contents/Developer/Platforms/MacOSX.platform/Developer/SDKs/MacOSX10.11.sdk -fPIE   -o CMakeFiles/cmTC_42cdb.dir/src.c.o   -c /Users/tjcorona/Development/Software/Albany/Dependencies/netcdf-4.4.0/build/CMakeFiles/CMakeTmp/src.c
Linking C executable cmTC_42cdb
/usr/local/Cellar/cmake/3.4.3/bin/cmake -E cmake_link_script CMakeFiles/cmTC_42cdb.dir/link.txt --verbose=1
/usr/local/bin/mpicc  -I/Users/tjcorona/Development/Software/Albany/install/include -O3 -fPIC -D__CHAR_UNSIGNED__ -isysroot /Applications/Xcode.app/Contents/Developer/Platforms/MacOSX.platform/Developer/SDKs/MacOSX10.11.sdk -Wl,-search_paths_first -Wl,-headerpad_max_install_names   CMakeFiles/cmTC_42cdb.dir/src.c.o  -o cmTC_42cdb  

Return value: 1
Source file was:


  #include <stdlib.h>

  int main(void) {

    char is_signed = (char) - 1;

    if(is_signed < 0)

      return 1;

    else

      return 0;

}

Determining if the include file malloc.h exists failed with the following output:
Change Dir: /Users/tjcorona/Development/Software/Albany/Dependencies/netcdf-4.4.0/build/CMakeFiles/CMakeTmp

Run Build Command:"/usr/bin/make" "cmTC_88e25/fast"
/Applications/Xcode.app/Contents/Developer/usr/bin/make -f CMakeFiles/cmTC_88e25.dir/build.make CMakeFiles/cmTC_88e25.dir/build
Building C object CMakeFiles/cmTC_88e25.dir/CheckIncludeFile.c.o
/usr/local/bin/mpicc   -I/Users/tjcorona/Development/Software/Albany/Dependencies/netcdf-4.4.0/libsrc  -I/Users/tjcorona/Development/Software/Albany/install/include -O3 -fPIC  -isysroot /Applications/Xcode.app/Contents/Developer/Platforms/MacOSX.platform/Developer/SDKs/MacOSX10.11.sdk -fPIE   -o CMakeFiles/cmTC_88e25.dir/CheckIncludeFile.c.o   -c /Users/tjcorona/Development/Software/Albany/Dependencies/netcdf-4.4.0/build/CMakeFiles/CMakeTmp/CheckIncludeFile.c
/Users/tjcorona/Development/Software/Albany/Dependencies/netcdf-4.4.0/build/CMakeFiles/CMakeTmp/CheckIncludeFile.c:1:10: fatal error: 'malloc.h' file not found
#include <malloc.h>
         ^
1 error generated.
make[1]: *** [CMakeFiles/cmTC_88e25.dir/CheckIncludeFile.c.o] Error 1
make: *** [cmTC_88e25/fast] Error 2


Determining if the include file sys/ndir.h exists failed with the following output:
Change Dir: /Users/tjcorona/Development/Software/Albany/Dependencies/netcdf-4.4.0/build/CMakeFiles/CMakeTmp

Run Build Command:"/usr/bin/make" "cmTC_f1444/fast"
/Applications/Xcode.app/Contents/Developer/usr/bin/make -f CMakeFiles/cmTC_f1444.dir/build.make CMakeFiles/cmTC_f1444.dir/build
Building C object CMakeFiles/cmTC_f1444.dir/CheckIncludeFile.c.o
/usr/local/bin/mpicc   -I/Users/tjcorona/Development/Software/Albany/Dependencies/netcdf-4.4.0/libsrc  -I/Users/tjcorona/Development/Software/Albany/install/include -O3 -fPIC  -isysroot /Applications/Xcode.app/Contents/Developer/Platforms/MacOSX.platform/Developer/SDKs/MacOSX10.11.sdk -fPIE   -o CMakeFiles/cmTC_f1444.dir/CheckIncludeFile.c.o   -c /Users/tjcorona/Development/Software/Albany/Dependencies/netcdf-4.4.0/build/CMakeFiles/CMakeTmp/CheckIncludeFile.c
/Users/tjcorona/Development/Software/Albany/Dependencies/netcdf-4.4.0/build/CMakeFiles/CMakeTmp/CheckIncludeFile.c:1:10: fatal error: 'sys/ndir.h' file not found
#include <sys/ndir.h>
         ^
1 error generated.
make[1]: *** [CMakeFiles/cmTC_f1444.dir/CheckIncludeFile.c.o] Error 1
make: *** [cmTC_f1444/fast] Error 2


Determining if the include file endian.h exists failed with the following output:
Change Dir: /Users/tjcorona/Development/Software/Albany/Dependencies/netcdf-4.4.0/build/CMakeFiles/CMakeTmp

Run Build Command:"/usr/bin/make" "cmTC_54f6f/fast"
/Applications/Xcode.app/Contents/Developer/usr/bin/make -f CMakeFiles/cmTC_54f6f.dir/build.make CMakeFiles/cmTC_54f6f.dir/build
Building C object CMakeFiles/cmTC_54f6f.dir/CheckIncludeFile.c.o
/usr/local/bin/mpicc   -I/Users/tjcorona/Development/Software/Albany/Dependencies/netcdf-4.4.0/libsrc  -I/Users/tjcorona/Development/Software/Albany/install/include -O3 -fPIC  -isysroot /Applications/Xcode.app/Contents/Developer/Platforms/MacOSX.platform/Developer/SDKs/MacOSX10.11.sdk -fPIE   -o CMakeFiles/cmTC_54f6f.dir/CheckIncludeFile.c.o   -c /Users/tjcorona/Development/Software/Albany/Dependencies/netcdf-4.4.0/build/CMakeFiles/CMakeTmp/CheckIncludeFile.c
/Users/tjcorona/Development/Software/Albany/Dependencies/netcdf-4.4.0/build/CMakeFiles/CMakeTmp/CheckIncludeFile.c:1:10: fatal error: 'endian.h' file not found
#include <endian.h>
         ^
1 error generated.
make[1]: *** [CMakeFiles/cmTC_54f6f.dir/CheckIncludeFile.c.o] Error 1
make: *** [cmTC_54f6f/fast] Error 2


Determining if the include file BaseTsd.h exists failed with the following output:
Change Dir: /Users/tjcorona/Development/Software/Albany/Dependencies/netcdf-4.4.0/build/CMakeFiles/CMakeTmp

Run Build Command:"/usr/bin/make" "cmTC_6ee7c/fast"
/Applications/Xcode.app/Contents/Developer/usr/bin/make -f CMakeFiles/cmTC_6ee7c.dir/build.make CMakeFiles/cmTC_6ee7c.dir/build
Building C object CMakeFiles/cmTC_6ee7c.dir/CheckIncludeFile.c.o
/usr/local/bin/mpicc   -I/Users/tjcorona/Development/Software/Albany/Dependencies/netcdf-4.4.0/libsrc  -I/Users/tjcorona/Development/Software/Albany/install/include -O3 -fPIC  -isysroot /Applications/Xcode.app/Contents/Developer/Platforms/MacOSX.platform/Developer/SDKs/MacOSX10.11.sdk -fPIE   -o CMakeFiles/cmTC_6ee7c.dir/CheckIncludeFile.c.o   -c /Users/tjcorona/Development/Software/Albany/Dependencies/netcdf-4.4.0/build/CMakeFiles/CMakeTmp/CheckIncludeFile.c
/Users/tjcorona/Development/Software/Albany/Dependencies/netcdf-4.4.0/build/CMakeFiles/CMakeTmp/CheckIncludeFile.c:1:10: fatal error: 'BaseTsd.h' file not found
#include <BaseTsd.h>
         ^
1 error generated.
make[1]: *** [CMakeFiles/cmTC_6ee7c.dir/CheckIncludeFile.c.o] Error 1
make: *** [cmTC_6ee7c/fast] Error 2


Determining size of off64_t failed with the following output:
Change Dir: /Users/tjcorona/Development/Software/Albany/Dependencies/netcdf-4.4.0/build/CMakeFiles/CMakeTmp

Run Build Command:"/usr/bin/make" "cmTC_67a6f/fast"
/Applications/Xcode.app/Contents/Developer/usr/bin/make -f CMakeFiles/cmTC_67a6f.dir/build.make CMakeFiles/cmTC_67a6f.dir/build
Building C object CMakeFiles/cmTC_67a6f.dir/SIZEOF_OFF64_T.c.o
/usr/local/bin/mpicc   -I/Users/tjcorona/Development/Software/Albany/Dependencies/netcdf-4.4.0/libsrc  -I/Users/tjcorona/Development/Software/Albany/install/include -O3 -fPIC  -isysroot /Applications/Xcode.app/Contents/Developer/Platforms/MacOSX.platform/Developer/SDKs/MacOSX10.11.sdk -fPIE   -o CMakeFiles/cmTC_67a6f.dir/SIZEOF_OFF64_T.c.o   -c /Users/tjcorona/Development/Software/Albany/Dependencies/netcdf-4.4.0/build/CMakeFiles/CheckTypeSize/SIZEOF_OFF64_T.c
/Users/tjcorona/Development/Software/Albany/Dependencies/netcdf-4.4.0/build/CMakeFiles/CheckTypeSize/SIZEOF_OFF64_T.c:19:12: error: use of undeclared identifier 'off64_t'
  ('0' + ((SIZE / 10000)%10)),
           ^
/Users/tjcorona/Development/Software/Albany/Dependencies/netcdf-4.4.0/build/CMakeFiles/CheckTypeSize/SIZEOF_OFF64_T.c:17:22: note: expanded from macro 'SIZE'
#define SIZE (sizeof(off64_t))
                     ^
/Users/tjcorona/Development/Software/Albany/Dependencies/netcdf-4.4.0/build/CMakeFiles/CheckTypeSize/SIZEOF_OFF64_T.c:20:12: error: use of undeclared identifier 'off64_t'
  ('0' + ((SIZE / 1000)%10)),
           ^
/Users/tjcorona/Development/Software/Albany/Dependencies/netcdf-4.4.0/build/CMakeFiles/CheckTypeSize/SIZEOF_OFF64_T.c:17:22: note: expanded from macro 'SIZE'
#define SIZE (sizeof(off64_t))
                     ^
/Users/tjcorona/Development/Software/Albany/Dependencies/netcdf-4.4.0/build/CMakeFiles/CheckTypeSize/SIZEOF_OFF64_T.c:21:12: error: use of undeclared identifier 'off64_t'
  ('0' + ((SIZE / 100)%10)),
           ^
/Users/tjcorona/Development/Software/Albany/Dependencies/netcdf-4.4.0/build/CMakeFiles/CheckTypeSize/SIZEOF_OFF64_T.c:17:22: note: expanded from macro 'SIZE'
#define SIZE (sizeof(off64_t))
                     ^
/Users/tjcorona/Development/Software/Albany/Dependencies/netcdf-4.4.0/build/CMakeFiles/CheckTypeSize/SIZEOF_OFF64_T.c:22:12: error: use of undeclared identifier 'off64_t'
  ('0' + ((SIZE / 10)%10)),
           ^
/Users/tjcorona/Development/Software/Albany/Dependencies/netcdf-4.4.0/build/CMakeFiles/CheckTypeSize/SIZEOF_OFF64_T.c:17:22: note: expanded from macro 'SIZE'
#define SIZE (sizeof(off64_t))
                     ^
/Users/tjcorona/Development/Software/Albany/Dependencies/netcdf-4.4.0/build/CMakeFiles/CheckTypeSize/SIZEOF_OFF64_T.c:23:12: error: use of undeclared identifier 'off64_t'
  ('0' +  (SIZE    % 10)),
           ^
/Users/tjcorona/Development/Software/Albany/Dependencies/netcdf-4.4.0/build/CMakeFiles/CheckTypeSize/SIZEOF_OFF64_T.c:17:22: note: expanded from macro 'SIZE'
#define SIZE (sizeof(off64_t))
                     ^
5 errors generated.
make[1]: *** [CMakeFiles/cmTC_67a6f.dir/SIZEOF_OFF64_T.c.o] Error 1
make: *** [cmTC_67a6f/fast] Error 2

/Users/tjcorona/Development/Software/Albany/Dependencies/netcdf-4.4.0/build/CMakeFiles/CheckTypeSize/SIZEOF_OFF64_T.c:
#include <sys/types.h>
#include <stdint.h>
#include <stddef.h>


#undef KEY
#if defined(__i386)
# define KEY '_','_','i','3','8','6'
#elif defined(__x86_64)
# define KEY '_','_','x','8','6','_','6','4'
#elif defined(__ppc__)
# define KEY '_','_','p','p','c','_','_'
#elif defined(__ppc64__)
# define KEY '_','_','p','p','c','6','4','_','_'
#endif

#define SIZE (sizeof(off64_t))
char info_size[] =  {'I', 'N', 'F', 'O', ':', 's','i','z','e','[',
  ('0' + ((SIZE / 10000)%10)),
  ('0' + ((SIZE / 1000)%10)),
  ('0' + ((SIZE / 100)%10)),
  ('0' + ((SIZE / 10)%10)),
  ('0' +  (SIZE    % 10)),
  ']',
#ifdef KEY
  ' ','k','e','y','[', KEY, ']',
#endif
  '\0'};

#ifdef __CLASSIC_C__
int main(argc, argv) int argc; char *argv[];
#else
int main(int argc, char *argv[])
#endif
{
  int require = 0;
  require += info_size[argc];
  (void)argv;
  return require;
}


Determining size of __int64 failed with the following output:
Change Dir: /Users/tjcorona/Development/Software/Albany/Dependencies/netcdf-4.4.0/build/CMakeFiles/CMakeTmp

Run Build Command:"/usr/bin/make" "cmTC_fbc0b/fast"
/Applications/Xcode.app/Contents/Developer/usr/bin/make -f CMakeFiles/cmTC_fbc0b.dir/build.make CMakeFiles/cmTC_fbc0b.dir/build
Building C object CMakeFiles/cmTC_fbc0b.dir/SIZEOF___INT_64.c.o
/usr/local/bin/mpicc   -I/Users/tjcorona/Development/Software/Albany/Dependencies/netcdf-4.4.0/libsrc  -I/Users/tjcorona/Development/Software/Albany/install/include -O3 -fPIC  -isysroot /Applications/Xcode.app/Contents/Developer/Platforms/MacOSX.platform/Developer/SDKs/MacOSX10.11.sdk -fPIE   -o CMakeFiles/cmTC_fbc0b.dir/SIZEOF___INT_64.c.o   -c /Users/tjcorona/Development/Software/Albany/Dependencies/netcdf-4.4.0/build/CMakeFiles/CheckTypeSize/SIZEOF___INT_64.c
/Users/tjcorona/Development/Software/Albany/Dependencies/netcdf-4.4.0/build/CMakeFiles/CheckTypeSize/SIZEOF___INT_64.c:19:12: error: use of undeclared identifier '__int64'
  ('0' + ((SIZE / 10000)%10)),
           ^
/Users/tjcorona/Development/Software/Albany/Dependencies/netcdf-4.4.0/build/CMakeFiles/CheckTypeSize/SIZEOF___INT_64.c:17:22: note: expanded from macro 'SIZE'
#define SIZE (sizeof(__int64))
                     ^
/Users/tjcorona/Development/Software/Albany/Dependencies/netcdf-4.4.0/build/CMakeFiles/CheckTypeSize/SIZEOF___INT_64.c:20:12: error: use of undeclared identifier '__int64'
  ('0' + ((SIZE / 1000)%10)),
           ^
/Users/tjcorona/Development/Software/Albany/Dependencies/netcdf-4.4.0/build/CMakeFiles/CheckTypeSize/SIZEOF___INT_64.c:17:22: note: expanded from macro 'SIZE'
#define SIZE (sizeof(__int64))
                     ^
/Users/tjcorona/Development/Software/Albany/Dependencies/netcdf-4.4.0/build/CMakeFiles/CheckTypeSize/SIZEOF___INT_64.c:21:12: error: use of undeclared identifier '__int64'
  ('0' + ((SIZE / 100)%10)),
           ^
/Users/tjcorona/Development/Software/Albany/Dependencies/netcdf-4.4.0/build/CMakeFiles/CheckTypeSize/SIZEOF___INT_64.c:17:22: note: expanded from macro 'SIZE'
#define SIZE (sizeof(__int64))
                     ^
/Users/tjcorona/Development/Software/Albany/Dependencies/netcdf-4.4.0/build/CMakeFiles/CheckTypeSize/SIZEOF___INT_64.c:22:12: error: use of undeclared identifier '__int64'
  ('0' + ((SIZE / 10)%10)),
           ^
/Users/tjcorona/Development/Software/Albany/Dependencies/netcdf-4.4.0/build/CMakeFiles/CheckTypeSize/SIZEOF___INT_64.c:17:22: note: expanded from macro 'SIZE'
#define SIZE (sizeof(__int64))
                     ^
/Users/tjcorona/Development/Software/Albany/Dependencies/netcdf-4.4.0/build/CMakeFiles/CheckTypeSize/SIZEOF___INT_64.c:23:12: error: use of undeclared identifier '__int64'
  ('0' +  (SIZE    % 10)),
           ^
/Users/tjcorona/Development/Software/Albany/Dependencies/netcdf-4.4.0/build/CMakeFiles/CheckTypeSize/SIZEOF___INT_64.c:17:22: note: expanded from macro 'SIZE'
#define SIZE (sizeof(__int64))
                     ^
5 errors generated.
make[1]: *** [CMakeFiles/cmTC_fbc0b.dir/SIZEOF___INT_64.c.o] Error 1
make: *** [cmTC_fbc0b/fast] Error 2

/Users/tjcorona/Development/Software/Albany/Dependencies/netcdf-4.4.0/build/CMakeFiles/CheckTypeSize/SIZEOF___INT_64.c:
#include <sys/types.h>
#include <stdint.h>
#include <stddef.h>


#undef KEY
#if defined(__i386)
# define KEY '_','_','i','3','8','6'
#elif defined(__x86_64)
# define KEY '_','_','x','8','6','_','6','4'
#elif defined(__ppc__)
# define KEY '_','_','p','p','c','_','_'
#elif defined(__ppc64__)
# define KEY '_','_','p','p','c','6','4','_','_'
#endif

#define SIZE (sizeof(__int64))
char info_size[] =  {'I', 'N', 'F', 'O', ':', 's','i','z','e','[',
  ('0' + ((SIZE / 10000)%10)),
  ('0' + ((SIZE / 1000)%10)),
  ('0' + ((SIZE / 100)%10)),
  ('0' + ((SIZE / 10)%10)),
  ('0' +  (SIZE    % 10)),
  ']',
#ifdef KEY
  ' ','k','e','y','[', KEY, ']',
#endif
  '\0'};

#ifdef __CLASSIC_C__
int main(argc, argv) int argc; char *argv[];
#else
int main(int argc, char *argv[])
#endif
{
  int require = 0;
  require += info_size[argc];
  (void)argv;
  return require;
}


Determining size of uchar failed with the following output:
Change Dir: /Users/tjcorona/Development/Software/Albany/Dependencies/netcdf-4.4.0/build/CMakeFiles/CMakeTmp

Run Build Command:"/usr/bin/make" "cmTC_0b59d/fast"
/Applications/Xcode.app/Contents/Developer/usr/bin/make -f CMakeFiles/cmTC_0b59d.dir/build.make CMakeFiles/cmTC_0b59d.dir/build
Building C object CMakeFiles/cmTC_0b59d.dir/SIZEOF_UCHAR.c.o
/usr/local/bin/mpicc   -I/Users/tjcorona/Development/Software/Albany/Dependencies/netcdf-4.4.0/libsrc  -I/Users/tjcorona/Development/Software/Albany/install/include -O3 -fPIC  -isysroot /Applications/Xcode.app/Contents/Developer/Platforms/MacOSX.platform/Developer/SDKs/MacOSX10.11.sdk -fPIE   -o CMakeFiles/cmTC_0b59d.dir/SIZEOF_UCHAR.c.o   -c /Users/tjcorona/Development/Software/Albany/Dependencies/netcdf-4.4.0/build/CMakeFiles/CheckTypeSize/SIZEOF_UCHAR.c
/Users/tjcorona/Development/Software/Albany/Dependencies/netcdf-4.4.0/build/CMakeFiles/CheckTypeSize/SIZEOF_UCHAR.c:19:12: error: use of undeclared identifier 'uchar'
  ('0' + ((SIZE / 10000)%10)),
           ^
/Users/tjcorona/Development/Software/Albany/Dependencies/netcdf-4.4.0/build/CMakeFiles/CheckTypeSize/SIZEOF_UCHAR.c:17:22: note: expanded from macro 'SIZE'
#define SIZE (sizeof(uchar))
                     ^
/Users/tjcorona/Development/Software/Albany/Dependencies/netcdf-4.4.0/build/CMakeFiles/CheckTypeSize/SIZEOF_UCHAR.c:20:12: error: use of undeclared identifier 'uchar'
  ('0' + ((SIZE / 1000)%10)),
           ^
/Users/tjcorona/Development/Software/Albany/Dependencies/netcdf-4.4.0/build/CMakeFiles/CheckTypeSize/SIZEOF_UCHAR.c:17:22: note: expanded from macro 'SIZE'
#define SIZE (sizeof(uchar))
                     ^
/Users/tjcorona/Development/Software/Albany/Dependencies/netcdf-4.4.0/build/CMakeFiles/CheckTypeSize/SIZEOF_UCHAR.c:21:12: error: use of undeclared identifier 'uchar'
  ('0' + ((SIZE / 100)%10)),
           ^
/Users/tjcorona/Development/Software/Albany/Dependencies/netcdf-4.4.0/build/CMakeFiles/CheckTypeSize/SIZEOF_UCHAR.c:17:22: note: expanded from macro 'SIZE'
#define SIZE (sizeof(uchar))
                     ^
/Users/tjcorona/Development/Software/Albany/Dependencies/netcdf-4.4.0/build/CMakeFiles/CheckTypeSize/SIZEOF_UCHAR.c:22:12: error: use of undeclared identifier 'uchar'
  ('0' + ((SIZE / 10)%10)),
           ^
/Users/tjcorona/Development/Software/Albany/Dependencies/netcdf-4.4.0/build/CMakeFiles/CheckTypeSize/SIZEOF_UCHAR.c:17:22: note: expanded from macro 'SIZE'
#define SIZE (sizeof(uchar))
                     ^
/Users/tjcorona/Development/Software/Albany/Dependencies/netcdf-4.4.0/build/CMakeFiles/CheckTypeSize/SIZEOF_UCHAR.c:23:12: error: use of undeclared identifier 'uchar'
  ('0' +  (SIZE    % 10)),
           ^
/Users/tjcorona/Development/Software/Albany/Dependencies/netcdf-4.4.0/build/CMakeFiles/CheckTypeSize/SIZEOF_UCHAR.c:17:22: note: expanded from macro 'SIZE'
#define SIZE (sizeof(uchar))
                     ^
5 errors generated.
make[1]: *** [CMakeFiles/cmTC_0b59d.dir/SIZEOF_UCHAR.c.o] Error 1
make: *** [cmTC_0b59d/fast] Error 2

/Users/tjcorona/Development/Software/Albany/Dependencies/netcdf-4.4.0/build/CMakeFiles/CheckTypeSize/SIZEOF_UCHAR.c:
#include <sys/types.h>
#include <stdint.h>
#include <stddef.h>


#undef KEY
#if defined(__i386)
# define KEY '_','_','i','3','8','6'
#elif defined(__x86_64)
# define KEY '_','_','x','8','6','_','6','4'
#elif defined(__ppc__)
# define KEY '_','_','p','p','c','_','_'
#elif defined(__ppc64__)
# define KEY '_','_','p','p','c','6','4','_','_'
#endif

#define SIZE (sizeof(uchar))
char info_size[] =  {'I', 'N', 'F', 'O', ':', 's','i','z','e','[',
  ('0' + ((SIZE / 10000)%10)),
  ('0' + ((SIZE / 1000)%10)),
  ('0' + ((SIZE / 100)%10)),
  ('0' + ((SIZE / 10)%10)),
  ('0' +  (SIZE    % 10)),
  ']',
#ifdef KEY
  ' ','k','e','y','[', KEY, ']',
#endif
  '\0'};

#ifdef __CLASSIC_C__
int main(argc, argv) int argc; char *argv[];
#else
int main(int argc, char *argv[])
#endif
{
  int require = 0;
  require += info_size[argc];
  (void)argv;
  return require;
}


Determining if the function MPI_Comm_f2C exists failed with the following output:
Change Dir: /Users/tjcorona/Development/Software/Albany/Dependencies/netcdf-4.4.0/build/CMakeFiles/CMakeTmp

Run Build Command:"/usr/bin/make" "cmTC_ed510/fast"
/Applications/Xcode.app/Contents/Developer/usr/bin/make -f CMakeFiles/cmTC_ed510.dir/build.make CMakeFiles/cmTC_ed510.dir/build
Building C object CMakeFiles/cmTC_ed510.dir/CheckFunctionExists.c.o
/usr/local/bin/mpicc   -I/Users/tjcorona/Development/Software/Albany/Dependencies/netcdf-4.4.0/libsrc  -I/Users/tjcorona/Development/Software/Albany/install/include -O3 -fPIC -DCHECK_FUNCTION_EXISTS=MPI_Comm_f2C -isysroot /Applications/Xcode.app/Contents/Developer/Platforms/MacOSX.platform/Developer/SDKs/MacOSX10.11.sdk -fPIE   -o CMakeFiles/cmTC_ed510.dir/CheckFunctionExists.c.o   -c /usr/local/Cellar/cmake/3.4.3/share/cmake/Modules/CheckFunctionExists.c
Linking C executable cmTC_ed510
/usr/local/Cellar/cmake/3.4.3/bin/cmake -E cmake_link_script CMakeFiles/cmTC_ed510.dir/link.txt --verbose=1
/usr/local/bin/mpicc  -I/Users/tjcorona/Development/Software/Albany/install/include -O3 -fPIC -DCHECK_FUNCTION_EXISTS=MPI_Comm_f2C -isysroot /Applications/Xcode.app/Contents/Developer/Platforms/MacOSX.platform/Developer/SDKs/MacOSX10.11.sdk -Wl,-search_paths_first -Wl,-headerpad_max_install_names   CMakeFiles/cmTC_ed510.dir/CheckFunctionExists.c.o  -o cmTC_ed510  
Undefined symbols for architecture x86_64:
  "_MPI_Comm_f2C", referenced from:
      _main in CheckFunctionExists.c.o
ld: symbol(s) not found for architecture x86_64
clang: error: linker command failed with exit code 1 (use -v to see invocation)
make[1]: *** [cmTC_ed510] Error 1
make: *** [cmTC_ed510/fast] Error 2


Determining if the function _filelengthi64 exists failed with the following output:
Change Dir: /Users/tjcorona/Development/Software/Albany/Dependencies/netcdf-4.4.0/build/CMakeFiles/CMakeTmp

Run Build Command:"/usr/bin/make" "cmTC_91537/fast"
/Applications/Xcode.app/Contents/Developer/usr/bin/make -f CMakeFiles/cmTC_91537.dir/build.make CMakeFiles/cmTC_91537.dir/build
Building C object CMakeFiles/cmTC_91537.dir/CheckFunctionExists.c.o
/usr/local/bin/mpicc   -I/Users/tjcorona/Development/Software/Albany/Dependencies/netcdf-4.4.0/libsrc  -I/Users/tjcorona/Development/Software/Albany/install/include -O3 -fPIC -DCHECK_FUNCTION_EXISTS=_filelengthi64 -isysroot /Applications/Xcode.app/Contents/Developer/Platforms/MacOSX.platform/Developer/SDKs/MacOSX10.11.sdk -fPIE   -o CMakeFiles/cmTC_91537.dir/CheckFunctionExists.c.o   -c /usr/local/Cellar/cmake/3.4.3/share/cmake/Modules/CheckFunctionExists.c
Linking C executable cmTC_91537
/usr/local/Cellar/cmake/3.4.3/bin/cmake -E cmake_link_script CMakeFiles/cmTC_91537.dir/link.txt --verbose=1
/usr/local/bin/mpicc  -I/Users/tjcorona/Development/Software/Albany/install/include -O3 -fPIC -DCHECK_FUNCTION_EXISTS=_filelengthi64 -isysroot /Applications/Xcode.app/Contents/Developer/Platforms/MacOSX.platform/Developer/SDKs/MacOSX10.11.sdk -Wl,-search_paths_first -Wl,-headerpad_max_install_names   CMakeFiles/cmTC_91537.dir/CheckFunctionExists.c.o  -o cmTC_91537  
Undefined symbols for architecture x86_64:
  "__filelengthi64", referenced from:
      _main in CheckFunctionExists.c.o
ld: symbol(s) not found for architecture x86_64
clang: error: linker command failed with exit code 1 (use -v to see invocation)
make[1]: *** [cmTC_91537] Error 1
make: *** [cmTC_91537/fast] Error 2


