Determining if the function WSAStartup exists in the ws2_32;m;dl failed with the following output:
Change Dir: /Users/tjcorona/Development/Software/Albany/Dependencies/hdf5-1.8.16/build/CMakeFiles/CMakeTmp

Run Build Command:"/usr/bin/make" "cmTC_e2fae/fast"
/Applications/Xcode.app/Contents/Developer/usr/bin/make -f CMakeFiles/cmTC_e2fae.dir/build.make CMakeFiles/cmTC_e2fae.dir/build
Building C object CMakeFiles/cmTC_e2fae.dir/CheckFunctionExists.c.o
/Applications/Xcode.app/Contents/Developer/Toolchains/XcodeDefault.xctoolchain/usr/bin/cc    -DCHECK_FUNCTION_EXISTS=WSAStartup   -o CMakeFiles/cmTC_e2fae.dir/CheckFunctionExists.c.o   -c /usr/local/Cellar/cmake/3.6.0_1/share/cmake/Modules/CheckFunctionExists.c
Linking C executable cmTC_e2fae
/usr/local/Cellar/cmake/3.6.0_1/bin/cmake -E cmake_link_script CMakeFiles/cmTC_e2fae.dir/link.txt --verbose=1
/Applications/Xcode.app/Contents/Developer/Toolchains/XcodeDefault.xctoolchain/usr/bin/cc   -DCHECK_FUNCTION_EXISTS=WSAStartup -Wl,-search_paths_first -Wl,-headerpad_max_install_names   CMakeFiles/cmTC_e2fae.dir/CheckFunctionExists.c.o  -o cmTC_e2fae  -lws2_32 -lm -ldl 
ld: library not found for -lws2_32
clang: error: linker command failed with exit code 1 (use -v to see invocation)
make[1]: *** [cmTC_e2fae] Error 1
make: *** [cmTC_e2fae/fast] Error 2


Determining if the function gethostbyname exists in the wsock32;m;dl failed with the following output:
Change Dir: /Users/tjcorona/Development/Software/Albany/Dependencies/hdf5-1.8.16/build/CMakeFiles/CMakeTmp

Run Build Command:"/usr/bin/make" "cmTC_00132/fast"
/Applications/Xcode.app/Contents/Developer/usr/bin/make -f CMakeFiles/cmTC_00132.dir/build.make CMakeFiles/cmTC_00132.dir/build
Building C object CMakeFiles/cmTC_00132.dir/CheckFunctionExists.c.o
/Applications/Xcode.app/Contents/Developer/Toolchains/XcodeDefault.xctoolchain/usr/bin/cc    -DCHECK_FUNCTION_EXISTS=gethostbyname   -o CMakeFiles/cmTC_00132.dir/CheckFunctionExists.c.o   -c /usr/local/Cellar/cmake/3.6.0_1/share/cmake/Modules/CheckFunctionExists.c
Linking C executable cmTC_00132
/usr/local/Cellar/cmake/3.6.0_1/bin/cmake -E cmake_link_script CMakeFiles/cmTC_00132.dir/link.txt --verbose=1
/Applications/Xcode.app/Contents/Developer/Toolchains/XcodeDefault.xctoolchain/usr/bin/cc   -DCHECK_FUNCTION_EXISTS=gethostbyname -Wl,-search_paths_first -Wl,-headerpad_max_install_names   CMakeFiles/cmTC_00132.dir/CheckFunctionExists.c.o  -o cmTC_00132  -lwsock32 -lm -ldl 
ld: library not found for -lwsock32
clang: error: linker command failed with exit code 1 (use -v to see invocation)
make[1]: *** [cmTC_00132] Error 1
make: *** [cmTC_00132/fast] Error 2


Determining if the function gethostname exists in the ucb;m;dl failed with the following output:
Change Dir: /Users/tjcorona/Development/Software/Albany/Dependencies/hdf5-1.8.16/build/CMakeFiles/CMakeTmp

Run Build Command:"/usr/bin/make" "cmTC_91d51/fast"
/Applications/Xcode.app/Contents/Developer/usr/bin/make -f CMakeFiles/cmTC_91d51.dir/build.make CMakeFiles/cmTC_91d51.dir/build
Building C object CMakeFiles/cmTC_91d51.dir/CheckFunctionExists.c.o
/Applications/Xcode.app/Contents/Developer/Toolchains/XcodeDefault.xctoolchain/usr/bin/cc    -DCHECK_FUNCTION_EXISTS=gethostname   -o CMakeFiles/cmTC_91d51.dir/CheckFunctionExists.c.o   -c /usr/local/Cellar/cmake/3.6.0_1/share/cmake/Modules/CheckFunctionExists.c
Linking C executable cmTC_91d51
/usr/local/Cellar/cmake/3.6.0_1/bin/cmake -E cmake_link_script CMakeFiles/cmTC_91d51.dir/link.txt --verbose=1
/Applications/Xcode.app/Contents/Developer/Toolchains/XcodeDefault.xctoolchain/usr/bin/cc   -DCHECK_FUNCTION_EXISTS=gethostname -Wl,-search_paths_first -Wl,-headerpad_max_install_names   CMakeFiles/cmTC_91d51.dir/CheckFunctionExists.c.o  -o cmTC_91d51  -lucb -lm -ldl 
ld: library not found for -lucb
clang: error: linker command failed with exit code 1 (use -v to see invocation)
make[1]: *** [cmTC_91d51] Error 1
make: *** [cmTC_91d51/fast] Error 2


Determining if files sys/resource.h;sys/time.h;unistd.h;sys/ioctl.h;sys/stat.h;sys/socket.h;sys/types.h;stddef.h;setjmp.h;features.h exist failed with the following output:
Change Dir: /Users/tjcorona/Development/Software/Albany/Dependencies/hdf5-1.8.16/build/CMakeFiles/CMakeTmp

Run Build Command:"/usr/bin/make" "cmTC_e8d8c/fast"
/Applications/Xcode.app/Contents/Developer/usr/bin/make -f CMakeFiles/cmTC_e8d8c.dir/build.make CMakeFiles/cmTC_e8d8c.dir/build
Building C object CMakeFiles/cmTC_e8d8c.dir/CheckIncludeFiles.c.o
/Applications/Xcode.app/Contents/Developer/Toolchains/XcodeDefault.xctoolchain/usr/bin/cc     -o CMakeFiles/cmTC_e8d8c.dir/CheckIncludeFiles.c.o   -c /Users/tjcorona/Development/Software/Albany/Dependencies/hdf5-1.8.16/build/CMakeFiles/CMakeTmp/CheckIncludeFiles.c
/Users/tjcorona/Development/Software/Albany/Dependencies/hdf5-1.8.16/build/CMakeFiles/CMakeTmp/CheckIncludeFiles.c:11:10: fatal error: 'features.h' file not found
#include <features.h>
         ^
1 error generated.
make[1]: *** [CMakeFiles/cmTC_e8d8c.dir/CheckIncludeFiles.c.o] Error 1
make: *** [cmTC_e8d8c/fast] Error 2

Source:
/* */
#include <sys/resource.h>
#include <sys/time.h>
#include <unistd.h>
#include <sys/ioctl.h>
#include <sys/stat.h>
#include <sys/socket.h>
#include <sys/types.h>
#include <stddef.h>
#include <setjmp.h>
#include <features.h>


int main(void){return 0;}

Determining if files sys/resource.h;sys/time.h;unistd.h;sys/ioctl.h;sys/stat.h;sys/socket.h;sys/types.h;stddef.h;setjmp.h;dirent.h;stdint.h;mach/mach_time.h;io.h exist failed with the following output:
Change Dir: /Users/tjcorona/Development/Software/Albany/Dependencies/hdf5-1.8.16/build/CMakeFiles/CMakeTmp

Run Build Command:"/usr/bin/make" "cmTC_8a250/fast"
/Applications/Xcode.app/Contents/Developer/usr/bin/make -f CMakeFiles/cmTC_8a250.dir/build.make CMakeFiles/cmTC_8a250.dir/build
Building C object CMakeFiles/cmTC_8a250.dir/CheckIncludeFiles.c.o
/Applications/Xcode.app/Contents/Developer/Toolchains/XcodeDefault.xctoolchain/usr/bin/cc     -o CMakeFiles/cmTC_8a250.dir/CheckIncludeFiles.c.o   -c /Users/tjcorona/Development/Software/Albany/Dependencies/hdf5-1.8.16/build/CMakeFiles/CMakeTmp/CheckIncludeFiles.c
/Users/tjcorona/Development/Software/Albany/Dependencies/hdf5-1.8.16/build/CMakeFiles/CMakeTmp/CheckIncludeFiles.c:14:10: fatal error: 'io.h' file not found
#include <io.h>
         ^
1 error generated.
make[1]: *** [CMakeFiles/cmTC_8a250.dir/CheckIncludeFiles.c.o] Error 1
make: *** [cmTC_8a250/fast] Error 2

Source:
/* */
#include <sys/resource.h>
#include <sys/time.h>
#include <unistd.h>
#include <sys/ioctl.h>
#include <sys/stat.h>
#include <sys/socket.h>
#include <sys/types.h>
#include <stddef.h>
#include <setjmp.h>
#include <dirent.h>
#include <stdint.h>
#include <mach/mach_time.h>
#include <io.h>


int main(void){return 0;}

Determining if files sys/resource.h;sys/time.h;unistd.h;sys/ioctl.h;sys/stat.h;sys/socket.h;sys/types.h;stddef.h;setjmp.h;dirent.h;stdint.h;mach/mach_time.h;winsock2.h exist failed with the following output:
Change Dir: /Users/tjcorona/Development/Software/Albany/Dependencies/hdf5-1.8.16/build/CMakeFiles/CMakeTmp

Run Build Command:"/usr/bin/make" "cmTC_63a3b/fast"
/Applications/Xcode.app/Contents/Developer/usr/bin/make -f CMakeFiles/cmTC_63a3b.dir/build.make CMakeFiles/cmTC_63a3b.dir/build
Building C object CMakeFiles/cmTC_63a3b.dir/CheckIncludeFiles.c.o
/Applications/Xcode.app/Contents/Developer/Toolchains/XcodeDefault.xctoolchain/usr/bin/cc     -o CMakeFiles/cmTC_63a3b.dir/CheckIncludeFiles.c.o   -c /Users/tjcorona/Development/Software/Albany/Dependencies/hdf5-1.8.16/build/CMakeFiles/CMakeTmp/CheckIncludeFiles.c
/Users/tjcorona/Development/Software/Albany/Dependencies/hdf5-1.8.16/build/CMakeFiles/CMakeTmp/CheckIncludeFiles.c:14:10: fatal error: 'winsock2.h' file not found
#include <winsock2.h>
         ^
1 error generated.
make[1]: *** [CMakeFiles/cmTC_63a3b.dir/CheckIncludeFiles.c.o] Error 1
make: *** [cmTC_63a3b/fast] Error 2

Source:
/* */
#include <sys/resource.h>
#include <sys/time.h>
#include <unistd.h>
#include <sys/ioctl.h>
#include <sys/stat.h>
#include <sys/socket.h>
#include <sys/types.h>
#include <stddef.h>
#include <setjmp.h>
#include <dirent.h>
#include <stdint.h>
#include <mach/mach_time.h>
#include <winsock2.h>


int main(void){return 0;}

Determining if files sys/resource.h;sys/time.h;unistd.h;sys/ioctl.h;sys/stat.h;sys/socket.h;sys/types.h;stddef.h;setjmp.h;dirent.h;stdint.h;mach/mach_time.h;sys/timeb.h;globus/common.h exist failed with the following output:
Change Dir: /Users/tjcorona/Development/Software/Albany/Dependencies/hdf5-1.8.16/build/CMakeFiles/CMakeTmp

Run Build Command:"/usr/bin/make" "cmTC_402a9/fast"
/Applications/Xcode.app/Contents/Developer/usr/bin/make -f CMakeFiles/cmTC_402a9.dir/build.make CMakeFiles/cmTC_402a9.dir/build
Building C object CMakeFiles/cmTC_402a9.dir/CheckIncludeFiles.c.o
/Applications/Xcode.app/Contents/Developer/Toolchains/XcodeDefault.xctoolchain/usr/bin/cc     -o CMakeFiles/cmTC_402a9.dir/CheckIncludeFiles.c.o   -c /Users/tjcorona/Development/Software/Albany/Dependencies/hdf5-1.8.16/build/CMakeFiles/CMakeTmp/CheckIncludeFiles.c
/Users/tjcorona/Development/Software/Albany/Dependencies/hdf5-1.8.16/build/CMakeFiles/CMakeTmp/CheckIncludeFiles.c:15:10: fatal error: 'globus/common.h' file not found
#include <globus/common.h>
         ^
1 error generated.
make[1]: *** [CMakeFiles/cmTC_402a9.dir/CheckIncludeFiles.c.o] Error 1
make: *** [cmTC_402a9/fast] Error 2

Source:
/* */
#include <sys/resource.h>
#include <sys/time.h>
#include <unistd.h>
#include <sys/ioctl.h>
#include <sys/stat.h>
#include <sys/socket.h>
#include <sys/types.h>
#include <stddef.h>
#include <setjmp.h>
#include <dirent.h>
#include <stdint.h>
#include <mach/mach_time.h>
#include <sys/timeb.h>
#include <globus/common.h>


int main(void){return 0;}

Determining if files sys/resource.h;sys/time.h;unistd.h;sys/ioctl.h;sys/stat.h;sys/socket.h;sys/types.h;stddef.h;setjmp.h;dirent.h;stdint.h;mach/mach_time.h;sys/timeb.h;pdb.h exist failed with the following output:
Change Dir: /Users/tjcorona/Development/Software/Albany/Dependencies/hdf5-1.8.16/build/CMakeFiles/CMakeTmp

Run Build Command:"/usr/bin/make" "cmTC_87858/fast"
/Applications/Xcode.app/Contents/Developer/usr/bin/make -f CMakeFiles/cmTC_87858.dir/build.make CMakeFiles/cmTC_87858.dir/build
Building C object CMakeFiles/cmTC_87858.dir/CheckIncludeFiles.c.o
/Applications/Xcode.app/Contents/Developer/Toolchains/XcodeDefault.xctoolchain/usr/bin/cc     -o CMakeFiles/cmTC_87858.dir/CheckIncludeFiles.c.o   -c /Users/tjcorona/Development/Software/Albany/Dependencies/hdf5-1.8.16/build/CMakeFiles/CMakeTmp/CheckIncludeFiles.c
/Users/tjcorona/Development/Software/Albany/Dependencies/hdf5-1.8.16/build/CMakeFiles/CMakeTmp/CheckIncludeFiles.c:15:10: fatal error: 'pdb.h' file not found
#include <pdb.h>
         ^
1 error generated.
make[1]: *** [CMakeFiles/cmTC_87858.dir/CheckIncludeFiles.c.o] Error 1
make: *** [cmTC_87858/fast] Error 2

Source:
/* */
#include <sys/resource.h>
#include <sys/time.h>
#include <unistd.h>
#include <sys/ioctl.h>
#include <sys/stat.h>
#include <sys/socket.h>
#include <sys/types.h>
#include <stddef.h>
#include <setjmp.h>
#include <dirent.h>
#include <stdint.h>
#include <mach/mach_time.h>
#include <sys/timeb.h>
#include <pdb.h>


int main(void){return 0;}

Determining if files sys/resource.h;sys/time.h;unistd.h;sys/ioctl.h;sys/stat.h;sys/socket.h;sys/types.h;stddef.h;setjmp.h;dirent.h;stdint.h;mach/mach_time.h;sys/timeb.h;pthread.h;srbclient.h exist failed with the following output:
Change Dir: /Users/tjcorona/Development/Software/Albany/Dependencies/hdf5-1.8.16/build/CMakeFiles/CMakeTmp

Run Build Command:"/usr/bin/make" "cmTC_59a47/fast"
/Applications/Xcode.app/Contents/Developer/usr/bin/make -f CMakeFiles/cmTC_59a47.dir/build.make CMakeFiles/cmTC_59a47.dir/build
Building C object CMakeFiles/cmTC_59a47.dir/CheckIncludeFiles.c.o
/Applications/Xcode.app/Contents/Developer/Toolchains/XcodeDefault.xctoolchain/usr/bin/cc     -o CMakeFiles/cmTC_59a47.dir/CheckIncludeFiles.c.o   -c /Users/tjcorona/Development/Software/Albany/Dependencies/hdf5-1.8.16/build/CMakeFiles/CMakeTmp/CheckIncludeFiles.c
/Users/tjcorona/Development/Software/Albany/Dependencies/hdf5-1.8.16/build/CMakeFiles/CMakeTmp/CheckIncludeFiles.c:16:10: fatal error: 'srbclient.h' file not found
#include <srbclient.h>
         ^
1 error generated.
make[1]: *** [CMakeFiles/cmTC_59a47.dir/CheckIncludeFiles.c.o] Error 1
make: *** [cmTC_59a47/fast] Error 2

Source:
/* */
#include <sys/resource.h>
#include <sys/time.h>
#include <unistd.h>
#include <sys/ioctl.h>
#include <sys/stat.h>
#include <sys/socket.h>
#include <sys/types.h>
#include <stddef.h>
#include <setjmp.h>
#include <dirent.h>
#include <stdint.h>
#include <mach/mach_time.h>
#include <sys/timeb.h>
#include <pthread.h>
#include <srbclient.h>


int main(void){return 0;}

Performing Other Test HAVE_OFF64_T failed with the following output:
Change Dir: /Users/tjcorona/Development/Software/Albany/Dependencies/hdf5-1.8.16/build/CMakeFiles/CMakeTmp

Run Build Command:"/usr/bin/make" "cmTC_02871/fast"
/Applications/Xcode.app/Contents/Developer/usr/bin/make -f CMakeFiles/cmTC_02871.dir/build.make CMakeFiles/cmTC_02871.dir/build
Building C object CMakeFiles/cmTC_02871.dir/HDFTests.c.o
/Applications/Xcode.app/Contents/Developer/Toolchains/XcodeDefault.xctoolchain/usr/bin/cc    -DHAVE_OFF64_T  -DHAVE_SYS_TIME_H -DHAVE_UNISTD_H -DHAVE_SYS_TYPES_H -DHAVE_SYS_SOCKET_H -D_FILE_OFFSET_BITS=64 -D_LARGEFILE64_SOURCE -D_LARGEFILE_SOURCE   -o CMakeFiles/cmTC_02871.dir/HDFTests.c.o   -c /Users/tjcorona/Development/Software/Albany/Dependencies/hdf5-1.8.16/config/cmake_ext_mod/HDFTests.c
/Users/tjcorona/Development/Software/Albany/Dependencies/hdf5-1.8.16/config/cmake_ext_mod/HDFTests.c:292:3: error: unknown type name 'off64_t'; did you mean 'off_t'?
  off64_t n = 0;
  ^~~~~~~
  off_t
/usr/include/sys/_types/_off_t.h:30:25: note: 'off_t' declared here
typedef __darwin_off_t          off_t;
                                ^
1 error generated.
make[1]: *** [CMakeFiles/cmTC_02871.dir/HDFTests.c.o] Error 1
make: *** [cmTC_02871/fast] Error 2

Determining size of __int64 failed with the following output:
Change Dir: /Users/tjcorona/Development/Software/Albany/Dependencies/hdf5-1.8.16/build/CMakeFiles/CMakeTmp

Run Build Command:"/usr/bin/make" "cmTC_5fa1a/fast"
/Applications/Xcode.app/Contents/Developer/usr/bin/make -f CMakeFiles/cmTC_5fa1a.dir/build.make CMakeFiles/cmTC_5fa1a.dir/build
Building C object CMakeFiles/cmTC_5fa1a.dir/H5_SIZEOF___INT64.c.o
/Applications/Xcode.app/Contents/Developer/Toolchains/XcodeDefault.xctoolchain/usr/bin/cc  -D_BSD_SOURCE -D_FILE_OFFSET_BITS=64 -D_LARGEFILE64_SOURCE -D_LARGEFILE_SOURCE   -o CMakeFiles/cmTC_5fa1a.dir/H5_SIZEOF___INT64.c.o   -c /Users/tjcorona/Development/Software/Albany/Dependencies/hdf5-1.8.16/build/CMakeFiles/CheckTypeSize/H5_SIZEOF___INT64.c
/Users/tjcorona/Development/Software/Albany/Dependencies/hdf5-1.8.16/build/CMakeFiles/CheckTypeSize/H5_SIZEOF___INT64.c:19:12: error: use of undeclared identifier '__int64'
  ('0' + ((SIZE / 10000)%10)),
           ^
/Users/tjcorona/Development/Software/Albany/Dependencies/hdf5-1.8.16/build/CMakeFiles/CheckTypeSize/H5_SIZEOF___INT64.c:17:22: note: expanded from macro 'SIZE'
#define SIZE (sizeof(__int64))
                     ^
/Users/tjcorona/Development/Software/Albany/Dependencies/hdf5-1.8.16/build/CMakeFiles/CheckTypeSize/H5_SIZEOF___INT64.c:20:12: error: use of undeclared identifier '__int64'
  ('0' + ((SIZE / 1000)%10)),
           ^
/Users/tjcorona/Development/Software/Albany/Dependencies/hdf5-1.8.16/build/CMakeFiles/CheckTypeSize/H5_SIZEOF___INT64.c:17:22: note: expanded from macro 'SIZE'
#define SIZE (sizeof(__int64))
                     ^
/Users/tjcorona/Development/Software/Albany/Dependencies/hdf5-1.8.16/build/CMakeFiles/CheckTypeSize/H5_SIZEOF___INT64.c:21:12: error: use of undeclared identifier '__int64'
  ('0' + ((SIZE / 100)%10)),
           ^
/Users/tjcorona/Development/Software/Albany/Dependencies/hdf5-1.8.16/build/CMakeFiles/CheckTypeSize/H5_SIZEOF___INT64.c:17:22: note: expanded from macro 'SIZE'
#define SIZE (sizeof(__int64))
                     ^
/Users/tjcorona/Development/Software/Albany/Dependencies/hdf5-1.8.16/build/CMakeFiles/CheckTypeSize/H5_SIZEOF___INT64.c:22:12: error: use of undeclared identifier '__int64'
  ('0' + ((SIZE / 10)%10)),
           ^
/Users/tjcorona/Development/Software/Albany/Dependencies/hdf5-1.8.16/build/CMakeFiles/CheckTypeSize/H5_SIZEOF___INT64.c:17:22: note: expanded from macro 'SIZE'
#define SIZE (sizeof(__int64))
                     ^
/Users/tjcorona/Development/Software/Albany/Dependencies/hdf5-1.8.16/build/CMakeFiles/CheckTypeSize/H5_SIZEOF___INT64.c:23:12: error: use of undeclared identifier '__int64'
  ('0' +  (SIZE    % 10)),
           ^
/Users/tjcorona/Development/Software/Albany/Dependencies/hdf5-1.8.16/build/CMakeFiles/CheckTypeSize/H5_SIZEOF___INT64.c:17:22: note: expanded from macro 'SIZE'
#define SIZE (sizeof(__int64))
                     ^
5 errors generated.
make[1]: *** [CMakeFiles/cmTC_5fa1a.dir/H5_SIZEOF___INT64.c.o] Error 1
make: *** [cmTC_5fa1a/fast] Error 2

/Users/tjcorona/Development/Software/Albany/Dependencies/hdf5-1.8.16/build/CMakeFiles/CheckTypeSize/H5_SIZEOF___INT64.c:
#include <sys/types.h>
#include <stdint.h>
#include <stddef.h>


#undef KEY
#if defined(__i386)
# define KEY '_','_','i','3','8','6'
#elif defined(__x86_64)
# define KEY '_','_','x','8','6','_','6','4'
#elif defined(__ppc__)
# define KEY '_','_','p','p','c','_','_'
#elif defined(__ppc64__)
# define KEY '_','_','p','p','c','6','4','_','_'
#endif

#define SIZE (sizeof(__int64))
char info_size[] =  {'I', 'N', 'F', 'O', ':', 's','i','z','e','[',
  ('0' + ((SIZE / 10000)%10)),
  ('0' + ((SIZE / 1000)%10)),
  ('0' + ((SIZE / 100)%10)),
  ('0' + ((SIZE / 10)%10)),
  ('0' +  (SIZE    % 10)),
  ']',
#ifdef KEY
  ' ','k','e','y','[', KEY, ']',
#endif
  '\0'};

#ifdef __CLASSIC_C__
int main(argc, argv) int argc; char *argv[];
#else
int main(int argc, char *argv[])
#endif
{
  int require = 0;
  require += info_size[argc];
  (void)argv;
  return require;
}


Determining size of off64_t failed with the following output:
Change Dir: /Users/tjcorona/Development/Software/Albany/Dependencies/hdf5-1.8.16/build/CMakeFiles/CMakeTmp

Run Build Command:"/usr/bin/make" "cmTC_c39af/fast"
/Applications/Xcode.app/Contents/Developer/usr/bin/make -f CMakeFiles/cmTC_c39af.dir/build.make CMakeFiles/cmTC_c39af.dir/build
Building C object CMakeFiles/cmTC_c39af.dir/H5_SIZEOF_OFF64_T.c.o
/Applications/Xcode.app/Contents/Developer/Toolchains/XcodeDefault.xctoolchain/usr/bin/cc  -D_BSD_SOURCE -D_FILE_OFFSET_BITS=64 -D_LARGEFILE64_SOURCE -D_LARGEFILE_SOURCE   -o CMakeFiles/cmTC_c39af.dir/H5_SIZEOF_OFF64_T.c.o   -c /Users/tjcorona/Development/Software/Albany/Dependencies/hdf5-1.8.16/build/CMakeFiles/CheckTypeSize/H5_SIZEOF_OFF64_T.c
/Users/tjcorona/Development/Software/Albany/Dependencies/hdf5-1.8.16/build/CMakeFiles/CheckTypeSize/H5_SIZEOF_OFF64_T.c:19:12: error: use of undeclared identifier 'off64_t'
  ('0' + ((SIZE / 10000)%10)),
           ^
/Users/tjcorona/Development/Software/Albany/Dependencies/hdf5-1.8.16/build/CMakeFiles/CheckTypeSize/H5_SIZEOF_OFF64_T.c:17:22: note: expanded from macro 'SIZE'
#define SIZE (sizeof(off64_t))
                     ^
/Users/tjcorona/Development/Software/Albany/Dependencies/hdf5-1.8.16/build/CMakeFiles/CheckTypeSize/H5_SIZEOF_OFF64_T.c:20:12: error: use of undeclared identifier 'off64_t'
  ('0' + ((SIZE / 1000)%10)),
           ^
/Users/tjcorona/Development/Software/Albany/Dependencies/hdf5-1.8.16/build/CMakeFiles/CheckTypeSize/H5_SIZEOF_OFF64_T.c:17:22: note: expanded from macro 'SIZE'
#define SIZE (sizeof(off64_t))
                     ^
/Users/tjcorona/Development/Software/Albany/Dependencies/hdf5-1.8.16/build/CMakeFiles/CheckTypeSize/H5_SIZEOF_OFF64_T.c:21:12: error: use of undeclared identifier 'off64_t'
  ('0' + ((SIZE / 100)%10)),
           ^
/Users/tjcorona/Development/Software/Albany/Dependencies/hdf5-1.8.16/build/CMakeFiles/CheckTypeSize/H5_SIZEOF_OFF64_T.c:17:22: note: expanded from macro 'SIZE'
#define SIZE (sizeof(off64_t))
                     ^
/Users/tjcorona/Development/Software/Albany/Dependencies/hdf5-1.8.16/build/CMakeFiles/CheckTypeSize/H5_SIZEOF_OFF64_T.c:22:12: error: use of undeclared identifier 'off64_t'
  ('0' + ((SIZE / 10)%10)),
           ^
/Users/tjcorona/Development/Software/Albany/Dependencies/hdf5-1.8.16/build/CMakeFiles/CheckTypeSize/H5_SIZEOF_OFF64_T.c:17:22: note: expanded from macro 'SIZE'
#define SIZE (sizeof(off64_t))
                     ^
/Users/tjcorona/Development/Software/Albany/Dependencies/hdf5-1.8.16/build/CMakeFiles/CheckTypeSize/H5_SIZEOF_OFF64_T.c:23:12: error: use of undeclared identifier 'off64_t'
  ('0' +  (SIZE    % 10)),
           ^
/Users/tjcorona/Development/Software/Albany/Dependencies/hdf5-1.8.16/build/CMakeFiles/CheckTypeSize/H5_SIZEOF_OFF64_T.c:17:22: note: expanded from macro 'SIZE'
#define SIZE (sizeof(off64_t))
                     ^
5 errors generated.
make[1]: *** [CMakeFiles/cmTC_c39af.dir/H5_SIZEOF_OFF64_T.c.o] Error 1
make: *** [cmTC_c39af/fast] Error 2

/Users/tjcorona/Development/Software/Albany/Dependencies/hdf5-1.8.16/build/CMakeFiles/CheckTypeSize/H5_SIZEOF_OFF64_T.c:
#include <sys/types.h>
#include <stdint.h>
#include <stddef.h>


#undef KEY
#if defined(__i386)
# define KEY '_','_','i','3','8','6'
#elif defined(__x86_64)
# define KEY '_','_','x','8','6','_','6','4'
#elif defined(__ppc__)
# define KEY '_','_','p','p','c','_','_'
#elif defined(__ppc64__)
# define KEY '_','_','p','p','c','6','4','_','_'
#endif

#define SIZE (sizeof(off64_t))
char info_size[] =  {'I', 'N', 'F', 'O', ':', 's','i','z','e','[',
  ('0' + ((SIZE / 10000)%10)),
  ('0' + ((SIZE / 1000)%10)),
  ('0' + ((SIZE / 100)%10)),
  ('0' + ((SIZE / 10)%10)),
  ('0' +  (SIZE    % 10)),
  ']',
#ifdef KEY
  ' ','k','e','y','[', KEY, ']',
#endif
  '\0'};

#ifdef __CLASSIC_C__
int main(argc, argv) int argc; char *argv[];
#else
int main(int argc, char *argv[])
#endif
{
  int require = 0;
  require += info_size[argc];
  (void)argv;
  return require;
}


Determining if the variable CLOCK_MONOTONIC exists failed with the following output:
Change Dir: /Users/tjcorona/Development/Software/Albany/Dependencies/hdf5-1.8.16/build/CMakeFiles/CMakeTmp

Run Build Command:"/usr/bin/make" "cmTC_a14ee/fast"
/Applications/Xcode.app/Contents/Developer/usr/bin/make -f CMakeFiles/cmTC_a14ee.dir/build.make CMakeFiles/cmTC_a14ee.dir/build
Building C object CMakeFiles/cmTC_a14ee.dir/CheckVariableExists.c.o
/Applications/Xcode.app/Contents/Developer/Toolchains/XcodeDefault.xctoolchain/usr/bin/cc  -D_BSD_SOURCE -D_FILE_OFFSET_BITS=64 -D_LARGEFILE64_SOURCE -D_LARGEFILE_SOURCE  -DCHECK_VARIABLE_EXISTS=CLOCK_MONOTONIC   -o CMakeFiles/cmTC_a14ee.dir/CheckVariableExists.c.o   -c /usr/local/Cellar/cmake/3.6.0_1/share/cmake/Modules/CheckVariableExists.c
Linking C executable cmTC_a14ee
/usr/local/Cellar/cmake/3.6.0_1/bin/cmake -E cmake_link_script CMakeFiles/cmTC_a14ee.dir/link.txt --verbose=1
/Applications/Xcode.app/Contents/Developer/Toolchains/XcodeDefault.xctoolchain/usr/bin/cc   -DCHECK_VARIABLE_EXISTS=CLOCK_MONOTONIC -Wl,-search_paths_first -Wl,-headerpad_max_install_names   CMakeFiles/cmTC_a14ee.dir/CheckVariableExists.c.o  -o cmTC_a14ee  -lm -ldl 
Undefined symbols for architecture x86_64:
  "_CLOCK_MONOTONIC", referenced from:
      _main in CheckVariableExists.c.o
ld: symbol(s) not found for architecture x86_64
clang: error: linker command failed with exit code 1 (use -v to see invocation)
make[1]: *** [cmTC_a14ee] Error 1
make: *** [cmTC_a14ee/fast] Error 2


Performing Other Test HAVE___TM_GMTOFF failed with the following output:
Change Dir: /Users/tjcorona/Development/Software/Albany/Dependencies/hdf5-1.8.16/build/CMakeFiles/CMakeTmp

Run Build Command:"/usr/bin/make" "cmTC_cda64/fast"
/Applications/Xcode.app/Contents/Developer/usr/bin/make -f CMakeFiles/cmTC_cda64.dir/build.make CMakeFiles/cmTC_cda64.dir/build
Building C object CMakeFiles/cmTC_cda64.dir/HDFTests.c.o
/Applications/Xcode.app/Contents/Developer/Toolchains/XcodeDefault.xctoolchain/usr/bin/cc    -DHAVE___TM_GMTOFF  -DHAVE_SYS_TIME_H -DHAVE_UNISTD_H -DHAVE_SYS_TYPES_H -DHAVE_SYS_SOCKET_H -D_FILE_OFFSET_BITS=64 -D_LARGEFILE64_SOURCE -D_LARGEFILE_SOURCE   -o CMakeFiles/cmTC_cda64.dir/HDFTests.c.o   -c /Users/tjcorona/Development/Software/Albany/Dependencies/hdf5-1.8.16/config/cmake_ext_mod/HDFTests.c
/Users/tjcorona/Development/Software/Albany/Dependencies/hdf5-1.8.16/config/cmake_ext_mod/HDFTests.c:170:30: error: no member named '__tm_gmtoff' in 'struct tm'; did you mean 'tm_gmtoff'?
SIMPLE_TEST(struct tm tm; tm.__tm_gmtoff=0);
                             ^~~~~~~~~~~
                             tm_gmtoff
/Users/tjcorona/Development/Software/Albany/Dependencies/hdf5-1.8.16/config/cmake_ext_mod/HDFTests.c:1:36: note: expanded from macro 'SIMPLE_TEST'
#define SIMPLE_TEST(x) int main(){ x; return 0; }
                                   ^
/usr/include/time.h:83:7: note: 'tm_gmtoff' declared here
        long    tm_gmtoff;      /* offset from CUT in seconds */
                ^
1 error generated.
make[1]: *** [CMakeFiles/cmTC_cda64.dir/HDFTests.c.o] Error 1
make: *** [cmTC_cda64/fast] Error 2

Performing Other Test HAVE_TM_ZONE failed with the following output:
Change Dir: /Users/tjcorona/Development/Software/Albany/Dependencies/hdf5-1.8.16/build/CMakeFiles/CMakeTmp

Run Build Command:"/usr/bin/make" "cmTC_bfef9/fast"
/Applications/Xcode.app/Contents/Developer/usr/bin/make -f CMakeFiles/cmTC_bfef9.dir/build.make CMakeFiles/cmTC_bfef9.dir/build
Building C object CMakeFiles/cmTC_bfef9.dir/HDFTests.c.o
/Applications/Xcode.app/Contents/Developer/Toolchains/XcodeDefault.xctoolchain/usr/bin/cc    -DHAVE_TM_ZONE  -DHAVE_SYS_TIME_H -DHAVE_UNISTD_H -DHAVE_SYS_TYPES_H -DHAVE_SYS_SOCKET_H -D_FILE_OFFSET_BITS=64 -D_LARGEFILE64_SOURCE -D_LARGEFILE_SOURCE   -o CMakeFiles/cmTC_bfef9.dir/HDFTests.c.o   -c /Users/tjcorona/Development/Software/Albany/Dependencies/hdf5-1.8.16/config/cmake_ext_mod/HDFTests.c
Linking C executable cmTC_bfef9
/usr/local/Cellar/cmake/3.6.0_1/bin/cmake -E cmake_link_script CMakeFiles/cmTC_bfef9.dir/link.txt --verbose=1
/Applications/Xcode.app/Contents/Developer/Toolchains/XcodeDefault.xctoolchain/usr/bin/cc   -DHAVE_TM_ZONE  -DHAVE_SYS_TIME_H -DHAVE_UNISTD_H -DHAVE_SYS_TYPES_H -DHAVE_SYS_SOCKET_H -D_FILE_OFFSET_BITS=64 -D_LARGEFILE64_SOURCE -D_LARGEFILE_SOURCE -Wl,-search_paths_first -Wl,-headerpad_max_install_names   CMakeFiles/cmTC_bfef9.dir/HDFTests.c.o  -o cmTC_bfef9  -lm -ldl 
Undefined symbols for architecture x86_64:
  "_main", referenced from:
     implicit entry/start for main executable
ld: symbol(s) not found for architecture x86_64
clang: error: linker command failed with exit code 1 (use -v to see invocation)
make[1]: *** [cmTC_bfef9] Error 1
make: *** [cmTC_bfef9/fast] Error 2

Performing Other Test HAVE_STRUCT_TM_TM_ZONE failed with the following output:
Change Dir: /Users/tjcorona/Development/Software/Albany/Dependencies/hdf5-1.8.16/build/CMakeFiles/CMakeTmp

Run Build Command:"/usr/bin/make" "cmTC_7c8ba/fast"
/Applications/Xcode.app/Contents/Developer/usr/bin/make -f CMakeFiles/cmTC_7c8ba.dir/build.make CMakeFiles/cmTC_7c8ba.dir/build
Building C object CMakeFiles/cmTC_7c8ba.dir/HDFTests.c.o
/Applications/Xcode.app/Contents/Developer/Toolchains/XcodeDefault.xctoolchain/usr/bin/cc    -DHAVE_STRUCT_TM_TM_ZONE  -DHAVE_SYS_TIME_H -DHAVE_UNISTD_H -DHAVE_SYS_TYPES_H -DHAVE_SYS_SOCKET_H -D_FILE_OFFSET_BITS=64 -D_LARGEFILE64_SOURCE -D_LARGEFILE_SOURCE   -o CMakeFiles/cmTC_7c8ba.dir/HDFTests.c.o   -c /Users/tjcorona/Development/Software/Albany/Dependencies/hdf5-1.8.16/config/cmake_ext_mod/HDFTests.c
Linking C executable cmTC_7c8ba
/usr/local/Cellar/cmake/3.6.0_1/bin/cmake -E cmake_link_script CMakeFiles/cmTC_7c8ba.dir/link.txt --verbose=1
/Applications/Xcode.app/Contents/Developer/Toolchains/XcodeDefault.xctoolchain/usr/bin/cc   -DHAVE_STRUCT_TM_TM_ZONE  -DHAVE_SYS_TIME_H -DHAVE_UNISTD_H -DHAVE_SYS_TYPES_H -DHAVE_SYS_SOCKET_H -D_FILE_OFFSET_BITS=64 -D_LARGEFILE64_SOURCE -D_LARGEFILE_SOURCE -Wl,-search_paths_first -Wl,-headerpad_max_install_names   CMakeFiles/cmTC_7c8ba.dir/HDFTests.c.o  -o cmTC_7c8ba  -lm -ldl 
Undefined symbols for architecture x86_64:
  "_main", referenced from:
     implicit entry/start for main executable
ld: symbol(s) not found for architecture x86_64
clang: error: linker command failed with exit code 1 (use -v to see invocation)
make[1]: *** [cmTC_7c8ba] Error 1
make: *** [cmTC_7c8ba/fast] Error 2

Performing Other Test HAVE_STRUCT_VIDEOCONFIG failed with the following output:
Change Dir: /Users/tjcorona/Development/Software/Albany/Dependencies/hdf5-1.8.16/build/CMakeFiles/CMakeTmp

Run Build Command:"/usr/bin/make" "cmTC_92b52/fast"
/Applications/Xcode.app/Contents/Developer/usr/bin/make -f CMakeFiles/cmTC_92b52.dir/build.make CMakeFiles/cmTC_92b52.dir/build
Building C object CMakeFiles/cmTC_92b52.dir/HDFTests.c.o
/Applications/Xcode.app/Contents/Developer/Toolchains/XcodeDefault.xctoolchain/usr/bin/cc    -DHAVE_STRUCT_VIDEOCONFIG  -DHAVE_SYS_TIME_H -DHAVE_UNISTD_H -DHAVE_SYS_TYPES_H -DHAVE_SYS_SOCKET_H -D_FILE_OFFSET_BITS=64 -D_LARGEFILE64_SOURCE -D_LARGEFILE_SOURCE   -o CMakeFiles/cmTC_92b52.dir/HDFTests.c.o   -c /Users/tjcorona/Development/Software/Albany/Dependencies/hdf5-1.8.16/config/cmake_ext_mod/HDFTests.c
/Users/tjcorona/Development/Software/Albany/Dependencies/hdf5-1.8.16/config/cmake_ext_mod/HDFTests.c:447:32: error: variable has incomplete type 'struct videoconfig'
SIMPLE_TEST(struct videoconfig w; w.numtextcols=0);
                               ^
/Users/tjcorona/Development/Software/Albany/Dependencies/hdf5-1.8.16/config/cmake_ext_mod/HDFTests.c:447:20: note: forward declaration of 'struct videoconfig'
SIMPLE_TEST(struct videoconfig w; w.numtextcols=0);
                   ^
1 error generated.
make[1]: *** [CMakeFiles/cmTC_92b52.dir/HDFTests.c.o] Error 1
make: *** [cmTC_92b52/fast] Error 2

Performing Other Test HAVE_STRUCT_TEXT_INFO failed with the following output:
Change Dir: /Users/tjcorona/Development/Software/Albany/Dependencies/hdf5-1.8.16/build/CMakeFiles/CMakeTmp

Run Build Command:"/usr/bin/make" "cmTC_55eb5/fast"
/Applications/Xcode.app/Contents/Developer/usr/bin/make -f CMakeFiles/cmTC_55eb5.dir/build.make CMakeFiles/cmTC_55eb5.dir/build
Building C object CMakeFiles/cmTC_55eb5.dir/HDFTests.c.o
/Applications/Xcode.app/Contents/Developer/Toolchains/XcodeDefault.xctoolchain/usr/bin/cc    -DHAVE_STRUCT_TEXT_INFO  -DHAVE_SYS_TIME_H -DHAVE_UNISTD_H -DHAVE_SYS_TYPES_H -DHAVE_SYS_SOCKET_H -D_FILE_OFFSET_BITS=64 -D_LARGEFILE64_SOURCE -D_LARGEFILE_SOURCE   -o CMakeFiles/cmTC_55eb5.dir/HDFTests.c.o   -c /Users/tjcorona/Development/Software/Albany/Dependencies/hdf5-1.8.16/config/cmake_ext_mod/HDFTests.c
/Users/tjcorona/Development/Software/Albany/Dependencies/hdf5-1.8.16/config/cmake_ext_mod/HDFTests.c:453:30: error: variable has incomplete type 'struct text_info'
SIMPLE_TEST(struct text_info w; w.screenwidth=0);
                             ^
/Users/tjcorona/Development/Software/Albany/Dependencies/hdf5-1.8.16/config/cmake_ext_mod/HDFTests.c:453:20: note: forward declaration of 'struct text_info'
SIMPLE_TEST(struct text_info w; w.screenwidth=0);
                   ^
1 error generated.
make[1]: *** [CMakeFiles/cmTC_55eb5.dir/HDFTests.c.o] Error 1
make: *** [cmTC_55eb5/fast] Error 2

Determining if the function _getvideoconfig exists failed with the following output:
Change Dir: /Users/tjcorona/Development/Software/Albany/Dependencies/hdf5-1.8.16/build/CMakeFiles/CMakeTmp

Run Build Command:"/usr/bin/make" "cmTC_c938c/fast"
/Applications/Xcode.app/Contents/Developer/usr/bin/make -f CMakeFiles/cmTC_c938c.dir/build.make CMakeFiles/cmTC_c938c.dir/build
Building C object CMakeFiles/cmTC_c938c.dir/CheckFunctionExists.c.o
/Applications/Xcode.app/Contents/Developer/Toolchains/XcodeDefault.xctoolchain/usr/bin/cc  -D_BSD_SOURCE -D_FILE_OFFSET_BITS=64 -D_LARGEFILE64_SOURCE -D_LARGEFILE_SOURCE  -DCHECK_FUNCTION_EXISTS=_getvideoconfig   -o CMakeFiles/cmTC_c938c.dir/CheckFunctionExists.c.o   -c /usr/local/Cellar/cmake/3.6.0_1/share/cmake/Modules/CheckFunctionExists.c
Linking C executable cmTC_c938c
/usr/local/Cellar/cmake/3.6.0_1/bin/cmake -E cmake_link_script CMakeFiles/cmTC_c938c.dir/link.txt --verbose=1
/Applications/Xcode.app/Contents/Developer/Toolchains/XcodeDefault.xctoolchain/usr/bin/cc   -DCHECK_FUNCTION_EXISTS=_getvideoconfig -Wl,-search_paths_first -Wl,-headerpad_max_install_names   CMakeFiles/cmTC_c938c.dir/CheckFunctionExists.c.o  -o cmTC_c938c  -lm -ldl 
Undefined symbols for architecture x86_64:
  "__getvideoconfig", referenced from:
      _main in CheckFunctionExists.c.o
ld: symbol(s) not found for architecture x86_64
clang: error: linker command failed with exit code 1 (use -v to see invocation)
make[1]: *** [cmTC_c938c] Error 1
make: *** [cmTC_c938c/fast] Error 2


Determining if the function gettextinfo exists failed with the following output:
Change Dir: /Users/tjcorona/Development/Software/Albany/Dependencies/hdf5-1.8.16/build/CMakeFiles/CMakeTmp

Run Build Command:"/usr/bin/make" "cmTC_0f875/fast"
/Applications/Xcode.app/Contents/Developer/usr/bin/make -f CMakeFiles/cmTC_0f875.dir/build.make CMakeFiles/cmTC_0f875.dir/build
Building C object CMakeFiles/cmTC_0f875.dir/CheckFunctionExists.c.o
/Applications/Xcode.app/Contents/Developer/Toolchains/XcodeDefault.xctoolchain/usr/bin/cc  -D_BSD_SOURCE -D_FILE_OFFSET_BITS=64 -D_LARGEFILE64_SOURCE -D_LARGEFILE_SOURCE  -DCHECK_FUNCTION_EXISTS=gettextinfo   -o CMakeFiles/cmTC_0f875.dir/CheckFunctionExists.c.o   -c /usr/local/Cellar/cmake/3.6.0_1/share/cmake/Modules/CheckFunctionExists.c
Linking C executable cmTC_0f875
/usr/local/Cellar/cmake/3.6.0_1/bin/cmake -E cmake_link_script CMakeFiles/cmTC_0f875.dir/link.txt --verbose=1
/Applications/Xcode.app/Contents/Developer/Toolchains/XcodeDefault.xctoolchain/usr/bin/cc   -DCHECK_FUNCTION_EXISTS=gettextinfo -Wl,-search_paths_first -Wl,-headerpad_max_install_names   CMakeFiles/cmTC_0f875.dir/CheckFunctionExists.c.o  -o cmTC_0f875  -lm -ldl 
Undefined symbols for architecture x86_64:
  "_gettextinfo", referenced from:
      _main in CheckFunctionExists.c.o
ld: symbol(s) not found for architecture x86_64
clang: error: linker command failed with exit code 1 (use -v to see invocation)
make[1]: *** [cmTC_0f875] Error 1
make: *** [cmTC_0f875/fast] Error 2


Determining if the function _scrsize exists failed with the following output:
Change Dir: /Users/tjcorona/Development/Software/Albany/Dependencies/hdf5-1.8.16/build/CMakeFiles/CMakeTmp

Run Build Command:"/usr/bin/make" "cmTC_4e3d0/fast"
/Applications/Xcode.app/Contents/Developer/usr/bin/make -f CMakeFiles/cmTC_4e3d0.dir/build.make CMakeFiles/cmTC_4e3d0.dir/build
Building C object CMakeFiles/cmTC_4e3d0.dir/CheckFunctionExists.c.o
/Applications/Xcode.app/Contents/Developer/Toolchains/XcodeDefault.xctoolchain/usr/bin/cc  -D_BSD_SOURCE -D_FILE_OFFSET_BITS=64 -D_LARGEFILE64_SOURCE -D_LARGEFILE_SOURCE  -DCHECK_FUNCTION_EXISTS=_scrsize   -o CMakeFiles/cmTC_4e3d0.dir/CheckFunctionExists.c.o   -c /usr/local/Cellar/cmake/3.6.0_1/share/cmake/Modules/CheckFunctionExists.c
Linking C executable cmTC_4e3d0
/usr/local/Cellar/cmake/3.6.0_1/bin/cmake -E cmake_link_script CMakeFiles/cmTC_4e3d0.dir/link.txt --verbose=1
/Applications/Xcode.app/Contents/Developer/Toolchains/XcodeDefault.xctoolchain/usr/bin/cc   -DCHECK_FUNCTION_EXISTS=_scrsize -Wl,-search_paths_first -Wl,-headerpad_max_install_names   CMakeFiles/cmTC_4e3d0.dir/CheckFunctionExists.c.o  -o cmTC_4e3d0  -lm -ldl 
Undefined symbols for architecture x86_64:
  "__scrsize", referenced from:
      _main in CheckFunctionExists.c.o
ld: symbol(s) not found for architecture x86_64
clang: error: linker command failed with exit code 1 (use -v to see invocation)
make[1]: *** [cmTC_4e3d0] Error 1
make: *** [cmTC_4e3d0/fast] Error 2


Determining if the function GetConsoleScreenBufferInfo exists failed with the following output:
Change Dir: /Users/tjcorona/Development/Software/Albany/Dependencies/hdf5-1.8.16/build/CMakeFiles/CMakeTmp

Run Build Command:"/usr/bin/make" "cmTC_d3437/fast"
/Applications/Xcode.app/Contents/Developer/usr/bin/make -f CMakeFiles/cmTC_d3437.dir/build.make CMakeFiles/cmTC_d3437.dir/build
Building C object CMakeFiles/cmTC_d3437.dir/CheckFunctionExists.c.o
/Applications/Xcode.app/Contents/Developer/Toolchains/XcodeDefault.xctoolchain/usr/bin/cc  -D_BSD_SOURCE -D_FILE_OFFSET_BITS=64 -D_LARGEFILE64_SOURCE -D_LARGEFILE_SOURCE  -DCHECK_FUNCTION_EXISTS=GetConsoleScreenBufferInfo   -o CMakeFiles/cmTC_d3437.dir/CheckFunctionExists.c.o   -c /usr/local/Cellar/cmake/3.6.0_1/share/cmake/Modules/CheckFunctionExists.c
Linking C executable cmTC_d3437
/usr/local/Cellar/cmake/3.6.0_1/bin/cmake -E cmake_link_script CMakeFiles/cmTC_d3437.dir/link.txt --verbose=1
/Applications/Xcode.app/Contents/Developer/Toolchains/XcodeDefault.xctoolchain/usr/bin/cc   -DCHECK_FUNCTION_EXISTS=GetConsoleScreenBufferInfo -Wl,-search_paths_first -Wl,-headerpad_max_install_names   CMakeFiles/cmTC_d3437.dir/CheckFunctionExists.c.o  -o cmTC_d3437  -lm -ldl 
Undefined symbols for architecture x86_64:
  "_GetConsoleScreenBufferInfo", referenced from:
      _main in CheckFunctionExists.c.o
ld: symbol(s) not found for architecture x86_64
clang: error: linker command failed with exit code 1 (use -v to see invocation)
make[1]: *** [cmTC_d3437] Error 1
make: *** [cmTC_d3437/fast] Error 2


Determining if the function setsysinfo exists failed with the following output:
Change Dir: /Users/tjcorona/Development/Software/Albany/Dependencies/hdf5-1.8.16/build/CMakeFiles/CMakeTmp

Run Build Command:"/usr/bin/make" "cmTC_25f6a/fast"
/Applications/Xcode.app/Contents/Developer/usr/bin/make -f CMakeFiles/cmTC_25f6a.dir/build.make CMakeFiles/cmTC_25f6a.dir/build
Building C object CMakeFiles/cmTC_25f6a.dir/CheckFunctionExists.c.o
/Applications/Xcode.app/Contents/Developer/Toolchains/XcodeDefault.xctoolchain/usr/bin/cc  -D_BSD_SOURCE -D_FILE_OFFSET_BITS=64 -D_LARGEFILE64_SOURCE -D_LARGEFILE_SOURCE  -DCHECK_FUNCTION_EXISTS=setsysinfo   -o CMakeFiles/cmTC_25f6a.dir/CheckFunctionExists.c.o   -c /usr/local/Cellar/cmake/3.6.0_1/share/cmake/Modules/CheckFunctionExists.c
Linking C executable cmTC_25f6a
/usr/local/Cellar/cmake/3.6.0_1/bin/cmake -E cmake_link_script CMakeFiles/cmTC_25f6a.dir/link.txt --verbose=1
/Applications/Xcode.app/Contents/Developer/Toolchains/XcodeDefault.xctoolchain/usr/bin/cc   -DCHECK_FUNCTION_EXISTS=setsysinfo -Wl,-search_paths_first -Wl,-headerpad_max_install_names   CMakeFiles/cmTC_25f6a.dir/CheckFunctionExists.c.o  -o cmTC_25f6a  -lm -ldl 
Undefined symbols for architecture x86_64:
  "_setsysinfo", referenced from:
      _main in CheckFunctionExists.c.o
ld: symbol(s) not found for architecture x86_64
clang: error: linker command failed with exit code 1 (use -v to see invocation)
make[1]: *** [cmTC_25f6a] Error 1
make: *** [cmTC_25f6a/fast] Error 2


Performing CXX Test OLD_HEADER_FILENAME failed with the following output:
Change Dir: /Users/tjcorona/Development/Software/Albany/Dependencies/hdf5-1.8.16/build/CMakeFiles/CMakeTmp

Run Build Command:"/usr/bin/make" "cmTC_5f4f3/fast"
/Applications/Xcode.app/Contents/Developer/usr/bin/make -f CMakeFiles/cmTC_5f4f3.dir/build.make CMakeFiles/cmTC_5f4f3.dir/build
Building CXX object CMakeFiles/cmTC_5f4f3.dir/HDFCXXTests.cpp.o
/Applications/Xcode.app/Contents/Developer/Toolchains/XcodeDefault.xctoolchain/usr/bin/c++     -DOLD_HEADER_FILENAME  -DHAVE_SYS_TIME_H -DHAVE_UNISTD_H -DHAVE_SYS_TYPES_H -DHAVE_SYS_SOCKET_H -D_FILE_OFFSET_BITS=64 -D_LARGEFILE64_SOURCE -D_LARGEFILE_SOURCE   -o CMakeFiles/cmTC_5f4f3.dir/HDFCXXTests.cpp.o -c /Users/tjcorona/Development/Software/Albany/Dependencies/hdf5-1.8.16/config/cmake_ext_mod/HDFCXXTests.cpp
Linking CXX executable cmTC_5f4f3
/usr/local/Cellar/cmake/3.6.0_1/bin/cmake -E cmake_link_script CMakeFiles/cmTC_5f4f3.dir/link.txt --verbose=1
/Applications/Xcode.app/Contents/Developer/Toolchains/XcodeDefault.xctoolchain/usr/bin/c++    -DOLD_HEADER_FILENAME  -DHAVE_SYS_TIME_H -DHAVE_UNISTD_H -DHAVE_SYS_TYPES_H -DHAVE_SYS_SOCKET_H -D_FILE_OFFSET_BITS=64 -D_LARGEFILE64_SOURCE -D_LARGEFILE_SOURCE -Wl,-search_paths_first -Wl,-headerpad_max_install_names   CMakeFiles/cmTC_5f4f3.dir/HDFCXXTests.cpp.o  -o cmTC_5f4f3  -lm -ldl 

Performing CXX Test H5_NO_NAMESPACE failed with the following output:
Change Dir: /Users/tjcorona/Development/Software/Albany/Dependencies/hdf5-1.8.16/build/CMakeFiles/CMakeTmp

Run Build Command:"/usr/bin/make" "cmTC_d7090/fast"
/Applications/Xcode.app/Contents/Developer/usr/bin/make -f CMakeFiles/cmTC_d7090.dir/build.make CMakeFiles/cmTC_d7090.dir/build
Building CXX object CMakeFiles/cmTC_d7090.dir/HDFCXXTests.cpp.o
/Applications/Xcode.app/Contents/Developer/Toolchains/XcodeDefault.xctoolchain/usr/bin/c++     -DH5_NO_NAMESPACE  -DHAVE_SYS_TIME_H -DHAVE_UNISTD_H -DHAVE_SYS_TYPES_H -DHAVE_SYS_SOCKET_H -D_FILE_OFFSET_BITS=64 -D_LARGEFILE64_SOURCE -D_LARGEFILE_SOURCE   -o CMakeFiles/cmTC_d7090.dir/HDFCXXTests.cpp.o -c /Users/tjcorona/Development/Software/Albany/Dependencies/hdf5-1.8.16/config/cmake_ext_mod/HDFCXXTests.cpp
Linking CXX executable cmTC_d7090
/usr/local/Cellar/cmake/3.6.0_1/bin/cmake -E cmake_link_script CMakeFiles/cmTC_d7090.dir/link.txt --verbose=1
/Applications/Xcode.app/Contents/Developer/Toolchains/XcodeDefault.xctoolchain/usr/bin/c++    -DH5_NO_NAMESPACE  -DHAVE_SYS_TIME_H -DHAVE_UNISTD_H -DHAVE_SYS_TYPES_H -DHAVE_SYS_SOCKET_H -D_FILE_OFFSET_BITS=64 -D_LARGEFILE64_SOURCE -D_LARGEFILE_SOURCE -Wl,-search_paths_first -Wl,-headerpad_max_install_names   CMakeFiles/cmTC_d7090.dir/HDFCXXTests.cpp.o  -o cmTC_d7090  -lm -ldl 
Undefined symbols for architecture x86_64:
  "_main", referenced from:
     implicit entry/start for main executable
ld: symbol(s) not found for architecture x86_64
clang: error: linker command failed with exit code 1 (use -v to see invocation)
make[1]: *** [cmTC_d7090] Error 1
make: *** [cmTC_d7090/fast] Error 2

Performing CXX Test H5_NO_STD failed with the following output:
Change Dir: /Users/tjcorona/Development/Software/Albany/Dependencies/hdf5-1.8.16/build/CMakeFiles/CMakeTmp

Run Build Command:"/usr/bin/make" "cmTC_59d2a/fast"
/Applications/Xcode.app/Contents/Developer/usr/bin/make -f CMakeFiles/cmTC_59d2a.dir/build.make CMakeFiles/cmTC_59d2a.dir/build
Building CXX object CMakeFiles/cmTC_59d2a.dir/HDFCXXTests.cpp.o
/Applications/Xcode.app/Contents/Developer/Toolchains/XcodeDefault.xctoolchain/usr/bin/c++     -DH5_NO_STD  -DHAVE_SYS_TIME_H -DHAVE_UNISTD_H -DHAVE_SYS_TYPES_H -DHAVE_SYS_SOCKET_H -D_FILE_OFFSET_BITS=64 -D_LARGEFILE64_SOURCE -D_LARGEFILE_SOURCE   -o CMakeFiles/cmTC_59d2a.dir/HDFCXXTests.cpp.o -c /Users/tjcorona/Development/Software/Albany/Dependencies/hdf5-1.8.16/config/cmake_ext_mod/HDFCXXTests.cpp
Linking CXX executable cmTC_59d2a
/usr/local/Cellar/cmake/3.6.0_1/bin/cmake -E cmake_link_script CMakeFiles/cmTC_59d2a.dir/link.txt --verbose=1
/Applications/Xcode.app/Contents/Developer/Toolchains/XcodeDefault.xctoolchain/usr/bin/c++    -DH5_NO_STD  -DHAVE_SYS_TIME_H -DHAVE_UNISTD_H -DHAVE_SYS_TYPES_H -DHAVE_SYS_SOCKET_H -D_FILE_OFFSET_BITS=64 -D_LARGEFILE64_SOURCE -D_LARGEFILE_SOURCE -Wl,-search_paths_first -Wl,-headerpad_max_install_names   CMakeFiles/cmTC_59d2a.dir/HDFCXXTests.cpp.o  -o cmTC_59d2a  -lm -ldl 
Undefined symbols for architecture x86_64:
  "_main", referenced from:
     implicit entry/start for main executable
ld: symbol(s) not found for architecture x86_64
clang: error: linker command failed with exit code 1 (use -v to see invocation)
make[1]: *** [cmTC_59d2a] Error 1
make: *** [cmTC_59d2a/fast] Error 2

Performing CXX Test BOOL_NOTDEFINED failed with the following output:
Change Dir: /Users/tjcorona/Development/Software/Albany/Dependencies/hdf5-1.8.16/build/CMakeFiles/CMakeTmp

Run Build Command:"/usr/bin/make" "cmTC_52aad/fast"
/Applications/Xcode.app/Contents/Developer/usr/bin/make -f CMakeFiles/cmTC_52aad.dir/build.make CMakeFiles/cmTC_52aad.dir/build
Building CXX object CMakeFiles/cmTC_52aad.dir/HDFCXXTests.cpp.o
/Applications/Xcode.app/Contents/Developer/Toolchains/XcodeDefault.xctoolchain/usr/bin/c++     -DBOOL_NOTDEFINED  -DHAVE_SYS_TIME_H -DHAVE_UNISTD_H -DHAVE_SYS_TYPES_H -DHAVE_SYS_SOCKET_H -D_FILE_OFFSET_BITS=64 -D_LARGEFILE64_SOURCE -D_LARGEFILE_SOURCE   -o CMakeFiles/cmTC_52aad.dir/HDFCXXTests.cpp.o -c /Users/tjcorona/Development/Software/Albany/Dependencies/hdf5-1.8.16/config/cmake_ext_mod/HDFCXXTests.cpp
Linking CXX executable cmTC_52aad
/usr/local/Cellar/cmake/3.6.0_1/bin/cmake -E cmake_link_script CMakeFiles/cmTC_52aad.dir/link.txt --verbose=1
/Applications/Xcode.app/Contents/Developer/Toolchains/XcodeDefault.xctoolchain/usr/bin/c++    -DBOOL_NOTDEFINED  -DHAVE_SYS_TIME_H -DHAVE_UNISTD_H -DHAVE_SYS_TYPES_H -DHAVE_SYS_SOCKET_H -D_FILE_OFFSET_BITS=64 -D_LARGEFILE64_SOURCE -D_LARGEFILE_SOURCE -Wl,-search_paths_first -Wl,-headerpad_max_install_names   CMakeFiles/cmTC_52aad.dir/HDFCXXTests.cpp.o  -o cmTC_52aad  -lm -ldl 

Performing CXX Test NO_STATIC_CAST failed with the following output:
Change Dir: /Users/tjcorona/Development/Software/Albany/Dependencies/hdf5-1.8.16/build/CMakeFiles/CMakeTmp

Run Build Command:"/usr/bin/make" "cmTC_0f68f/fast"
/Applications/Xcode.app/Contents/Developer/usr/bin/make -f CMakeFiles/cmTC_0f68f.dir/build.make CMakeFiles/cmTC_0f68f.dir/build
Building CXX object CMakeFiles/cmTC_0f68f.dir/HDFCXXTests.cpp.o
/Applications/Xcode.app/Contents/Developer/Toolchains/XcodeDefault.xctoolchain/usr/bin/c++     -DNO_STATIC_CAST  -DHAVE_SYS_TIME_H -DHAVE_UNISTD_H -DHAVE_SYS_TYPES_H -DHAVE_SYS_SOCKET_H -D_FILE_OFFSET_BITS=64 -D_LARGEFILE64_SOURCE -D_LARGEFILE_SOURCE   -o CMakeFiles/cmTC_0f68f.dir/HDFCXXTests.cpp.o -c /Users/tjcorona/Development/Software/Albany/Dependencies/hdf5-1.8.16/config/cmake_ext_mod/HDFCXXTests.cpp
Linking CXX executable cmTC_0f68f
/usr/local/Cellar/cmake/3.6.0_1/bin/cmake -E cmake_link_script CMakeFiles/cmTC_0f68f.dir/link.txt --verbose=1
/Applications/Xcode.app/Contents/Developer/Toolchains/XcodeDefault.xctoolchain/usr/bin/c++    -DNO_STATIC_CAST  -DHAVE_SYS_TIME_H -DHAVE_UNISTD_H -DHAVE_SYS_TYPES_H -DHAVE_SYS_SOCKET_H -D_FILE_OFFSET_BITS=64 -D_LARGEFILE64_SOURCE -D_LARGEFILE_SOURCE -Wl,-search_paths_first -Wl,-headerpad_max_install_names   CMakeFiles/cmTC_0f68f.dir/HDFCXXTests.cpp.o  -o cmTC_0f68f  -lm -ldl 

Determining if the function clock_gettime exists failed with the following output:
Change Dir: /Users/tjcorona/Development/Software/Albany/Dependencies/hdf5-1.8.16/build/CMakeFiles/CMakeTmp

Run Build Command:"/usr/bin/make" "cmTC_fec34/fast"
/Applications/Xcode.app/Contents/Developer/usr/bin/make -f CMakeFiles/cmTC_fec34.dir/build.make CMakeFiles/cmTC_fec34.dir/build
Building C object CMakeFiles/cmTC_fec34.dir/CheckFunctionExists.c.o
/Applications/Xcode.app/Contents/Developer/Toolchains/XcodeDefault.xctoolchain/usr/bin/cc  -D_BSD_SOURCE -D_FILE_OFFSET_BITS=64 -D_LARGEFILE64_SOURCE -D_LARGEFILE_SOURCE  -DCHECK_FUNCTION_EXISTS=clock_gettime   -o CMakeFiles/cmTC_fec34.dir/CheckFunctionExists.c.o   -c /usr/local/Cellar/cmake/3.6.0_1/share/cmake/Modules/CheckFunctionExists.c
Linking C executable cmTC_fec34
/usr/local/Cellar/cmake/3.6.0_1/bin/cmake -E cmake_link_script CMakeFiles/cmTC_fec34.dir/link.txt --verbose=1
/Applications/Xcode.app/Contents/Developer/Toolchains/XcodeDefault.xctoolchain/usr/bin/cc   -DCHECK_FUNCTION_EXISTS=clock_gettime -Wl,-search_paths_first -Wl,-headerpad_max_install_names   CMakeFiles/cmTC_fec34.dir/CheckFunctionExists.c.o  -o cmTC_fec34  -lm -ldl 
Undefined symbols for architecture x86_64:
  "_clock_gettime", referenced from:
      _main in CheckFunctionExists.c.o
ld: symbol(s) not found for architecture x86_64
clang: error: linker command failed with exit code 1 (use -v to see invocation)
make[1]: *** [cmTC_fec34] Error 1
make: *** [cmTC_fec34/fast] Error 2


Determining if the function clock_gettime exists in the rt failed with the following output:
Change Dir: /Users/tjcorona/Development/Software/Albany/Dependencies/hdf5-1.8.16/build/CMakeFiles/CMakeTmp

Run Build Command:"/usr/bin/make" "cmTC_0be6f/fast"
/Applications/Xcode.app/Contents/Developer/usr/bin/make -f CMakeFiles/cmTC_0be6f.dir/build.make CMakeFiles/cmTC_0be6f.dir/build
Building C object CMakeFiles/cmTC_0be6f.dir/CheckFunctionExists.c.o
/Applications/Xcode.app/Contents/Developer/Toolchains/XcodeDefault.xctoolchain/usr/bin/cc  -D_BSD_SOURCE -D_FILE_OFFSET_BITS=64 -D_LARGEFILE64_SOURCE -D_LARGEFILE_SOURCE  -DCHECK_FUNCTION_EXISTS=clock_gettime   -o CMakeFiles/cmTC_0be6f.dir/CheckFunctionExists.c.o   -c /usr/local/Cellar/cmake/3.6.0_1/share/cmake/Modules/CheckFunctionExists.c
Linking C executable cmTC_0be6f
/usr/local/Cellar/cmake/3.6.0_1/bin/cmake -E cmake_link_script CMakeFiles/cmTC_0be6f.dir/link.txt --verbose=1
/Applications/Xcode.app/Contents/Developer/Toolchains/XcodeDefault.xctoolchain/usr/bin/cc   -DCHECK_FUNCTION_EXISTS=clock_gettime -Wl,-search_paths_first -Wl,-headerpad_max_install_names   CMakeFiles/cmTC_0be6f.dir/CheckFunctionExists.c.o  -o cmTC_0be6f  -lrt -lm -ldl 
ld: library not found for -lrt
clang: error: linker command failed with exit code 1 (use -v to see invocation)
make[1]: *** [cmTC_0be6f] Error 1
make: *** [cmTC_0be6f/fast] Error 2


Determining if the function clock_gettime exists in the posix4 failed with the following output:
Change Dir: /Users/tjcorona/Development/Software/Albany/Dependencies/hdf5-1.8.16/build/CMakeFiles/CMakeTmp

Run Build Command:"/usr/bin/make" "cmTC_a92fe/fast"
/Applications/Xcode.app/Contents/Developer/usr/bin/make -f CMakeFiles/cmTC_a92fe.dir/build.make CMakeFiles/cmTC_a92fe.dir/build
Building C object CMakeFiles/cmTC_a92fe.dir/CheckFunctionExists.c.o
/Applications/Xcode.app/Contents/Developer/Toolchains/XcodeDefault.xctoolchain/usr/bin/cc  -D_BSD_SOURCE -D_FILE_OFFSET_BITS=64 -D_LARGEFILE64_SOURCE -D_LARGEFILE_SOURCE  -DCHECK_FUNCTION_EXISTS=clock_gettime   -o CMakeFiles/cmTC_a92fe.dir/CheckFunctionExists.c.o   -c /usr/local/Cellar/cmake/3.6.0_1/share/cmake/Modules/CheckFunctionExists.c
Linking C executable cmTC_a92fe
/usr/local/Cellar/cmake/3.6.0_1/bin/cmake -E cmake_link_script CMakeFiles/cmTC_a92fe.dir/link.txt --verbose=1
/Applications/Xcode.app/Contents/Developer/Toolchains/XcodeDefault.xctoolchain/usr/bin/cc   -DCHECK_FUNCTION_EXISTS=clock_gettime -Wl,-search_paths_first -Wl,-headerpad_max_install_names   CMakeFiles/cmTC_a92fe.dir/CheckFunctionExists.c.o  -o cmTC_a92fe  -lposix4 -lm -ldl 
ld: library not found for -lposix4
clang: error: linker command failed with exit code 1 (use -v to see invocation)
make[1]: *** [cmTC_a92fe] Error 1
make: *** [cmTC_a92fe/fast] Error 2


Test TEST_DIRECT_VFD_WORKS Compile failed with the following output:
 Change Dir: /Users/tjcorona/Development/Software/Albany/Dependencies/hdf5-1.8.16/build/CMakeFiles/CMakeTmp

Run Build Command:"/usr/bin/make" "cmTC_944ed/fast"
/Applications/Xcode.app/Contents/Developer/usr/bin/make -f CMakeFiles/cmTC_944ed.dir/build.make CMakeFiles/cmTC_944ed.dir/build
Building C object CMakeFiles/cmTC_944ed.dir/HDFTests.c.o
/Applications/Xcode.app/Contents/Developer/Toolchains/XcodeDefault.xctoolchain/usr/bin/cc    -DTEST_DIRECT_VFD_WORKS -D_GNU_SOURCE   -o CMakeFiles/cmTC_944ed.dir/HDFTests.c.o   -c /Users/tjcorona/Development/Software/Albany/Dependencies/hdf5-1.8.16/config/cmake_ext_mod/HDFTests.c
/Users/tjcorona/Development/Software/Albany/Dependencies/hdf5-1.8.16/config/cmake_ext_mod/HDFTests.c:314:49: error: use of undeclared identifier 'O_DIRECT'
   if((fid=open("tst_file", O_CREAT | O_TRUNC | O_DIRECT, 0755))<0)
                                                ^
/Users/tjcorona/Development/Software/Albany/Dependencies/hdf5-1.8.16/config/cmake_ext_mod/HDFTests.c:316:4: warning: implicit declaration of function 'close' is invalid in C99 [-Wimplicit-function-declaration]
   close(fid);
   ^
/Users/tjcorona/Development/Software/Albany/Dependencies/hdf5-1.8.16/config/cmake_ext_mod/HDFTests.c:317:4: warning: implicit declaration of function 'remove' is invalid in C99 [-Wimplicit-function-declaration]
   remove("tst_file");
   ^
2 warnings and 1 error generated.
make[1]: *** [CMakeFiles/cmTC_944ed.dir/HDFTests.c.o] Error 1
make: *** [cmTC_944ed/fast] Error 2

Test H5_LDOUBLE_TO_LONG_SPECIAL Run failed with the following output and exit code:
 Change Dir: /Users/tjcorona/Development/Software/Albany/Dependencies/hdf5-1.8.16/build/CMakeFiles/CMakeTmp

Run Build Command:"/usr/bin/make" "cmTC_c2264/fast"
/Applications/Xcode.app/Contents/Developer/usr/bin/make -f CMakeFiles/cmTC_c2264.dir/build.make CMakeFiles/cmTC_c2264.dir/build
Building C object CMakeFiles/cmTC_c2264.dir/ConversionTests.c.o
/Applications/Xcode.app/Contents/Developer/Toolchains/XcodeDefault.xctoolchain/usr/bin/cc    -DH5_LDOUBLE_TO_LONG_SPECIAL_TEST   -o CMakeFiles/cmTC_c2264.dir/ConversionTests.c.o   -c /Users/tjcorona/Development/Software/Albany/Dependencies/hdf5-1.8.16/config/cmake/ConversionTests.c
Linking C executable cmTC_c2264
/usr/local/Cellar/cmake/3.6.0_1/bin/cmake -E cmake_link_script CMakeFiles/cmTC_c2264.dir/link.txt --verbose=1
/Applications/Xcode.app/Contents/Developer/Toolchains/XcodeDefault.xctoolchain/usr/bin/cc   -DH5_LDOUBLE_TO_LONG_SPECIAL_TEST -Wl,-search_paths_first -Wl,-headerpad_max_install_names   CMakeFiles/cmTC_c2264.dir/ConversionTests.c.o  -o cmTC_c2264  

Test H5_LONG_TO_LDOUBLE_SPECIAL Run failed with the following output and exit code:
 Change Dir: /Users/tjcorona/Development/Software/Albany/Dependencies/hdf5-1.8.16/build/CMakeFiles/CMakeTmp

Run Build Command:"/usr/bin/make" "cmTC_52af2/fast"
/Applications/Xcode.app/Contents/Developer/usr/bin/make -f CMakeFiles/cmTC_52af2.dir/build.make CMakeFiles/cmTC_52af2.dir/build
Building C object CMakeFiles/cmTC_52af2.dir/ConversionTests.c.o
/Applications/Xcode.app/Contents/Developer/Toolchains/XcodeDefault.xctoolchain/usr/bin/cc    -DH5_LONG_TO_LDOUBLE_SPECIAL_TEST   -o CMakeFiles/cmTC_52af2.dir/ConversionTests.c.o   -c /Users/tjcorona/Development/Software/Albany/Dependencies/hdf5-1.8.16/config/cmake/ConversionTests.c
Linking C executable cmTC_52af2
/usr/local/Cellar/cmake/3.6.0_1/bin/cmake -E cmake_link_script CMakeFiles/cmTC_52af2.dir/link.txt --verbose=1
/Applications/Xcode.app/Contents/Developer/Toolchains/XcodeDefault.xctoolchain/usr/bin/cc   -DH5_LONG_TO_LDOUBLE_SPECIAL_TEST -Wl,-search_paths_first -Wl,-headerpad_max_install_names   CMakeFiles/cmTC_52af2.dir/ConversionTests.c.o  -o cmTC_52af2  

Performing Other Test HAVE_OFF64_T failed with the following output:
Change Dir: /Users/tjcorona/Development/Software/Albany/Dependencies/hdf5-1.8.16/build/CMakeFiles/CMakeTmp

Run Build Command:"/usr/bin/make" "cmTC_8dad6/fast"
/Applications/Xcode.app/Contents/Developer/usr/bin/make -f CMakeFiles/cmTC_8dad6.dir/build.make CMakeFiles/cmTC_8dad6.dir/build
Building C object CMakeFiles/cmTC_8dad6.dir/HDFTests.c.o
/Applications/Xcode.app/Contents/Developer/Toolchains/XcodeDefault.xctoolchain/usr/bin/cc    -DHAVE_OFF64_T  -DHAVE_SYS_TIME_H -DHAVE_UNISTD_H -DHAVE_SYS_TYPES_H -DHAVE_SYS_SOCKET_H -D_FILE_OFFSET_BITS=64 -D_LARGEFILE64_SOURCE -D_LARGEFILE_SOURCE   -o CMakeFiles/cmTC_8dad6.dir/HDFTests.c.o   -c /Users/tjcorona/Development/Software/Albany/Dependencies/hdf5-1.8.16/config/cmake_ext_mod/HDFTests.c
/Users/tjcorona/Development/Software/Albany/Dependencies/hdf5-1.8.16/config/cmake_ext_mod/HDFTests.c:292:3: error: unknown type name 'off64_t'; did you mean 'off_t'?
  off64_t n = 0;
  ^~~~~~~
  off_t
/usr/include/sys/_types/_off_t.h:30:25: note: 'off_t' declared here
typedef __darwin_off_t          off_t;
                                ^
1 error generated.
make[1]: *** [CMakeFiles/cmTC_8dad6.dir/HDFTests.c.o] Error 1
make: *** [cmTC_8dad6/fast] Error 2

Performing Other Test HAVE___TM_GMTOFF failed with the following output:
Change Dir: /Users/tjcorona/Development/Software/Albany/Dependencies/hdf5-1.8.16/build/CMakeFiles/CMakeTmp

Run Build Command:"/usr/bin/make" "cmTC_56c31/fast"
/Applications/Xcode.app/Contents/Developer/usr/bin/make -f CMakeFiles/cmTC_56c31.dir/build.make CMakeFiles/cmTC_56c31.dir/build
Building C object CMakeFiles/cmTC_56c31.dir/HDFTests.c.o
/Applications/Xcode.app/Contents/Developer/Toolchains/XcodeDefault.xctoolchain/usr/bin/cc    -DHAVE___TM_GMTOFF  -DHAVE_SYS_TIME_H -DHAVE_UNISTD_H -DHAVE_SYS_TYPES_H -DHAVE_SYS_SOCKET_H -D_FILE_OFFSET_BITS=64 -D_LARGEFILE64_SOURCE -D_LARGEFILE_SOURCE   -o CMakeFiles/cmTC_56c31.dir/HDFTests.c.o   -c /Users/tjcorona/Development/Software/Albany/Dependencies/hdf5-1.8.16/config/cmake_ext_mod/HDFTests.c
/Users/tjcorona/Development/Software/Albany/Dependencies/hdf5-1.8.16/config/cmake_ext_mod/HDFTests.c:170:30: error: no member named '__tm_gmtoff' in 'struct tm'; did you mean 'tm_gmtoff'?
SIMPLE_TEST(struct tm tm; tm.__tm_gmtoff=0);
                             ^~~~~~~~~~~
                             tm_gmtoff
/Users/tjcorona/Development/Software/Albany/Dependencies/hdf5-1.8.16/config/cmake_ext_mod/HDFTests.c:1:36: note: expanded from macro 'SIMPLE_TEST'
#define SIMPLE_TEST(x) int main(){ x; return 0; }
                                   ^
/usr/include/time.h:83:7: note: 'tm_gmtoff' declared here
        long    tm_gmtoff;      /* offset from CUT in seconds */
                ^
1 error generated.
make[1]: *** [CMakeFiles/cmTC_56c31.dir/HDFTests.c.o] Error 1
make: *** [cmTC_56c31/fast] Error 2

Performing Other Test HAVE_TM_ZONE failed with the following output:
Change Dir: /Users/tjcorona/Development/Software/Albany/Dependencies/hdf5-1.8.16/build/CMakeFiles/CMakeTmp

Run Build Command:"/usr/bin/make" "cmTC_1a876/fast"
/Applications/Xcode.app/Contents/Developer/usr/bin/make -f CMakeFiles/cmTC_1a876.dir/build.make CMakeFiles/cmTC_1a876.dir/build
Building C object CMakeFiles/cmTC_1a876.dir/HDFTests.c.o
/Applications/Xcode.app/Contents/Developer/Toolchains/XcodeDefault.xctoolchain/usr/bin/cc    -DHAVE_TM_ZONE  -DHAVE_SYS_TIME_H -DHAVE_UNISTD_H -DHAVE_SYS_TYPES_H -DHAVE_SYS_SOCKET_H -D_FILE_OFFSET_BITS=64 -D_LARGEFILE64_SOURCE -D_LARGEFILE_SOURCE   -o CMakeFiles/cmTC_1a876.dir/HDFTests.c.o   -c /Users/tjcorona/Development/Software/Albany/Dependencies/hdf5-1.8.16/config/cmake_ext_mod/HDFTests.c
Linking C executable cmTC_1a876
/usr/local/Cellar/cmake/3.6.0_1/bin/cmake -E cmake_link_script CMakeFiles/cmTC_1a876.dir/link.txt --verbose=1
/Applications/Xcode.app/Contents/Developer/Toolchains/XcodeDefault.xctoolchain/usr/bin/cc   -DHAVE_TM_ZONE  -DHAVE_SYS_TIME_H -DHAVE_UNISTD_H -DHAVE_SYS_TYPES_H -DHAVE_SYS_SOCKET_H -D_FILE_OFFSET_BITS=64 -D_LARGEFILE64_SOURCE -D_LARGEFILE_SOURCE -Wl,-search_paths_first -Wl,-headerpad_max_install_names   CMakeFiles/cmTC_1a876.dir/HDFTests.c.o  -o cmTC_1a876  -lm -ldl 
Undefined symbols for architecture x86_64:
  "_main", referenced from:
     implicit entry/start for main executable
ld: symbol(s) not found for architecture x86_64
clang: error: linker command failed with exit code 1 (use -v to see invocation)
make[1]: *** [cmTC_1a876] Error 1
make: *** [cmTC_1a876/fast] Error 2

Performing Other Test HAVE_STRUCT_TM_TM_ZONE failed with the following output:
Change Dir: /Users/tjcorona/Development/Software/Albany/Dependencies/hdf5-1.8.16/build/CMakeFiles/CMakeTmp

Run Build Command:"/usr/bin/make" "cmTC_052e2/fast"
/Applications/Xcode.app/Contents/Developer/usr/bin/make -f CMakeFiles/cmTC_052e2.dir/build.make CMakeFiles/cmTC_052e2.dir/build
Building C object CMakeFiles/cmTC_052e2.dir/HDFTests.c.o
/Applications/Xcode.app/Contents/Developer/Toolchains/XcodeDefault.xctoolchain/usr/bin/cc    -DHAVE_STRUCT_TM_TM_ZONE  -DHAVE_SYS_TIME_H -DHAVE_UNISTD_H -DHAVE_SYS_TYPES_H -DHAVE_SYS_SOCKET_H -D_FILE_OFFSET_BITS=64 -D_LARGEFILE64_SOURCE -D_LARGEFILE_SOURCE   -o CMakeFiles/cmTC_052e2.dir/HDFTests.c.o   -c /Users/tjcorona/Development/Software/Albany/Dependencies/hdf5-1.8.16/config/cmake_ext_mod/HDFTests.c
Linking C executable cmTC_052e2
/usr/local/Cellar/cmake/3.6.0_1/bin/cmake -E cmake_link_script CMakeFiles/cmTC_052e2.dir/link.txt --verbose=1
/Applications/Xcode.app/Contents/Developer/Toolchains/XcodeDefault.xctoolchain/usr/bin/cc   -DHAVE_STRUCT_TM_TM_ZONE  -DHAVE_SYS_TIME_H -DHAVE_UNISTD_H -DHAVE_SYS_TYPES_H -DHAVE_SYS_SOCKET_H -D_FILE_OFFSET_BITS=64 -D_LARGEFILE64_SOURCE -D_LARGEFILE_SOURCE -Wl,-search_paths_first -Wl,-headerpad_max_install_names   CMakeFiles/cmTC_052e2.dir/HDFTests.c.o  -o cmTC_052e2  -lm -ldl 
Undefined symbols for architecture x86_64:
  "_main", referenced from:
     implicit entry/start for main executable
ld: symbol(s) not found for architecture x86_64
clang: error: linker command failed with exit code 1 (use -v to see invocation)
make[1]: *** [cmTC_052e2] Error 1
make: *** [cmTC_052e2/fast] Error 2

Performing Other Test HAVE_STRUCT_VIDEOCONFIG failed with the following output:
Change Dir: /Users/tjcorona/Development/Software/Albany/Dependencies/hdf5-1.8.16/build/CMakeFiles/CMakeTmp

Run Build Command:"/usr/bin/make" "cmTC_0aa2e/fast"
/Applications/Xcode.app/Contents/Developer/usr/bin/make -f CMakeFiles/cmTC_0aa2e.dir/build.make CMakeFiles/cmTC_0aa2e.dir/build
Building C object CMakeFiles/cmTC_0aa2e.dir/HDFTests.c.o
/Applications/Xcode.app/Contents/Developer/Toolchains/XcodeDefault.xctoolchain/usr/bin/cc    -DHAVE_STRUCT_VIDEOCONFIG  -DHAVE_SYS_TIME_H -DHAVE_UNISTD_H -DHAVE_SYS_TYPES_H -DHAVE_SYS_SOCKET_H -D_FILE_OFFSET_BITS=64 -D_LARGEFILE64_SOURCE -D_LARGEFILE_SOURCE   -o CMakeFiles/cmTC_0aa2e.dir/HDFTests.c.o   -c /Users/tjcorona/Development/Software/Albany/Dependencies/hdf5-1.8.16/config/cmake_ext_mod/HDFTests.c
/Users/tjcorona/Development/Software/Albany/Dependencies/hdf5-1.8.16/config/cmake_ext_mod/HDFTests.c:447:32: error: variable has incomplete type 'struct videoconfig'
SIMPLE_TEST(struct videoconfig w; w.numtextcols=0);
                               ^
/Users/tjcorona/Development/Software/Albany/Dependencies/hdf5-1.8.16/config/cmake_ext_mod/HDFTests.c:447:20: note: forward declaration of 'struct videoconfig'
SIMPLE_TEST(struct videoconfig w; w.numtextcols=0);
                   ^
1 error generated.
make[1]: *** [CMakeFiles/cmTC_0aa2e.dir/HDFTests.c.o] Error 1
make: *** [cmTC_0aa2e/fast] Error 2

Performing Other Test HAVE_STRUCT_TEXT_INFO failed with the following output:
Change Dir: /Users/tjcorona/Development/Software/Albany/Dependencies/hdf5-1.8.16/build/CMakeFiles/CMakeTmp

Run Build Command:"/usr/bin/make" "cmTC_15ca5/fast"
/Applications/Xcode.app/Contents/Developer/usr/bin/make -f CMakeFiles/cmTC_15ca5.dir/build.make CMakeFiles/cmTC_15ca5.dir/build
Building C object CMakeFiles/cmTC_15ca5.dir/HDFTests.c.o
/Applications/Xcode.app/Contents/Developer/Toolchains/XcodeDefault.xctoolchain/usr/bin/cc    -DHAVE_STRUCT_TEXT_INFO  -DHAVE_SYS_TIME_H -DHAVE_UNISTD_H -DHAVE_SYS_TYPES_H -DHAVE_SYS_SOCKET_H -D_FILE_OFFSET_BITS=64 -D_LARGEFILE64_SOURCE -D_LARGEFILE_SOURCE   -o CMakeFiles/cmTC_15ca5.dir/HDFTests.c.o   -c /Users/tjcorona/Development/Software/Albany/Dependencies/hdf5-1.8.16/config/cmake_ext_mod/HDFTests.c
/Users/tjcorona/Development/Software/Albany/Dependencies/hdf5-1.8.16/config/cmake_ext_mod/HDFTests.c:453:30: error: variable has incomplete type 'struct text_info'
SIMPLE_TEST(struct text_info w; w.screenwidth=0);
                             ^
/Users/tjcorona/Development/Software/Albany/Dependencies/hdf5-1.8.16/config/cmake_ext_mod/HDFTests.c:453:20: note: forward declaration of 'struct text_info'
SIMPLE_TEST(struct text_info w; w.screenwidth=0);
                   ^
1 error generated.
make[1]: *** [CMakeFiles/cmTC_15ca5.dir/HDFTests.c.o] Error 1
make: *** [cmTC_15ca5/fast] Error 2

Performing CXX Test OLD_HEADER_FILENAME failed with the following output:
Change Dir: /Users/tjcorona/Development/Software/Albany/Dependencies/hdf5-1.8.16/build/CMakeFiles/CMakeTmp

Run Build Command:"/usr/bin/make" "cmTC_9cfdb/fast"
/Applications/Xcode.app/Contents/Developer/usr/bin/make -f CMakeFiles/cmTC_9cfdb.dir/build.make CMakeFiles/cmTC_9cfdb.dir/build
Building CXX object CMakeFiles/cmTC_9cfdb.dir/HDFCXXTests.cpp.o
/Applications/Xcode.app/Contents/Developer/Toolchains/XcodeDefault.xctoolchain/usr/bin/c++     -DOLD_HEADER_FILENAME  -DHAVE_SYS_TIME_H -DHAVE_UNISTD_H -DHAVE_SYS_TYPES_H -DHAVE_SYS_SOCKET_H -D_FILE_OFFSET_BITS=64 -D_LARGEFILE64_SOURCE -D_LARGEFILE_SOURCE   -o CMakeFiles/cmTC_9cfdb.dir/HDFCXXTests.cpp.o -c /Users/tjcorona/Development/Software/Albany/Dependencies/hdf5-1.8.16/config/cmake_ext_mod/HDFCXXTests.cpp
Linking CXX executable cmTC_9cfdb
/usr/local/Cellar/cmake/3.6.0_1/bin/cmake -E cmake_link_script CMakeFiles/cmTC_9cfdb.dir/link.txt --verbose=1
/Applications/Xcode.app/Contents/Developer/Toolchains/XcodeDefault.xctoolchain/usr/bin/c++    -DOLD_HEADER_FILENAME  -DHAVE_SYS_TIME_H -DHAVE_UNISTD_H -DHAVE_SYS_TYPES_H -DHAVE_SYS_SOCKET_H -D_FILE_OFFSET_BITS=64 -D_LARGEFILE64_SOURCE -D_LARGEFILE_SOURCE -Wl,-search_paths_first -Wl,-headerpad_max_install_names   CMakeFiles/cmTC_9cfdb.dir/HDFCXXTests.cpp.o  -o cmTC_9cfdb  -lm -ldl 

Performing CXX Test H5_NO_NAMESPACE failed with the following output:
Change Dir: /Users/tjcorona/Development/Software/Albany/Dependencies/hdf5-1.8.16/build/CMakeFiles/CMakeTmp

Run Build Command:"/usr/bin/make" "cmTC_a64ae/fast"
/Applications/Xcode.app/Contents/Developer/usr/bin/make -f CMakeFiles/cmTC_a64ae.dir/build.make CMakeFiles/cmTC_a64ae.dir/build
Building CXX object CMakeFiles/cmTC_a64ae.dir/HDFCXXTests.cpp.o
/Applications/Xcode.app/Contents/Developer/Toolchains/XcodeDefault.xctoolchain/usr/bin/c++     -DH5_NO_NAMESPACE  -DHAVE_SYS_TIME_H -DHAVE_UNISTD_H -DHAVE_SYS_TYPES_H -DHAVE_SYS_SOCKET_H -D_FILE_OFFSET_BITS=64 -D_LARGEFILE64_SOURCE -D_LARGEFILE_SOURCE   -o CMakeFiles/cmTC_a64ae.dir/HDFCXXTests.cpp.o -c /Users/tjcorona/Development/Software/Albany/Dependencies/hdf5-1.8.16/config/cmake_ext_mod/HDFCXXTests.cpp
Linking CXX executable cmTC_a64ae
/usr/local/Cellar/cmake/3.6.0_1/bin/cmake -E cmake_link_script CMakeFiles/cmTC_a64ae.dir/link.txt --verbose=1
/Applications/Xcode.app/Contents/Developer/Toolchains/XcodeDefault.xctoolchain/usr/bin/c++    -DH5_NO_NAMESPACE  -DHAVE_SYS_TIME_H -DHAVE_UNISTD_H -DHAVE_SYS_TYPES_H -DHAVE_SYS_SOCKET_H -D_FILE_OFFSET_BITS=64 -D_LARGEFILE64_SOURCE -D_LARGEFILE_SOURCE -Wl,-search_paths_first -Wl,-headerpad_max_install_names   CMakeFiles/cmTC_a64ae.dir/HDFCXXTests.cpp.o  -o cmTC_a64ae  -lm -ldl 
Undefined symbols for architecture x86_64:
  "_main", referenced from:
     implicit entry/start for main executable
ld: symbol(s) not found for architecture x86_64
clang: error: linker command failed with exit code 1 (use -v to see invocation)
make[1]: *** [cmTC_a64ae] Error 1
make: *** [cmTC_a64ae/fast] Error 2

Performing CXX Test H5_NO_STD failed with the following output:
Change Dir: /Users/tjcorona/Development/Software/Albany/Dependencies/hdf5-1.8.16/build/CMakeFiles/CMakeTmp

Run Build Command:"/usr/bin/make" "cmTC_fb394/fast"
/Applications/Xcode.app/Contents/Developer/usr/bin/make -f CMakeFiles/cmTC_fb394.dir/build.make CMakeFiles/cmTC_fb394.dir/build
Building CXX object CMakeFiles/cmTC_fb394.dir/HDFCXXTests.cpp.o
/Applications/Xcode.app/Contents/Developer/Toolchains/XcodeDefault.xctoolchain/usr/bin/c++     -DH5_NO_STD  -DHAVE_SYS_TIME_H -DHAVE_UNISTD_H -DHAVE_SYS_TYPES_H -DHAVE_SYS_SOCKET_H -D_FILE_OFFSET_BITS=64 -D_LARGEFILE64_SOURCE -D_LARGEFILE_SOURCE   -o CMakeFiles/cmTC_fb394.dir/HDFCXXTests.cpp.o -c /Users/tjcorona/Development/Software/Albany/Dependencies/hdf5-1.8.16/config/cmake_ext_mod/HDFCXXTests.cpp
Linking CXX executable cmTC_fb394
/usr/local/Cellar/cmake/3.6.0_1/bin/cmake -E cmake_link_script CMakeFiles/cmTC_fb394.dir/link.txt --verbose=1
/Applications/Xcode.app/Contents/Developer/Toolchains/XcodeDefault.xctoolchain/usr/bin/c++    -DH5_NO_STD  -DHAVE_SYS_TIME_H -DHAVE_UNISTD_H -DHAVE_SYS_TYPES_H -DHAVE_SYS_SOCKET_H -D_FILE_OFFSET_BITS=64 -D_LARGEFILE64_SOURCE -D_LARGEFILE_SOURCE -Wl,-search_paths_first -Wl,-headerpad_max_install_names   CMakeFiles/cmTC_fb394.dir/HDFCXXTests.cpp.o  -o cmTC_fb394  -lm -ldl 
Undefined symbols for architecture x86_64:
  "_main", referenced from:
     implicit entry/start for main executable
ld: symbol(s) not found for architecture x86_64
clang: error: linker command failed with exit code 1 (use -v to see invocation)
make[1]: *** [cmTC_fb394] Error 1
make: *** [cmTC_fb394/fast] Error 2

Performing CXX Test BOOL_NOTDEFINED failed with the following output:
Change Dir: /Users/tjcorona/Development/Software/Albany/Dependencies/hdf5-1.8.16/build/CMakeFiles/CMakeTmp

Run Build Command:"/usr/bin/make" "cmTC_d496e/fast"
/Applications/Xcode.app/Contents/Developer/usr/bin/make -f CMakeFiles/cmTC_d496e.dir/build.make CMakeFiles/cmTC_d496e.dir/build
Building CXX object CMakeFiles/cmTC_d496e.dir/HDFCXXTests.cpp.o
/Applications/Xcode.app/Contents/Developer/Toolchains/XcodeDefault.xctoolchain/usr/bin/c++     -DBOOL_NOTDEFINED  -DHAVE_SYS_TIME_H -DHAVE_UNISTD_H -DHAVE_SYS_TYPES_H -DHAVE_SYS_SOCKET_H -D_FILE_OFFSET_BITS=64 -D_LARGEFILE64_SOURCE -D_LARGEFILE_SOURCE   -o CMakeFiles/cmTC_d496e.dir/HDFCXXTests.cpp.o -c /Users/tjcorona/Development/Software/Albany/Dependencies/hdf5-1.8.16/config/cmake_ext_mod/HDFCXXTests.cpp
Linking CXX executable cmTC_d496e
/usr/local/Cellar/cmake/3.6.0_1/bin/cmake -E cmake_link_script CMakeFiles/cmTC_d496e.dir/link.txt --verbose=1
/Applications/Xcode.app/Contents/Developer/Toolchains/XcodeDefault.xctoolchain/usr/bin/c++    -DBOOL_NOTDEFINED  -DHAVE_SYS_TIME_H -DHAVE_UNISTD_H -DHAVE_SYS_TYPES_H -DHAVE_SYS_SOCKET_H -D_FILE_OFFSET_BITS=64 -D_LARGEFILE64_SOURCE -D_LARGEFILE_SOURCE -Wl,-search_paths_first -Wl,-headerpad_max_install_names   CMakeFiles/cmTC_d496e.dir/HDFCXXTests.cpp.o  -o cmTC_d496e  -lm -ldl 

Performing CXX Test NO_STATIC_CAST failed with the following output:
Change Dir: /Users/tjcorona/Development/Software/Albany/Dependencies/hdf5-1.8.16/build/CMakeFiles/CMakeTmp

Run Build Command:"/usr/bin/make" "cmTC_47df6/fast"
/Applications/Xcode.app/Contents/Developer/usr/bin/make -f CMakeFiles/cmTC_47df6.dir/build.make CMakeFiles/cmTC_47df6.dir/build
Building CXX object CMakeFiles/cmTC_47df6.dir/HDFCXXTests.cpp.o
/Applications/Xcode.app/Contents/Developer/Toolchains/XcodeDefault.xctoolchain/usr/bin/c++     -DNO_STATIC_CAST  -DHAVE_SYS_TIME_H -DHAVE_UNISTD_H -DHAVE_SYS_TYPES_H -DHAVE_SYS_SOCKET_H -D_FILE_OFFSET_BITS=64 -D_LARGEFILE64_SOURCE -D_LARGEFILE_SOURCE   -o CMakeFiles/cmTC_47df6.dir/HDFCXXTests.cpp.o -c /Users/tjcorona/Development/Software/Albany/Dependencies/hdf5-1.8.16/config/cmake_ext_mod/HDFCXXTests.cpp
Linking CXX executable cmTC_47df6
/usr/local/Cellar/cmake/3.6.0_1/bin/cmake -E cmake_link_script CMakeFiles/cmTC_47df6.dir/link.txt --verbose=1
/Applications/Xcode.app/Contents/Developer/Toolchains/XcodeDefault.xctoolchain/usr/bin/c++    -DNO_STATIC_CAST  -DHAVE_SYS_TIME_H -DHAVE_UNISTD_H -DHAVE_SYS_TYPES_H -DHAVE_SYS_SOCKET_H -D_FILE_OFFSET_BITS=64 -D_LARGEFILE64_SOURCE -D_LARGEFILE_SOURCE -Wl,-search_paths_first -Wl,-headerpad_max_install_names   CMakeFiles/cmTC_47df6.dir/HDFCXXTests.cpp.o  -o cmTC_47df6  -lm -ldl 

Test TEST_DIRECT_VFD_WORKS Compile failed with the following output:
 Change Dir: /Users/tjcorona/Development/Software/Albany/Dependencies/hdf5-1.8.16/build/CMakeFiles/CMakeTmp

Run Build Command:"/usr/bin/make" "cmTC_303c9/fast"
/Applications/Xcode.app/Contents/Developer/usr/bin/make -f CMakeFiles/cmTC_303c9.dir/build.make CMakeFiles/cmTC_303c9.dir/build
Building C object CMakeFiles/cmTC_303c9.dir/HDFTests.c.o
/Applications/Xcode.app/Contents/Developer/Toolchains/XcodeDefault.xctoolchain/usr/bin/cc    -DTEST_DIRECT_VFD_WORKS -D_GNU_SOURCE   -o CMakeFiles/cmTC_303c9.dir/HDFTests.c.o   -c /Users/tjcorona/Development/Software/Albany/Dependencies/hdf5-1.8.16/config/cmake_ext_mod/HDFTests.c
/Users/tjcorona/Development/Software/Albany/Dependencies/hdf5-1.8.16/config/cmake_ext_mod/HDFTests.c:314:49: error: use of undeclared identifier 'O_DIRECT'
   if((fid=open("tst_file", O_CREAT | O_TRUNC | O_DIRECT, 0755))<0)
                                                ^
/Users/tjcorona/Development/Software/Albany/Dependencies/hdf5-1.8.16/config/cmake_ext_mod/HDFTests.c:316:4: warning: implicit declaration of function 'close' is invalid in C99 [-Wimplicit-function-declaration]
   close(fid);
   ^
/Users/tjcorona/Development/Software/Albany/Dependencies/hdf5-1.8.16/config/cmake_ext_mod/HDFTests.c:317:4: warning: implicit declaration of function 'remove' is invalid in C99 [-Wimplicit-function-declaration]
   remove("tst_file");
   ^
2 warnings and 1 error generated.
make[1]: *** [CMakeFiles/cmTC_303c9.dir/HDFTests.c.o] Error 1
make: *** [cmTC_303c9/fast] Error 2

Test H5_LDOUBLE_TO_LONG_SPECIAL Run failed with the following output and exit code:
 Change Dir: /Users/tjcorona/Development/Software/Albany/Dependencies/hdf5-1.8.16/build/CMakeFiles/CMakeTmp

Run Build Command:"/usr/bin/make" "cmTC_1d87a/fast"
/Applications/Xcode.app/Contents/Developer/usr/bin/make -f CMakeFiles/cmTC_1d87a.dir/build.make CMakeFiles/cmTC_1d87a.dir/build
Building C object CMakeFiles/cmTC_1d87a.dir/ConversionTests.c.o
/Applications/Xcode.app/Contents/Developer/Toolchains/XcodeDefault.xctoolchain/usr/bin/cc    -DH5_LDOUBLE_TO_LONG_SPECIAL_TEST   -o CMakeFiles/cmTC_1d87a.dir/ConversionTests.c.o   -c /Users/tjcorona/Development/Software/Albany/Dependencies/hdf5-1.8.16/config/cmake/ConversionTests.c
Linking C executable cmTC_1d87a
/usr/local/Cellar/cmake/3.6.0_1/bin/cmake -E cmake_link_script CMakeFiles/cmTC_1d87a.dir/link.txt --verbose=1
/Applications/Xcode.app/Contents/Developer/Toolchains/XcodeDefault.xctoolchain/usr/bin/cc   -DH5_LDOUBLE_TO_LONG_SPECIAL_TEST -Wl,-search_paths_first -Wl,-headerpad_max_install_names   CMakeFiles/cmTC_1d87a.dir/ConversionTests.c.o  -o cmTC_1d87a  

Test H5_LONG_TO_LDOUBLE_SPECIAL Run failed with the following output and exit code:
 Change Dir: /Users/tjcorona/Development/Software/Albany/Dependencies/hdf5-1.8.16/build/CMakeFiles/CMakeTmp

Run Build Command:"/usr/bin/make" "cmTC_72cc0/fast"
/Applications/Xcode.app/Contents/Developer/usr/bin/make -f CMakeFiles/cmTC_72cc0.dir/build.make CMakeFiles/cmTC_72cc0.dir/build
Building C object CMakeFiles/cmTC_72cc0.dir/ConversionTests.c.o
/Applications/Xcode.app/Contents/Developer/Toolchains/XcodeDefault.xctoolchain/usr/bin/cc    -DH5_LONG_TO_LDOUBLE_SPECIAL_TEST   -o CMakeFiles/cmTC_72cc0.dir/ConversionTests.c.o   -c /Users/tjcorona/Development/Software/Albany/Dependencies/hdf5-1.8.16/config/cmake/ConversionTests.c
Linking C executable cmTC_72cc0
/usr/local/Cellar/cmake/3.6.0_1/bin/cmake -E cmake_link_script CMakeFiles/cmTC_72cc0.dir/link.txt --verbose=1
/Applications/Xcode.app/Contents/Developer/Toolchains/XcodeDefault.xctoolchain/usr/bin/cc   -DH5_LONG_TO_LDOUBLE_SPECIAL_TEST -Wl,-search_paths_first -Wl,-headerpad_max_install_names   CMakeFiles/cmTC_72cc0.dir/ConversionTests.c.o  -o cmTC_72cc0  

Performing Other Test HAVE_OFF64_T failed with the following output:
Change Dir: /Users/tjcorona/Development/Software/Albany/Dependencies/hdf5-1.8.16/build/CMakeFiles/CMakeTmp

Run Build Command:"/usr/bin/make" "cmTC_83fbc/fast"
/Applications/Xcode.app/Contents/Developer/usr/bin/make -f CMakeFiles/cmTC_83fbc.dir/build.make CMakeFiles/cmTC_83fbc.dir/build
Building C object CMakeFiles/cmTC_83fbc.dir/HDFTests.c.o
/Applications/Xcode.app/Contents/Developer/Toolchains/XcodeDefault.xctoolchain/usr/bin/cc    -DHAVE_OFF64_T  -DHAVE_SYS_TIME_H -DHAVE_UNISTD_H -DHAVE_SYS_TYPES_H -DHAVE_SYS_SOCKET_H -D_FILE_OFFSET_BITS=64 -D_LARGEFILE64_SOURCE -D_LARGEFILE_SOURCE   -o CMakeFiles/cmTC_83fbc.dir/HDFTests.c.o   -c /Users/tjcorona/Development/Software/Albany/Dependencies/hdf5-1.8.16/config/cmake_ext_mod/HDFTests.c
/Users/tjcorona/Development/Software/Albany/Dependencies/hdf5-1.8.16/config/cmake_ext_mod/HDFTests.c:292:3: error: unknown type name 'off64_t'; did you mean 'off_t'?
  off64_t n = 0;
  ^~~~~~~
  off_t
/usr/include/sys/_types/_off_t.h:30:25: note: 'off_t' declared here
typedef __darwin_off_t          off_t;
                                ^
1 error generated.
make[1]: *** [CMakeFiles/cmTC_83fbc.dir/HDFTests.c.o] Error 1
make: *** [cmTC_83fbc/fast] Error 2

Performing Other Test HAVE___TM_GMTOFF failed with the following output:
Change Dir: /Users/tjcorona/Development/Software/Albany/Dependencies/hdf5-1.8.16/build/CMakeFiles/CMakeTmp

Run Build Command:"/usr/bin/make" "cmTC_e9e1f/fast"
/Applications/Xcode.app/Contents/Developer/usr/bin/make -f CMakeFiles/cmTC_e9e1f.dir/build.make CMakeFiles/cmTC_e9e1f.dir/build
Building C object CMakeFiles/cmTC_e9e1f.dir/HDFTests.c.o
/Applications/Xcode.app/Contents/Developer/Toolchains/XcodeDefault.xctoolchain/usr/bin/cc    -DHAVE___TM_GMTOFF  -DHAVE_SYS_TIME_H -DHAVE_UNISTD_H -DHAVE_SYS_TYPES_H -DHAVE_SYS_SOCKET_H -D_FILE_OFFSET_BITS=64 -D_LARGEFILE64_SOURCE -D_LARGEFILE_SOURCE   -o CMakeFiles/cmTC_e9e1f.dir/HDFTests.c.o   -c /Users/tjcorona/Development/Software/Albany/Dependencies/hdf5-1.8.16/config/cmake_ext_mod/HDFTests.c
/Users/tjcorona/Development/Software/Albany/Dependencies/hdf5-1.8.16/config/cmake_ext_mod/HDFTests.c:170:30: error: no member named '__tm_gmtoff' in 'struct tm'; did you mean 'tm_gmtoff'?
SIMPLE_TEST(struct tm tm; tm.__tm_gmtoff=0);
                             ^~~~~~~~~~~
                             tm_gmtoff
/Users/tjcorona/Development/Software/Albany/Dependencies/hdf5-1.8.16/config/cmake_ext_mod/HDFTests.c:1:36: note: expanded from macro 'SIMPLE_TEST'
#define SIMPLE_TEST(x) int main(){ x; return 0; }
                                   ^
/usr/include/time.h:83:7: note: 'tm_gmtoff' declared here
        long    tm_gmtoff;      /* offset from CUT in seconds */
                ^
1 error generated.
make[1]: *** [CMakeFiles/cmTC_e9e1f.dir/HDFTests.c.o] Error 1
make: *** [cmTC_e9e1f/fast] Error 2

Performing Other Test HAVE_TM_ZONE failed with the following output:
Change Dir: /Users/tjcorona/Development/Software/Albany/Dependencies/hdf5-1.8.16/build/CMakeFiles/CMakeTmp

Run Build Command:"/usr/bin/make" "cmTC_16fbc/fast"
/Applications/Xcode.app/Contents/Developer/usr/bin/make -f CMakeFiles/cmTC_16fbc.dir/build.make CMakeFiles/cmTC_16fbc.dir/build
Building C object CMakeFiles/cmTC_16fbc.dir/HDFTests.c.o
/Applications/Xcode.app/Contents/Developer/Toolchains/XcodeDefault.xctoolchain/usr/bin/cc    -DHAVE_TM_ZONE  -DHAVE_SYS_TIME_H -DHAVE_UNISTD_H -DHAVE_SYS_TYPES_H -DHAVE_SYS_SOCKET_H -D_FILE_OFFSET_BITS=64 -D_LARGEFILE64_SOURCE -D_LARGEFILE_SOURCE   -o CMakeFiles/cmTC_16fbc.dir/HDFTests.c.o   -c /Users/tjcorona/Development/Software/Albany/Dependencies/hdf5-1.8.16/config/cmake_ext_mod/HDFTests.c
Linking C executable cmTC_16fbc
/usr/local/Cellar/cmake/3.6.0_1/bin/cmake -E cmake_link_script CMakeFiles/cmTC_16fbc.dir/link.txt --verbose=1
/Applications/Xcode.app/Contents/Developer/Toolchains/XcodeDefault.xctoolchain/usr/bin/cc   -DHAVE_TM_ZONE  -DHAVE_SYS_TIME_H -DHAVE_UNISTD_H -DHAVE_SYS_TYPES_H -DHAVE_SYS_SOCKET_H -D_FILE_OFFSET_BITS=64 -D_LARGEFILE64_SOURCE -D_LARGEFILE_SOURCE -Wl,-search_paths_first -Wl,-headerpad_max_install_names   CMakeFiles/cmTC_16fbc.dir/HDFTests.c.o  -o cmTC_16fbc  -lm -ldl 
Undefined symbols for architecture x86_64:
  "_main", referenced from:
     implicit entry/start for main executable
ld: symbol(s) not found for architecture x86_64
clang: error: linker command failed with exit code 1 (use -v to see invocation)
make[1]: *** [cmTC_16fbc] Error 1
make: *** [cmTC_16fbc/fast] Error 2

Performing Other Test HAVE_STRUCT_TM_TM_ZONE failed with the following output:
Change Dir: /Users/tjcorona/Development/Software/Albany/Dependencies/hdf5-1.8.16/build/CMakeFiles/CMakeTmp

Run Build Command:"/usr/bin/make" "cmTC_aabd9/fast"
/Applications/Xcode.app/Contents/Developer/usr/bin/make -f CMakeFiles/cmTC_aabd9.dir/build.make CMakeFiles/cmTC_aabd9.dir/build
Building C object CMakeFiles/cmTC_aabd9.dir/HDFTests.c.o
/Applications/Xcode.app/Contents/Developer/Toolchains/XcodeDefault.xctoolchain/usr/bin/cc    -DHAVE_STRUCT_TM_TM_ZONE  -DHAVE_SYS_TIME_H -DHAVE_UNISTD_H -DHAVE_SYS_TYPES_H -DHAVE_SYS_SOCKET_H -D_FILE_OFFSET_BITS=64 -D_LARGEFILE64_SOURCE -D_LARGEFILE_SOURCE   -o CMakeFiles/cmTC_aabd9.dir/HDFTests.c.o   -c /Users/tjcorona/Development/Software/Albany/Dependencies/hdf5-1.8.16/config/cmake_ext_mod/HDFTests.c
Linking C executable cmTC_aabd9
/usr/local/Cellar/cmake/3.6.0_1/bin/cmake -E cmake_link_script CMakeFiles/cmTC_aabd9.dir/link.txt --verbose=1
/Applications/Xcode.app/Contents/Developer/Toolchains/XcodeDefault.xctoolchain/usr/bin/cc   -DHAVE_STRUCT_TM_TM_ZONE  -DHAVE_SYS_TIME_H -DHAVE_UNISTD_H -DHAVE_SYS_TYPES_H -DHAVE_SYS_SOCKET_H -D_FILE_OFFSET_BITS=64 -D_LARGEFILE64_SOURCE -D_LARGEFILE_SOURCE -Wl,-search_paths_first -Wl,-headerpad_max_install_names   CMakeFiles/cmTC_aabd9.dir/HDFTests.c.o  -o cmTC_aabd9  -lm -ldl 
Undefined symbols for architecture x86_64:
  "_main", referenced from:
     implicit entry/start for main executable
ld: symbol(s) not found for architecture x86_64
clang: error: linker command failed with exit code 1 (use -v to see invocation)
make[1]: *** [cmTC_aabd9] Error 1
make: *** [cmTC_aabd9/fast] Error 2

Performing Other Test HAVE_STRUCT_VIDEOCONFIG failed with the following output:
Change Dir: /Users/tjcorona/Development/Software/Albany/Dependencies/hdf5-1.8.16/build/CMakeFiles/CMakeTmp

Run Build Command:"/usr/bin/make" "cmTC_7ea4d/fast"
/Applications/Xcode.app/Contents/Developer/usr/bin/make -f CMakeFiles/cmTC_7ea4d.dir/build.make CMakeFiles/cmTC_7ea4d.dir/build
Building C object CMakeFiles/cmTC_7ea4d.dir/HDFTests.c.o
/Applications/Xcode.app/Contents/Developer/Toolchains/XcodeDefault.xctoolchain/usr/bin/cc    -DHAVE_STRUCT_VIDEOCONFIG  -DHAVE_SYS_TIME_H -DHAVE_UNISTD_H -DHAVE_SYS_TYPES_H -DHAVE_SYS_SOCKET_H -D_FILE_OFFSET_BITS=64 -D_LARGEFILE64_SOURCE -D_LARGEFILE_SOURCE   -o CMakeFiles/cmTC_7ea4d.dir/HDFTests.c.o   -c /Users/tjcorona/Development/Software/Albany/Dependencies/hdf5-1.8.16/config/cmake_ext_mod/HDFTests.c
/Users/tjcorona/Development/Software/Albany/Dependencies/hdf5-1.8.16/config/cmake_ext_mod/HDFTests.c:447:32: error: variable has incomplete type 'struct videoconfig'
SIMPLE_TEST(struct videoconfig w; w.numtextcols=0);
                               ^
/Users/tjcorona/Development/Software/Albany/Dependencies/hdf5-1.8.16/config/cmake_ext_mod/HDFTests.c:447:20: note: forward declaration of 'struct videoconfig'
SIMPLE_TEST(struct videoconfig w; w.numtextcols=0);
                   ^
1 error generated.
make[1]: *** [CMakeFiles/cmTC_7ea4d.dir/HDFTests.c.o] Error 1
make: *** [cmTC_7ea4d/fast] Error 2

Performing Other Test HAVE_STRUCT_TEXT_INFO failed with the following output:
Change Dir: /Users/tjcorona/Development/Software/Albany/Dependencies/hdf5-1.8.16/build/CMakeFiles/CMakeTmp

Run Build Command:"/usr/bin/make" "cmTC_3fa34/fast"
/Applications/Xcode.app/Contents/Developer/usr/bin/make -f CMakeFiles/cmTC_3fa34.dir/build.make CMakeFiles/cmTC_3fa34.dir/build
Building C object CMakeFiles/cmTC_3fa34.dir/HDFTests.c.o
/Applications/Xcode.app/Contents/Developer/Toolchains/XcodeDefault.xctoolchain/usr/bin/cc    -DHAVE_STRUCT_TEXT_INFO  -DHAVE_SYS_TIME_H -DHAVE_UNISTD_H -DHAVE_SYS_TYPES_H -DHAVE_SYS_SOCKET_H -D_FILE_OFFSET_BITS=64 -D_LARGEFILE64_SOURCE -D_LARGEFILE_SOURCE   -o CMakeFiles/cmTC_3fa34.dir/HDFTests.c.o   -c /Users/tjcorona/Development/Software/Albany/Dependencies/hdf5-1.8.16/config/cmake_ext_mod/HDFTests.c
/Users/tjcorona/Development/Software/Albany/Dependencies/hdf5-1.8.16/config/cmake_ext_mod/HDFTests.c:453:30: error: variable has incomplete type 'struct text_info'
SIMPLE_TEST(struct text_info w; w.screenwidth=0);
                             ^
/Users/tjcorona/Development/Software/Albany/Dependencies/hdf5-1.8.16/config/cmake_ext_mod/HDFTests.c:453:20: note: forward declaration of 'struct text_info'
SIMPLE_TEST(struct text_info w; w.screenwidth=0);
                   ^
1 error generated.
make[1]: *** [CMakeFiles/cmTC_3fa34.dir/HDFTests.c.o] Error 1
make: *** [cmTC_3fa34/fast] Error 2

Performing CXX Test OLD_HEADER_FILENAME failed with the following output:
Change Dir: /Users/tjcorona/Development/Software/Albany/Dependencies/hdf5-1.8.16/build/CMakeFiles/CMakeTmp

Run Build Command:"/usr/bin/make" "cmTC_32e20/fast"
/Applications/Xcode.app/Contents/Developer/usr/bin/make -f CMakeFiles/cmTC_32e20.dir/build.make CMakeFiles/cmTC_32e20.dir/build
Building CXX object CMakeFiles/cmTC_32e20.dir/HDFCXXTests.cpp.o
/Applications/Xcode.app/Contents/Developer/Toolchains/XcodeDefault.xctoolchain/usr/bin/c++     -DOLD_HEADER_FILENAME  -DHAVE_SYS_TIME_H -DHAVE_UNISTD_H -DHAVE_SYS_TYPES_H -DHAVE_SYS_SOCKET_H -D_FILE_OFFSET_BITS=64 -D_LARGEFILE64_SOURCE -D_LARGEFILE_SOURCE   -o CMakeFiles/cmTC_32e20.dir/HDFCXXTests.cpp.o -c /Users/tjcorona/Development/Software/Albany/Dependencies/hdf5-1.8.16/config/cmake_ext_mod/HDFCXXTests.cpp
Linking CXX executable cmTC_32e20
/usr/local/Cellar/cmake/3.6.0_1/bin/cmake -E cmake_link_script CMakeFiles/cmTC_32e20.dir/link.txt --verbose=1
/Applications/Xcode.app/Contents/Developer/Toolchains/XcodeDefault.xctoolchain/usr/bin/c++    -DOLD_HEADER_FILENAME  -DHAVE_SYS_TIME_H -DHAVE_UNISTD_H -DHAVE_SYS_TYPES_H -DHAVE_SYS_SOCKET_H -D_FILE_OFFSET_BITS=64 -D_LARGEFILE64_SOURCE -D_LARGEFILE_SOURCE -Wl,-search_paths_first -Wl,-headerpad_max_install_names   CMakeFiles/cmTC_32e20.dir/HDFCXXTests.cpp.o  -o cmTC_32e20  -lm -ldl 

Performing CXX Test H5_NO_NAMESPACE failed with the following output:
Change Dir: /Users/tjcorona/Development/Software/Albany/Dependencies/hdf5-1.8.16/build/CMakeFiles/CMakeTmp

Run Build Command:"/usr/bin/make" "cmTC_535f6/fast"
/Applications/Xcode.app/Contents/Developer/usr/bin/make -f CMakeFiles/cmTC_535f6.dir/build.make CMakeFiles/cmTC_535f6.dir/build
Building CXX object CMakeFiles/cmTC_535f6.dir/HDFCXXTests.cpp.o
/Applications/Xcode.app/Contents/Developer/Toolchains/XcodeDefault.xctoolchain/usr/bin/c++     -DH5_NO_NAMESPACE  -DHAVE_SYS_TIME_H -DHAVE_UNISTD_H -DHAVE_SYS_TYPES_H -DHAVE_SYS_SOCKET_H -D_FILE_OFFSET_BITS=64 -D_LARGEFILE64_SOURCE -D_LARGEFILE_SOURCE   -o CMakeFiles/cmTC_535f6.dir/HDFCXXTests.cpp.o -c /Users/tjcorona/Development/Software/Albany/Dependencies/hdf5-1.8.16/config/cmake_ext_mod/HDFCXXTests.cpp
Linking CXX executable cmTC_535f6
/usr/local/Cellar/cmake/3.6.0_1/bin/cmake -E cmake_link_script CMakeFiles/cmTC_535f6.dir/link.txt --verbose=1
/Applications/Xcode.app/Contents/Developer/Toolchains/XcodeDefault.xctoolchain/usr/bin/c++    -DH5_NO_NAMESPACE  -DHAVE_SYS_TIME_H -DHAVE_UNISTD_H -DHAVE_SYS_TYPES_H -DHAVE_SYS_SOCKET_H -D_FILE_OFFSET_BITS=64 -D_LARGEFILE64_SOURCE -D_LARGEFILE_SOURCE -Wl,-search_paths_first -Wl,-headerpad_max_install_names   CMakeFiles/cmTC_535f6.dir/HDFCXXTests.cpp.o  -o cmTC_535f6  -lm -ldl 
Undefined symbols for architecture x86_64:
  "_main", referenced from:
     implicit entry/start for main executable
ld: symbol(s) not found for architecture x86_64
clang: error: linker command failed with exit code 1 (use -v to see invocation)
make[1]: *** [cmTC_535f6] Error 1
make: *** [cmTC_535f6/fast] Error 2

Performing CXX Test H5_NO_STD failed with the following output:
Change Dir: /Users/tjcorona/Development/Software/Albany/Dependencies/hdf5-1.8.16/build/CMakeFiles/CMakeTmp

Run Build Command:"/usr/bin/make" "cmTC_dc527/fast"
/Applications/Xcode.app/Contents/Developer/usr/bin/make -f CMakeFiles/cmTC_dc527.dir/build.make CMakeFiles/cmTC_dc527.dir/build
Building CXX object CMakeFiles/cmTC_dc527.dir/HDFCXXTests.cpp.o
/Applications/Xcode.app/Contents/Developer/Toolchains/XcodeDefault.xctoolchain/usr/bin/c++     -DH5_NO_STD  -DHAVE_SYS_TIME_H -DHAVE_UNISTD_H -DHAVE_SYS_TYPES_H -DHAVE_SYS_SOCKET_H -D_FILE_OFFSET_BITS=64 -D_LARGEFILE64_SOURCE -D_LARGEFILE_SOURCE   -o CMakeFiles/cmTC_dc527.dir/HDFCXXTests.cpp.o -c /Users/tjcorona/Development/Software/Albany/Dependencies/hdf5-1.8.16/config/cmake_ext_mod/HDFCXXTests.cpp
Linking CXX executable cmTC_dc527
/usr/local/Cellar/cmake/3.6.0_1/bin/cmake -E cmake_link_script CMakeFiles/cmTC_dc527.dir/link.txt --verbose=1
/Applications/Xcode.app/Contents/Developer/Toolchains/XcodeDefault.xctoolchain/usr/bin/c++    -DH5_NO_STD  -DHAVE_SYS_TIME_H -DHAVE_UNISTD_H -DHAVE_SYS_TYPES_H -DHAVE_SYS_SOCKET_H -D_FILE_OFFSET_BITS=64 -D_LARGEFILE64_SOURCE -D_LARGEFILE_SOURCE -Wl,-search_paths_first -Wl,-headerpad_max_install_names   CMakeFiles/cmTC_dc527.dir/HDFCXXTests.cpp.o  -o cmTC_dc527  -lm -ldl 
Undefined symbols for architecture x86_64:
  "_main", referenced from:
     implicit entry/start for main executable
ld: symbol(s) not found for architecture x86_64
clang: error: linker command failed with exit code 1 (use -v to see invocation)
make[1]: *** [cmTC_dc527] Error 1
make: *** [cmTC_dc527/fast] Error 2

Performing CXX Test BOOL_NOTDEFINED failed with the following output:
Change Dir: /Users/tjcorona/Development/Software/Albany/Dependencies/hdf5-1.8.16/build/CMakeFiles/CMakeTmp

Run Build Command:"/usr/bin/make" "cmTC_5b71e/fast"
/Applications/Xcode.app/Contents/Developer/usr/bin/make -f CMakeFiles/cmTC_5b71e.dir/build.make CMakeFiles/cmTC_5b71e.dir/build
Building CXX object CMakeFiles/cmTC_5b71e.dir/HDFCXXTests.cpp.o
/Applications/Xcode.app/Contents/Developer/Toolchains/XcodeDefault.xctoolchain/usr/bin/c++     -DBOOL_NOTDEFINED  -DHAVE_SYS_TIME_H -DHAVE_UNISTD_H -DHAVE_SYS_TYPES_H -DHAVE_SYS_SOCKET_H -D_FILE_OFFSET_BITS=64 -D_LARGEFILE64_SOURCE -D_LARGEFILE_SOURCE   -o CMakeFiles/cmTC_5b71e.dir/HDFCXXTests.cpp.o -c /Users/tjcorona/Development/Software/Albany/Dependencies/hdf5-1.8.16/config/cmake_ext_mod/HDFCXXTests.cpp
Linking CXX executable cmTC_5b71e
/usr/local/Cellar/cmake/3.6.0_1/bin/cmake -E cmake_link_script CMakeFiles/cmTC_5b71e.dir/link.txt --verbose=1
/Applications/Xcode.app/Contents/Developer/Toolchains/XcodeDefault.xctoolchain/usr/bin/c++    -DBOOL_NOTDEFINED  -DHAVE_SYS_TIME_H -DHAVE_UNISTD_H -DHAVE_SYS_TYPES_H -DHAVE_SYS_SOCKET_H -D_FILE_OFFSET_BITS=64 -D_LARGEFILE64_SOURCE -D_LARGEFILE_SOURCE -Wl,-search_paths_first -Wl,-headerpad_max_install_names   CMakeFiles/cmTC_5b71e.dir/HDFCXXTests.cpp.o  -o cmTC_5b71e  -lm -ldl 

Performing CXX Test NO_STATIC_CAST failed with the following output:
Change Dir: /Users/tjcorona/Development/Software/Albany/Dependencies/hdf5-1.8.16/build/CMakeFiles/CMakeTmp

Run Build Command:"/usr/bin/make" "cmTC_c7275/fast"
/Applications/Xcode.app/Contents/Developer/usr/bin/make -f CMakeFiles/cmTC_c7275.dir/build.make CMakeFiles/cmTC_c7275.dir/build
Building CXX object CMakeFiles/cmTC_c7275.dir/HDFCXXTests.cpp.o
/Applications/Xcode.app/Contents/Developer/Toolchains/XcodeDefault.xctoolchain/usr/bin/c++     -DNO_STATIC_CAST  -DHAVE_SYS_TIME_H -DHAVE_UNISTD_H -DHAVE_SYS_TYPES_H -DHAVE_SYS_SOCKET_H -D_FILE_OFFSET_BITS=64 -D_LARGEFILE64_SOURCE -D_LARGEFILE_SOURCE   -o CMakeFiles/cmTC_c7275.dir/HDFCXXTests.cpp.o -c /Users/tjcorona/Development/Software/Albany/Dependencies/hdf5-1.8.16/config/cmake_ext_mod/HDFCXXTests.cpp
Linking CXX executable cmTC_c7275
/usr/local/Cellar/cmake/3.6.0_1/bin/cmake -E cmake_link_script CMakeFiles/cmTC_c7275.dir/link.txt --verbose=1
/Applications/Xcode.app/Contents/Developer/Toolchains/XcodeDefault.xctoolchain/usr/bin/c++    -DNO_STATIC_CAST  -DHAVE_SYS_TIME_H -DHAVE_UNISTD_H -DHAVE_SYS_TYPES_H -DHAVE_SYS_SOCKET_H -D_FILE_OFFSET_BITS=64 -D_LARGEFILE64_SOURCE -D_LARGEFILE_SOURCE -Wl,-search_paths_first -Wl,-headerpad_max_install_names   CMakeFiles/cmTC_c7275.dir/HDFCXXTests.cpp.o  -o cmTC_c7275  -lm -ldl 

Test TEST_DIRECT_VFD_WORKS Compile failed with the following output:
 Change Dir: /Users/tjcorona/Development/Software/Albany/Dependencies/hdf5-1.8.16/build/CMakeFiles/CMakeTmp

Run Build Command:"/usr/bin/make" "cmTC_9890b/fast"
/Applications/Xcode.app/Contents/Developer/usr/bin/make -f CMakeFiles/cmTC_9890b.dir/build.make CMakeFiles/cmTC_9890b.dir/build
Building C object CMakeFiles/cmTC_9890b.dir/HDFTests.c.o
/Applications/Xcode.app/Contents/Developer/Toolchains/XcodeDefault.xctoolchain/usr/bin/cc    -DTEST_DIRECT_VFD_WORKS -D_GNU_SOURCE   -o CMakeFiles/cmTC_9890b.dir/HDFTests.c.o   -c /Users/tjcorona/Development/Software/Albany/Dependencies/hdf5-1.8.16/config/cmake_ext_mod/HDFTests.c
/Users/tjcorona/Development/Software/Albany/Dependencies/hdf5-1.8.16/config/cmake_ext_mod/HDFTests.c:314:49: error: use of undeclared identifier 'O_DIRECT'
   if((fid=open("tst_file", O_CREAT | O_TRUNC | O_DIRECT, 0755))<0)
                                                ^
/Users/tjcorona/Development/Software/Albany/Dependencies/hdf5-1.8.16/config/cmake_ext_mod/HDFTests.c:316:4: warning: implicit declaration of function 'close' is invalid in C99 [-Wimplicit-function-declaration]
   close(fid);
   ^
/Users/tjcorona/Development/Software/Albany/Dependencies/hdf5-1.8.16/config/cmake_ext_mod/HDFTests.c:317:4: warning: implicit declaration of function 'remove' is invalid in C99 [-Wimplicit-function-declaration]
   remove("tst_file");
   ^
2 warnings and 1 error generated.
make[1]: *** [CMakeFiles/cmTC_9890b.dir/HDFTests.c.o] Error 1
make: *** [cmTC_9890b/fast] Error 2

Test H5_LDOUBLE_TO_LONG_SPECIAL Run failed with the following output and exit code:
 Change Dir: /Users/tjcorona/Development/Software/Albany/Dependencies/hdf5-1.8.16/build/CMakeFiles/CMakeTmp

Run Build Command:"/usr/bin/make" "cmTC_3a5dd/fast"
/Applications/Xcode.app/Contents/Developer/usr/bin/make -f CMakeFiles/cmTC_3a5dd.dir/build.make CMakeFiles/cmTC_3a5dd.dir/build
Building C object CMakeFiles/cmTC_3a5dd.dir/ConversionTests.c.o
/Applications/Xcode.app/Contents/Developer/Toolchains/XcodeDefault.xctoolchain/usr/bin/cc    -DH5_LDOUBLE_TO_LONG_SPECIAL_TEST   -o CMakeFiles/cmTC_3a5dd.dir/ConversionTests.c.o   -c /Users/tjcorona/Development/Software/Albany/Dependencies/hdf5-1.8.16/config/cmake/ConversionTests.c
Linking C executable cmTC_3a5dd
/usr/local/Cellar/cmake/3.6.0_1/bin/cmake -E cmake_link_script CMakeFiles/cmTC_3a5dd.dir/link.txt --verbose=1
/Applications/Xcode.app/Contents/Developer/Toolchains/XcodeDefault.xctoolchain/usr/bin/cc   -DH5_LDOUBLE_TO_LONG_SPECIAL_TEST -Wl,-search_paths_first -Wl,-headerpad_max_install_names   CMakeFiles/cmTC_3a5dd.dir/ConversionTests.c.o  -o cmTC_3a5dd  

Test H5_LONG_TO_LDOUBLE_SPECIAL Run failed with the following output and exit code:
 Change Dir: /Users/tjcorona/Development/Software/Albany/Dependencies/hdf5-1.8.16/build/CMakeFiles/CMakeTmp

Run Build Command:"/usr/bin/make" "cmTC_f32f5/fast"
/Applications/Xcode.app/Contents/Developer/usr/bin/make -f CMakeFiles/cmTC_f32f5.dir/build.make CMakeFiles/cmTC_f32f5.dir/build
Building C object CMakeFiles/cmTC_f32f5.dir/ConversionTests.c.o
/Applications/Xcode.app/Contents/Developer/Toolchains/XcodeDefault.xctoolchain/usr/bin/cc    -DH5_LONG_TO_LDOUBLE_SPECIAL_TEST   -o CMakeFiles/cmTC_f32f5.dir/ConversionTests.c.o   -c /Users/tjcorona/Development/Software/Albany/Dependencies/hdf5-1.8.16/config/cmake/ConversionTests.c
Linking C executable cmTC_f32f5
/usr/local/Cellar/cmake/3.6.0_1/bin/cmake -E cmake_link_script CMakeFiles/cmTC_f32f5.dir/link.txt --verbose=1
/Applications/Xcode.app/Contents/Developer/Toolchains/XcodeDefault.xctoolchain/usr/bin/cc   -DH5_LONG_TO_LDOUBLE_SPECIAL_TEST -Wl,-search_paths_first -Wl,-headerpad_max_install_names   CMakeFiles/cmTC_f32f5.dir/ConversionTests.c.o  -o cmTC_f32f5  

Performing Other Test HAVE_OFF64_T failed with the following output:
Change Dir: /Users/tjcorona/Development/Software/Albany/Dependencies/hdf5-1.8.16/build/CMakeFiles/CMakeTmp

Run Build Command:"/usr/bin/make" "cmTC_74518/fast"
/Applications/Xcode.app/Contents/Developer/usr/bin/make -f CMakeFiles/cmTC_74518.dir/build.make CMakeFiles/cmTC_74518.dir/build
Building C object CMakeFiles/cmTC_74518.dir/HDFTests.c.o
/Applications/Xcode.app/Contents/Developer/Toolchains/XcodeDefault.xctoolchain/usr/bin/cc    -DHAVE_OFF64_T  -DHAVE_SYS_TIME_H -DHAVE_UNISTD_H -DHAVE_SYS_TYPES_H -DHAVE_SYS_SOCKET_H -D_FILE_OFFSET_BITS=64 -D_LARGEFILE64_SOURCE -D_LARGEFILE_SOURCE   -o CMakeFiles/cmTC_74518.dir/HDFTests.c.o   -c /Users/tjcorona/Development/Software/Albany/Dependencies/hdf5-1.8.16/config/cmake_ext_mod/HDFTests.c
/Users/tjcorona/Development/Software/Albany/Dependencies/hdf5-1.8.16/config/cmake_ext_mod/HDFTests.c:292:3: error: unknown type name 'off64_t'; did you mean 'off_t'?
  off64_t n = 0;
  ^~~~~~~
  off_t
/usr/include/sys/_types/_off_t.h:30:25: note: 'off_t' declared here
typedef __darwin_off_t          off_t;
                                ^
1 error generated.
make[1]: *** [CMakeFiles/cmTC_74518.dir/HDFTests.c.o] Error 1
make: *** [cmTC_74518/fast] Error 2

Performing Other Test HAVE___TM_GMTOFF failed with the following output:
Change Dir: /Users/tjcorona/Development/Software/Albany/Dependencies/hdf5-1.8.16/build/CMakeFiles/CMakeTmp

Run Build Command:"/usr/bin/make" "cmTC_26a21/fast"
/Applications/Xcode.app/Contents/Developer/usr/bin/make -f CMakeFiles/cmTC_26a21.dir/build.make CMakeFiles/cmTC_26a21.dir/build
Building C object CMakeFiles/cmTC_26a21.dir/HDFTests.c.o
/Applications/Xcode.app/Contents/Developer/Toolchains/XcodeDefault.xctoolchain/usr/bin/cc    -DHAVE___TM_GMTOFF  -DHAVE_SYS_TIME_H -DHAVE_UNISTD_H -DHAVE_SYS_TYPES_H -DHAVE_SYS_SOCKET_H -D_FILE_OFFSET_BITS=64 -D_LARGEFILE64_SOURCE -D_LARGEFILE_SOURCE   -o CMakeFiles/cmTC_26a21.dir/HDFTests.c.o   -c /Users/tjcorona/Development/Software/Albany/Dependencies/hdf5-1.8.16/config/cmake_ext_mod/HDFTests.c
/Users/tjcorona/Development/Software/Albany/Dependencies/hdf5-1.8.16/config/cmake_ext_mod/HDFTests.c:170:30: error: no member named '__tm_gmtoff' in 'struct tm'; did you mean 'tm_gmtoff'?
SIMPLE_TEST(struct tm tm; tm.__tm_gmtoff=0);
                             ^~~~~~~~~~~
                             tm_gmtoff
/Users/tjcorona/Development/Software/Albany/Dependencies/hdf5-1.8.16/config/cmake_ext_mod/HDFTests.c:1:36: note: expanded from macro 'SIMPLE_TEST'
#define SIMPLE_TEST(x) int main(){ x; return 0; }
                                   ^
/usr/include/time.h:83:7: note: 'tm_gmtoff' declared here
        long    tm_gmtoff;      /* offset from CUT in seconds */
                ^
1 error generated.
make[1]: *** [CMakeFiles/cmTC_26a21.dir/HDFTests.c.o] Error 1
make: *** [cmTC_26a21/fast] Error 2

Performing Other Test HAVE_TM_ZONE failed with the following output:
Change Dir: /Users/tjcorona/Development/Software/Albany/Dependencies/hdf5-1.8.16/build/CMakeFiles/CMakeTmp

Run Build Command:"/usr/bin/make" "cmTC_26006/fast"
/Applications/Xcode.app/Contents/Developer/usr/bin/make -f CMakeFiles/cmTC_26006.dir/build.make CMakeFiles/cmTC_26006.dir/build
Building C object CMakeFiles/cmTC_26006.dir/HDFTests.c.o
/Applications/Xcode.app/Contents/Developer/Toolchains/XcodeDefault.xctoolchain/usr/bin/cc    -DHAVE_TM_ZONE  -DHAVE_SYS_TIME_H -DHAVE_UNISTD_H -DHAVE_SYS_TYPES_H -DHAVE_SYS_SOCKET_H -D_FILE_OFFSET_BITS=64 -D_LARGEFILE64_SOURCE -D_LARGEFILE_SOURCE   -o CMakeFiles/cmTC_26006.dir/HDFTests.c.o   -c /Users/tjcorona/Development/Software/Albany/Dependencies/hdf5-1.8.16/config/cmake_ext_mod/HDFTests.c
Linking C executable cmTC_26006
/usr/local/Cellar/cmake/3.6.0_1/bin/cmake -E cmake_link_script CMakeFiles/cmTC_26006.dir/link.txt --verbose=1
/Applications/Xcode.app/Contents/Developer/Toolchains/XcodeDefault.xctoolchain/usr/bin/cc   -DHAVE_TM_ZONE  -DHAVE_SYS_TIME_H -DHAVE_UNISTD_H -DHAVE_SYS_TYPES_H -DHAVE_SYS_SOCKET_H -D_FILE_OFFSET_BITS=64 -D_LARGEFILE64_SOURCE -D_LARGEFILE_SOURCE -Wl,-search_paths_first -Wl,-headerpad_max_install_names   CMakeFiles/cmTC_26006.dir/HDFTests.c.o  -o cmTC_26006  -lm -ldl 
Undefined symbols for architecture x86_64:
  "_main", referenced from:
     implicit entry/start for main executable
ld: symbol(s) not found for architecture x86_64
clang: error: linker command failed with exit code 1 (use -v to see invocation)
make[1]: *** [cmTC_26006] Error 1
make: *** [cmTC_26006/fast] Error 2

Performing Other Test HAVE_STRUCT_TM_TM_ZONE failed with the following output:
Change Dir: /Users/tjcorona/Development/Software/Albany/Dependencies/hdf5-1.8.16/build/CMakeFiles/CMakeTmp

Run Build Command:"/usr/bin/make" "cmTC_77b1f/fast"
/Applications/Xcode.app/Contents/Developer/usr/bin/make -f CMakeFiles/cmTC_77b1f.dir/build.make CMakeFiles/cmTC_77b1f.dir/build
Building C object CMakeFiles/cmTC_77b1f.dir/HDFTests.c.o
/Applications/Xcode.app/Contents/Developer/Toolchains/XcodeDefault.xctoolchain/usr/bin/cc    -DHAVE_STRUCT_TM_TM_ZONE  -DHAVE_SYS_TIME_H -DHAVE_UNISTD_H -DHAVE_SYS_TYPES_H -DHAVE_SYS_SOCKET_H -D_FILE_OFFSET_BITS=64 -D_LARGEFILE64_SOURCE -D_LARGEFILE_SOURCE   -o CMakeFiles/cmTC_77b1f.dir/HDFTests.c.o   -c /Users/tjcorona/Development/Software/Albany/Dependencies/hdf5-1.8.16/config/cmake_ext_mod/HDFTests.c
Linking C executable cmTC_77b1f
/usr/local/Cellar/cmake/3.6.0_1/bin/cmake -E cmake_link_script CMakeFiles/cmTC_77b1f.dir/link.txt --verbose=1
/Applications/Xcode.app/Contents/Developer/Toolchains/XcodeDefault.xctoolchain/usr/bin/cc   -DHAVE_STRUCT_TM_TM_ZONE  -DHAVE_SYS_TIME_H -DHAVE_UNISTD_H -DHAVE_SYS_TYPES_H -DHAVE_SYS_SOCKET_H -D_FILE_OFFSET_BITS=64 -D_LARGEFILE64_SOURCE -D_LARGEFILE_SOURCE -Wl,-search_paths_first -Wl,-headerpad_max_install_names   CMakeFiles/cmTC_77b1f.dir/HDFTests.c.o  -o cmTC_77b1f  -lm -ldl 
Undefined symbols for architecture x86_64:
  "_main", referenced from:
     implicit entry/start for main executable
ld: symbol(s) not found for architecture x86_64
clang: error: linker command failed with exit code 1 (use -v to see invocation)
make[1]: *** [cmTC_77b1f] Error 1
make: *** [cmTC_77b1f/fast] Error 2

Performing Other Test HAVE_STRUCT_VIDEOCONFIG failed with the following output:
Change Dir: /Users/tjcorona/Development/Software/Albany/Dependencies/hdf5-1.8.16/build/CMakeFiles/CMakeTmp

Run Build Command:"/usr/bin/make" "cmTC_a1cac/fast"
/Applications/Xcode.app/Contents/Developer/usr/bin/make -f CMakeFiles/cmTC_a1cac.dir/build.make CMakeFiles/cmTC_a1cac.dir/build
Building C object CMakeFiles/cmTC_a1cac.dir/HDFTests.c.o
/Applications/Xcode.app/Contents/Developer/Toolchains/XcodeDefault.xctoolchain/usr/bin/cc    -DHAVE_STRUCT_VIDEOCONFIG  -DHAVE_SYS_TIME_H -DHAVE_UNISTD_H -DHAVE_SYS_TYPES_H -DHAVE_SYS_SOCKET_H -D_FILE_OFFSET_BITS=64 -D_LARGEFILE64_SOURCE -D_LARGEFILE_SOURCE   -o CMakeFiles/cmTC_a1cac.dir/HDFTests.c.o   -c /Users/tjcorona/Development/Software/Albany/Dependencies/hdf5-1.8.16/config/cmake_ext_mod/HDFTests.c
/Users/tjcorona/Development/Software/Albany/Dependencies/hdf5-1.8.16/config/cmake_ext_mod/HDFTests.c:447:32: error: variable has incomplete type 'struct videoconfig'
SIMPLE_TEST(struct videoconfig w; w.numtextcols=0);
                               ^
/Users/tjcorona/Development/Software/Albany/Dependencies/hdf5-1.8.16/config/cmake_ext_mod/HDFTests.c:447:20: note: forward declaration of 'struct videoconfig'
SIMPLE_TEST(struct videoconfig w; w.numtextcols=0);
                   ^
1 error generated.
make[1]: *** [CMakeFiles/cmTC_a1cac.dir/HDFTests.c.o] Error 1
make: *** [cmTC_a1cac/fast] Error 2

Performing Other Test HAVE_STRUCT_TEXT_INFO failed with the following output:
Change Dir: /Users/tjcorona/Development/Software/Albany/Dependencies/hdf5-1.8.16/build/CMakeFiles/CMakeTmp

Run Build Command:"/usr/bin/make" "cmTC_5e963/fast"
/Applications/Xcode.app/Contents/Developer/usr/bin/make -f CMakeFiles/cmTC_5e963.dir/build.make CMakeFiles/cmTC_5e963.dir/build
Building C object CMakeFiles/cmTC_5e963.dir/HDFTests.c.o
/Applications/Xcode.app/Contents/Developer/Toolchains/XcodeDefault.xctoolchain/usr/bin/cc    -DHAVE_STRUCT_TEXT_INFO  -DHAVE_SYS_TIME_H -DHAVE_UNISTD_H -DHAVE_SYS_TYPES_H -DHAVE_SYS_SOCKET_H -D_FILE_OFFSET_BITS=64 -D_LARGEFILE64_SOURCE -D_LARGEFILE_SOURCE   -o CMakeFiles/cmTC_5e963.dir/HDFTests.c.o   -c /Users/tjcorona/Development/Software/Albany/Dependencies/hdf5-1.8.16/config/cmake_ext_mod/HDFTests.c
/Users/tjcorona/Development/Software/Albany/Dependencies/hdf5-1.8.16/config/cmake_ext_mod/HDFTests.c:453:30: error: variable has incomplete type 'struct text_info'
SIMPLE_TEST(struct text_info w; w.screenwidth=0);
                             ^
/Users/tjcorona/Development/Software/Albany/Dependencies/hdf5-1.8.16/config/cmake_ext_mod/HDFTests.c:453:20: note: forward declaration of 'struct text_info'
SIMPLE_TEST(struct text_info w; w.screenwidth=0);
                   ^
1 error generated.
make[1]: *** [CMakeFiles/cmTC_5e963.dir/HDFTests.c.o] Error 1
make: *** [cmTC_5e963/fast] Error 2

Performing CXX Test OLD_HEADER_FILENAME failed with the following output:
Change Dir: /Users/tjcorona/Development/Software/Albany/Dependencies/hdf5-1.8.16/build/CMakeFiles/CMakeTmp

Run Build Command:"/usr/bin/make" "cmTC_3d6d0/fast"
/Applications/Xcode.app/Contents/Developer/usr/bin/make -f CMakeFiles/cmTC_3d6d0.dir/build.make CMakeFiles/cmTC_3d6d0.dir/build
Building CXX object CMakeFiles/cmTC_3d6d0.dir/HDFCXXTests.cpp.o
/Applications/Xcode.app/Contents/Developer/Toolchains/XcodeDefault.xctoolchain/usr/bin/c++     -DOLD_HEADER_FILENAME  -DHAVE_SYS_TIME_H -DHAVE_UNISTD_H -DHAVE_SYS_TYPES_H -DHAVE_SYS_SOCKET_H -D_FILE_OFFSET_BITS=64 -D_LARGEFILE64_SOURCE -D_LARGEFILE_SOURCE   -o CMakeFiles/cmTC_3d6d0.dir/HDFCXXTests.cpp.o -c /Users/tjcorona/Development/Software/Albany/Dependencies/hdf5-1.8.16/config/cmake_ext_mod/HDFCXXTests.cpp
Linking CXX executable cmTC_3d6d0
/usr/local/Cellar/cmake/3.6.0_1/bin/cmake -E cmake_link_script CMakeFiles/cmTC_3d6d0.dir/link.txt --verbose=1
/Applications/Xcode.app/Contents/Developer/Toolchains/XcodeDefault.xctoolchain/usr/bin/c++    -DOLD_HEADER_FILENAME  -DHAVE_SYS_TIME_H -DHAVE_UNISTD_H -DHAVE_SYS_TYPES_H -DHAVE_SYS_SOCKET_H -D_FILE_OFFSET_BITS=64 -D_LARGEFILE64_SOURCE -D_LARGEFILE_SOURCE -Wl,-search_paths_first -Wl,-headerpad_max_install_names   CMakeFiles/cmTC_3d6d0.dir/HDFCXXTests.cpp.o  -o cmTC_3d6d0  -lm -ldl 

Performing CXX Test H5_NO_NAMESPACE failed with the following output:
Change Dir: /Users/tjcorona/Development/Software/Albany/Dependencies/hdf5-1.8.16/build/CMakeFiles/CMakeTmp

Run Build Command:"/usr/bin/make" "cmTC_968cb/fast"
/Applications/Xcode.app/Contents/Developer/usr/bin/make -f CMakeFiles/cmTC_968cb.dir/build.make CMakeFiles/cmTC_968cb.dir/build
Building CXX object CMakeFiles/cmTC_968cb.dir/HDFCXXTests.cpp.o
/Applications/Xcode.app/Contents/Developer/Toolchains/XcodeDefault.xctoolchain/usr/bin/c++     -DH5_NO_NAMESPACE  -DHAVE_SYS_TIME_H -DHAVE_UNISTD_H -DHAVE_SYS_TYPES_H -DHAVE_SYS_SOCKET_H -D_FILE_OFFSET_BITS=64 -D_LARGEFILE64_SOURCE -D_LARGEFILE_SOURCE   -o CMakeFiles/cmTC_968cb.dir/HDFCXXTests.cpp.o -c /Users/tjcorona/Development/Software/Albany/Dependencies/hdf5-1.8.16/config/cmake_ext_mod/HDFCXXTests.cpp
Linking CXX executable cmTC_968cb
/usr/local/Cellar/cmake/3.6.0_1/bin/cmake -E cmake_link_script CMakeFiles/cmTC_968cb.dir/link.txt --verbose=1
/Applications/Xcode.app/Contents/Developer/Toolchains/XcodeDefault.xctoolchain/usr/bin/c++    -DH5_NO_NAMESPACE  -DHAVE_SYS_TIME_H -DHAVE_UNISTD_H -DHAVE_SYS_TYPES_H -DHAVE_SYS_SOCKET_H -D_FILE_OFFSET_BITS=64 -D_LARGEFILE64_SOURCE -D_LARGEFILE_SOURCE -Wl,-search_paths_first -Wl,-headerpad_max_install_names   CMakeFiles/cmTC_968cb.dir/HDFCXXTests.cpp.o  -o cmTC_968cb  -lm -ldl 
Undefined symbols for architecture x86_64:
  "_main", referenced from:
     implicit entry/start for main executable
ld: symbol(s) not found for architecture x86_64
clang: error: linker command failed with exit code 1 (use -v to see invocation)
make[1]: *** [cmTC_968cb] Error 1
make: *** [cmTC_968cb/fast] Error 2

Performing CXX Test H5_NO_STD failed with the following output:
Change Dir: /Users/tjcorona/Development/Software/Albany/Dependencies/hdf5-1.8.16/build/CMakeFiles/CMakeTmp

Run Build Command:"/usr/bin/make" "cmTC_b422e/fast"
/Applications/Xcode.app/Contents/Developer/usr/bin/make -f CMakeFiles/cmTC_b422e.dir/build.make CMakeFiles/cmTC_b422e.dir/build
Building CXX object CMakeFiles/cmTC_b422e.dir/HDFCXXTests.cpp.o
/Applications/Xcode.app/Contents/Developer/Toolchains/XcodeDefault.xctoolchain/usr/bin/c++     -DH5_NO_STD  -DHAVE_SYS_TIME_H -DHAVE_UNISTD_H -DHAVE_SYS_TYPES_H -DHAVE_SYS_SOCKET_H -D_FILE_OFFSET_BITS=64 -D_LARGEFILE64_SOURCE -D_LARGEFILE_SOURCE   -o CMakeFiles/cmTC_b422e.dir/HDFCXXTests.cpp.o -c /Users/tjcorona/Development/Software/Albany/Dependencies/hdf5-1.8.16/config/cmake_ext_mod/HDFCXXTests.cpp
Linking CXX executable cmTC_b422e
/usr/local/Cellar/cmake/3.6.0_1/bin/cmake -E cmake_link_script CMakeFiles/cmTC_b422e.dir/link.txt --verbose=1
/Applications/Xcode.app/Contents/Developer/Toolchains/XcodeDefault.xctoolchain/usr/bin/c++    -DH5_NO_STD  -DHAVE_SYS_TIME_H -DHAVE_UNISTD_H -DHAVE_SYS_TYPES_H -DHAVE_SYS_SOCKET_H -D_FILE_OFFSET_BITS=64 -D_LARGEFILE64_SOURCE -D_LARGEFILE_SOURCE -Wl,-search_paths_first -Wl,-headerpad_max_install_names   CMakeFiles/cmTC_b422e.dir/HDFCXXTests.cpp.o  -o cmTC_b422e  -lm -ldl 
Undefined symbols for architecture x86_64:
  "_main", referenced from:
     implicit entry/start for main executable
ld: symbol(s) not found for architecture x86_64
clang: error: linker command failed with exit code 1 (use -v to see invocation)
make[1]: *** [cmTC_b422e] Error 1
make: *** [cmTC_b422e/fast] Error 2

Performing CXX Test BOOL_NOTDEFINED failed with the following output:
Change Dir: /Users/tjcorona/Development/Software/Albany/Dependencies/hdf5-1.8.16/build/CMakeFiles/CMakeTmp

Run Build Command:"/usr/bin/make" "cmTC_fe308/fast"
/Applications/Xcode.app/Contents/Developer/usr/bin/make -f CMakeFiles/cmTC_fe308.dir/build.make CMakeFiles/cmTC_fe308.dir/build
Building CXX object CMakeFiles/cmTC_fe308.dir/HDFCXXTests.cpp.o
/Applications/Xcode.app/Contents/Developer/Toolchains/XcodeDefault.xctoolchain/usr/bin/c++     -DBOOL_NOTDEFINED  -DHAVE_SYS_TIME_H -DHAVE_UNISTD_H -DHAVE_SYS_TYPES_H -DHAVE_SYS_SOCKET_H -D_FILE_OFFSET_BITS=64 -D_LARGEFILE64_SOURCE -D_LARGEFILE_SOURCE   -o CMakeFiles/cmTC_fe308.dir/HDFCXXTests.cpp.o -c /Users/tjcorona/Development/Software/Albany/Dependencies/hdf5-1.8.16/config/cmake_ext_mod/HDFCXXTests.cpp
Linking CXX executable cmTC_fe308
/usr/local/Cellar/cmake/3.6.0_1/bin/cmake -E cmake_link_script CMakeFiles/cmTC_fe308.dir/link.txt --verbose=1
/Applications/Xcode.app/Contents/Developer/Toolchains/XcodeDefault.xctoolchain/usr/bin/c++    -DBOOL_NOTDEFINED  -DHAVE_SYS_TIME_H -DHAVE_UNISTD_H -DHAVE_SYS_TYPES_H -DHAVE_SYS_SOCKET_H -D_FILE_OFFSET_BITS=64 -D_LARGEFILE64_SOURCE -D_LARGEFILE_SOURCE -Wl,-search_paths_first -Wl,-headerpad_max_install_names   CMakeFiles/cmTC_fe308.dir/HDFCXXTests.cpp.o  -o cmTC_fe308  -lm -ldl 

Performing CXX Test NO_STATIC_CAST failed with the following output:
Change Dir: /Users/tjcorona/Development/Software/Albany/Dependencies/hdf5-1.8.16/build/CMakeFiles/CMakeTmp

Run Build Command:"/usr/bin/make" "cmTC_4e1cf/fast"
/Applications/Xcode.app/Contents/Developer/usr/bin/make -f CMakeFiles/cmTC_4e1cf.dir/build.make CMakeFiles/cmTC_4e1cf.dir/build
Building CXX object CMakeFiles/cmTC_4e1cf.dir/HDFCXXTests.cpp.o
/Applications/Xcode.app/Contents/Developer/Toolchains/XcodeDefault.xctoolchain/usr/bin/c++     -DNO_STATIC_CAST  -DHAVE_SYS_TIME_H -DHAVE_UNISTD_H -DHAVE_SYS_TYPES_H -DHAVE_SYS_SOCKET_H -D_FILE_OFFSET_BITS=64 -D_LARGEFILE64_SOURCE -D_LARGEFILE_SOURCE   -o CMakeFiles/cmTC_4e1cf.dir/HDFCXXTests.cpp.o -c /Users/tjcorona/Development/Software/Albany/Dependencies/hdf5-1.8.16/config/cmake_ext_mod/HDFCXXTests.cpp
Linking CXX executable cmTC_4e1cf
/usr/local/Cellar/cmake/3.6.0_1/bin/cmake -E cmake_link_script CMakeFiles/cmTC_4e1cf.dir/link.txt --verbose=1
/Applications/Xcode.app/Contents/Developer/Toolchains/XcodeDefault.xctoolchain/usr/bin/c++    -DNO_STATIC_CAST  -DHAVE_SYS_TIME_H -DHAVE_UNISTD_H -DHAVE_SYS_TYPES_H -DHAVE_SYS_SOCKET_H -D_FILE_OFFSET_BITS=64 -D_LARGEFILE64_SOURCE -D_LARGEFILE_SOURCE -Wl,-search_paths_first -Wl,-headerpad_max_install_names   CMakeFiles/cmTC_4e1cf.dir/HDFCXXTests.cpp.o  -o cmTC_4e1cf  -lm -ldl 

Test TEST_DIRECT_VFD_WORKS Compile failed with the following output:
 Change Dir: /Users/tjcorona/Development/Software/Albany/Dependencies/hdf5-1.8.16/build/CMakeFiles/CMakeTmp

Run Build Command:"/usr/bin/make" "cmTC_18630/fast"
/Applications/Xcode.app/Contents/Developer/usr/bin/make -f CMakeFiles/cmTC_18630.dir/build.make CMakeFiles/cmTC_18630.dir/build
Building C object CMakeFiles/cmTC_18630.dir/HDFTests.c.o
/Applications/Xcode.app/Contents/Developer/Toolchains/XcodeDefault.xctoolchain/usr/bin/cc    -DTEST_DIRECT_VFD_WORKS -D_GNU_SOURCE   -o CMakeFiles/cmTC_18630.dir/HDFTests.c.o   -c /Users/tjcorona/Development/Software/Albany/Dependencies/hdf5-1.8.16/config/cmake_ext_mod/HDFTests.c
/Users/tjcorona/Development/Software/Albany/Dependencies/hdf5-1.8.16/config/cmake_ext_mod/HDFTests.c:314:49: error: use of undeclared identifier 'O_DIRECT'
   if((fid=open("tst_file", O_CREAT | O_TRUNC | O_DIRECT, 0755))<0)
                                                ^
/Users/tjcorona/Development/Software/Albany/Dependencies/hdf5-1.8.16/config/cmake_ext_mod/HDFTests.c:316:4: warning: implicit declaration of function 'close' is invalid in C99 [-Wimplicit-function-declaration]
   close(fid);
   ^
/Users/tjcorona/Development/Software/Albany/Dependencies/hdf5-1.8.16/config/cmake_ext_mod/HDFTests.c:317:4: warning: implicit declaration of function 'remove' is invalid in C99 [-Wimplicit-function-declaration]
   remove("tst_file");
   ^
2 warnings and 1 error generated.
make[1]: *** [CMakeFiles/cmTC_18630.dir/HDFTests.c.o] Error 1
make: *** [cmTC_18630/fast] Error 2

Test H5_LDOUBLE_TO_LONG_SPECIAL Run failed with the following output and exit code:
 Change Dir: /Users/tjcorona/Development/Software/Albany/Dependencies/hdf5-1.8.16/build/CMakeFiles/CMakeTmp

Run Build Command:"/usr/bin/make" "cmTC_6623a/fast"
/Applications/Xcode.app/Contents/Developer/usr/bin/make -f CMakeFiles/cmTC_6623a.dir/build.make CMakeFiles/cmTC_6623a.dir/build
Building C object CMakeFiles/cmTC_6623a.dir/ConversionTests.c.o
/Applications/Xcode.app/Contents/Developer/Toolchains/XcodeDefault.xctoolchain/usr/bin/cc    -DH5_LDOUBLE_TO_LONG_SPECIAL_TEST   -o CMakeFiles/cmTC_6623a.dir/ConversionTests.c.o   -c /Users/tjcorona/Development/Software/Albany/Dependencies/hdf5-1.8.16/config/cmake/ConversionTests.c
Linking C executable cmTC_6623a
/usr/local/Cellar/cmake/3.6.0_1/bin/cmake -E cmake_link_script CMakeFiles/cmTC_6623a.dir/link.txt --verbose=1
/Applications/Xcode.app/Contents/Developer/Toolchains/XcodeDefault.xctoolchain/usr/bin/cc   -DH5_LDOUBLE_TO_LONG_SPECIAL_TEST -Wl,-search_paths_first -Wl,-headerpad_max_install_names   CMakeFiles/cmTC_6623a.dir/ConversionTests.c.o  -o cmTC_6623a  

Test H5_LONG_TO_LDOUBLE_SPECIAL Run failed with the following output and exit code:
 Change Dir: /Users/tjcorona/Development/Software/Albany/Dependencies/hdf5-1.8.16/build/CMakeFiles/CMakeTmp

Run Build Command:"/usr/bin/make" "cmTC_54a4c/fast"
/Applications/Xcode.app/Contents/Developer/usr/bin/make -f CMakeFiles/cmTC_54a4c.dir/build.make CMakeFiles/cmTC_54a4c.dir/build
Building C object CMakeFiles/cmTC_54a4c.dir/ConversionTests.c.o
/Applications/Xcode.app/Contents/Developer/Toolchains/XcodeDefault.xctoolchain/usr/bin/cc    -DH5_LONG_TO_LDOUBLE_SPECIAL_TEST   -o CMakeFiles/cmTC_54a4c.dir/ConversionTests.c.o   -c /Users/tjcorona/Development/Software/Albany/Dependencies/hdf5-1.8.16/config/cmake/ConversionTests.c
Linking C executable cmTC_54a4c
/usr/local/Cellar/cmake/3.6.0_1/bin/cmake -E cmake_link_script CMakeFiles/cmTC_54a4c.dir/link.txt --verbose=1
/Applications/Xcode.app/Contents/Developer/Toolchains/XcodeDefault.xctoolchain/usr/bin/cc   -DH5_LONG_TO_LDOUBLE_SPECIAL_TEST -Wl,-search_paths_first -Wl,-headerpad_max_install_names   CMakeFiles/cmTC_54a4c.dir/ConversionTests.c.o  -o cmTC_54a4c  

Performing Other Test HAVE_OFF64_T failed with the following output:
Change Dir: /Users/tjcorona/Development/Software/Albany/Dependencies/hdf5-1.8.16/build/CMakeFiles/CMakeTmp

Run Build Command:"/usr/bin/make" "cmTC_13afb/fast"
/Applications/Xcode.app/Contents/Developer/usr/bin/make -f CMakeFiles/cmTC_13afb.dir/build.make CMakeFiles/cmTC_13afb.dir/build
Building C object CMakeFiles/cmTC_13afb.dir/HDFTests.c.o
/Applications/Xcode.app/Contents/Developer/Toolchains/XcodeDefault.xctoolchain/usr/bin/cc    -DHAVE_OFF64_T  -DHAVE_SYS_TIME_H -DHAVE_UNISTD_H -DHAVE_SYS_TYPES_H -DHAVE_SYS_SOCKET_H -D_FILE_OFFSET_BITS=64 -D_LARGEFILE64_SOURCE -D_LARGEFILE_SOURCE   -o CMakeFiles/cmTC_13afb.dir/HDFTests.c.o   -c /Users/tjcorona/Development/Software/Albany/Dependencies/hdf5-1.8.16/config/cmake_ext_mod/HDFTests.c
/Users/tjcorona/Development/Software/Albany/Dependencies/hdf5-1.8.16/config/cmake_ext_mod/HDFTests.c:292:3: error: unknown type name 'off64_t'; did you mean 'off_t'?
  off64_t n = 0;
  ^~~~~~~
  off_t
/usr/include/sys/_types/_off_t.h:30:25: note: 'off_t' declared here
typedef __darwin_off_t          off_t;
                                ^
1 error generated.
make[1]: *** [CMakeFiles/cmTC_13afb.dir/HDFTests.c.o] Error 1
make: *** [cmTC_13afb/fast] Error 2

Performing Other Test HAVE___TM_GMTOFF failed with the following output:
Change Dir: /Users/tjcorona/Development/Software/Albany/Dependencies/hdf5-1.8.16/build/CMakeFiles/CMakeTmp

Run Build Command:"/usr/bin/make" "cmTC_3a0d8/fast"
/Applications/Xcode.app/Contents/Developer/usr/bin/make -f CMakeFiles/cmTC_3a0d8.dir/build.make CMakeFiles/cmTC_3a0d8.dir/build
Building C object CMakeFiles/cmTC_3a0d8.dir/HDFTests.c.o
/Applications/Xcode.app/Contents/Developer/Toolchains/XcodeDefault.xctoolchain/usr/bin/cc    -DHAVE___TM_GMTOFF  -DHAVE_SYS_TIME_H -DHAVE_UNISTD_H -DHAVE_SYS_TYPES_H -DHAVE_SYS_SOCKET_H -D_FILE_OFFSET_BITS=64 -D_LARGEFILE64_SOURCE -D_LARGEFILE_SOURCE   -o CMakeFiles/cmTC_3a0d8.dir/HDFTests.c.o   -c /Users/tjcorona/Development/Software/Albany/Dependencies/hdf5-1.8.16/config/cmake_ext_mod/HDFTests.c
/Users/tjcorona/Development/Software/Albany/Dependencies/hdf5-1.8.16/config/cmake_ext_mod/HDFTests.c:170:30: error: no member named '__tm_gmtoff' in 'struct tm'; did you mean 'tm_gmtoff'?
SIMPLE_TEST(struct tm tm; tm.__tm_gmtoff=0);
                             ^~~~~~~~~~~
                             tm_gmtoff
/Users/tjcorona/Development/Software/Albany/Dependencies/hdf5-1.8.16/config/cmake_ext_mod/HDFTests.c:1:36: note: expanded from macro 'SIMPLE_TEST'
#define SIMPLE_TEST(x) int main(){ x; return 0; }
                                   ^
/usr/include/time.h:83:7: note: 'tm_gmtoff' declared here
        long    tm_gmtoff;      /* offset from CUT in seconds */
                ^
1 error generated.
make[1]: *** [CMakeFiles/cmTC_3a0d8.dir/HDFTests.c.o] Error 1
make: *** [cmTC_3a0d8/fast] Error 2

Performing Other Test HAVE_TM_ZONE failed with the following output:
Change Dir: /Users/tjcorona/Development/Software/Albany/Dependencies/hdf5-1.8.16/build/CMakeFiles/CMakeTmp

Run Build Command:"/usr/bin/make" "cmTC_32141/fast"
/Applications/Xcode.app/Contents/Developer/usr/bin/make -f CMakeFiles/cmTC_32141.dir/build.make CMakeFiles/cmTC_32141.dir/build
Building C object CMakeFiles/cmTC_32141.dir/HDFTests.c.o
/Applications/Xcode.app/Contents/Developer/Toolchains/XcodeDefault.xctoolchain/usr/bin/cc    -DHAVE_TM_ZONE  -DHAVE_SYS_TIME_H -DHAVE_UNISTD_H -DHAVE_SYS_TYPES_H -DHAVE_SYS_SOCKET_H -D_FILE_OFFSET_BITS=64 -D_LARGEFILE64_SOURCE -D_LARGEFILE_SOURCE   -o CMakeFiles/cmTC_32141.dir/HDFTests.c.o   -c /Users/tjcorona/Development/Software/Albany/Dependencies/hdf5-1.8.16/config/cmake_ext_mod/HDFTests.c
Linking C executable cmTC_32141
/usr/local/Cellar/cmake/3.6.0_1/bin/cmake -E cmake_link_script CMakeFiles/cmTC_32141.dir/link.txt --verbose=1
/Applications/Xcode.app/Contents/Developer/Toolchains/XcodeDefault.xctoolchain/usr/bin/cc   -DHAVE_TM_ZONE  -DHAVE_SYS_TIME_H -DHAVE_UNISTD_H -DHAVE_SYS_TYPES_H -DHAVE_SYS_SOCKET_H -D_FILE_OFFSET_BITS=64 -D_LARGEFILE64_SOURCE -D_LARGEFILE_SOURCE -Wl,-search_paths_first -Wl,-headerpad_max_install_names   CMakeFiles/cmTC_32141.dir/HDFTests.c.o  -o cmTC_32141  -lm -ldl 
Undefined symbols for architecture x86_64:
  "_main", referenced from:
     implicit entry/start for main executable
ld: symbol(s) not found for architecture x86_64
clang: error: linker command failed with exit code 1 (use -v to see invocation)
make[1]: *** [cmTC_32141] Error 1
make: *** [cmTC_32141/fast] Error 2

Performing Other Test HAVE_STRUCT_TM_TM_ZONE failed with the following output:
Change Dir: /Users/tjcorona/Development/Software/Albany/Dependencies/hdf5-1.8.16/build/CMakeFiles/CMakeTmp

Run Build Command:"/usr/bin/make" "cmTC_f7156/fast"
/Applications/Xcode.app/Contents/Developer/usr/bin/make -f CMakeFiles/cmTC_f7156.dir/build.make CMakeFiles/cmTC_f7156.dir/build
Building C object CMakeFiles/cmTC_f7156.dir/HDFTests.c.o
/Applications/Xcode.app/Contents/Developer/Toolchains/XcodeDefault.xctoolchain/usr/bin/cc    -DHAVE_STRUCT_TM_TM_ZONE  -DHAVE_SYS_TIME_H -DHAVE_UNISTD_H -DHAVE_SYS_TYPES_H -DHAVE_SYS_SOCKET_H -D_FILE_OFFSET_BITS=64 -D_LARGEFILE64_SOURCE -D_LARGEFILE_SOURCE   -o CMakeFiles/cmTC_f7156.dir/HDFTests.c.o   -c /Users/tjcorona/Development/Software/Albany/Dependencies/hdf5-1.8.16/config/cmake_ext_mod/HDFTests.c
Linking C executable cmTC_f7156
/usr/local/Cellar/cmake/3.6.0_1/bin/cmake -E cmake_link_script CMakeFiles/cmTC_f7156.dir/link.txt --verbose=1
/Applications/Xcode.app/Contents/Developer/Toolchains/XcodeDefault.xctoolchain/usr/bin/cc   -DHAVE_STRUCT_TM_TM_ZONE  -DHAVE_SYS_TIME_H -DHAVE_UNISTD_H -DHAVE_SYS_TYPES_H -DHAVE_SYS_SOCKET_H -D_FILE_OFFSET_BITS=64 -D_LARGEFILE64_SOURCE -D_LARGEFILE_SOURCE -Wl,-search_paths_first -Wl,-headerpad_max_install_names   CMakeFiles/cmTC_f7156.dir/HDFTests.c.o  -o cmTC_f7156  -lm -ldl 
Undefined symbols for architecture x86_64:
  "_main", referenced from:
     implicit entry/start for main executable
ld: symbol(s) not found for architecture x86_64
clang: error: linker command failed with exit code 1 (use -v to see invocation)
make[1]: *** [cmTC_f7156] Error 1
make: *** [cmTC_f7156/fast] Error 2

Performing Other Test HAVE_STRUCT_VIDEOCONFIG failed with the following output:
Change Dir: /Users/tjcorona/Development/Software/Albany/Dependencies/hdf5-1.8.16/build/CMakeFiles/CMakeTmp

Run Build Command:"/usr/bin/make" "cmTC_90a19/fast"
/Applications/Xcode.app/Contents/Developer/usr/bin/make -f CMakeFiles/cmTC_90a19.dir/build.make CMakeFiles/cmTC_90a19.dir/build
Building C object CMakeFiles/cmTC_90a19.dir/HDFTests.c.o
/Applications/Xcode.app/Contents/Developer/Toolchains/XcodeDefault.xctoolchain/usr/bin/cc    -DHAVE_STRUCT_VIDEOCONFIG  -DHAVE_SYS_TIME_H -DHAVE_UNISTD_H -DHAVE_SYS_TYPES_H -DHAVE_SYS_SOCKET_H -D_FILE_OFFSET_BITS=64 -D_LARGEFILE64_SOURCE -D_LARGEFILE_SOURCE   -o CMakeFiles/cmTC_90a19.dir/HDFTests.c.o   -c /Users/tjcorona/Development/Software/Albany/Dependencies/hdf5-1.8.16/config/cmake_ext_mod/HDFTests.c
/Users/tjcorona/Development/Software/Albany/Dependencies/hdf5-1.8.16/config/cmake_ext_mod/HDFTests.c:447:32: error: variable has incomplete type 'struct videoconfig'
SIMPLE_TEST(struct videoconfig w; w.numtextcols=0);
                               ^
/Users/tjcorona/Development/Software/Albany/Dependencies/hdf5-1.8.16/config/cmake_ext_mod/HDFTests.c:447:20: note: forward declaration of 'struct videoconfig'
SIMPLE_TEST(struct videoconfig w; w.numtextcols=0);
                   ^
1 error generated.
make[1]: *** [CMakeFiles/cmTC_90a19.dir/HDFTests.c.o] Error 1
make: *** [cmTC_90a19/fast] Error 2

Performing Other Test HAVE_STRUCT_TEXT_INFO failed with the following output:
Change Dir: /Users/tjcorona/Development/Software/Albany/Dependencies/hdf5-1.8.16/build/CMakeFiles/CMakeTmp

Run Build Command:"/usr/bin/make" "cmTC_90a12/fast"
/Applications/Xcode.app/Contents/Developer/usr/bin/make -f CMakeFiles/cmTC_90a12.dir/build.make CMakeFiles/cmTC_90a12.dir/build
Building C object CMakeFiles/cmTC_90a12.dir/HDFTests.c.o
/Applications/Xcode.app/Contents/Developer/Toolchains/XcodeDefault.xctoolchain/usr/bin/cc    -DHAVE_STRUCT_TEXT_INFO  -DHAVE_SYS_TIME_H -DHAVE_UNISTD_H -DHAVE_SYS_TYPES_H -DHAVE_SYS_SOCKET_H -D_FILE_OFFSET_BITS=64 -D_LARGEFILE64_SOURCE -D_LARGEFILE_SOURCE   -o CMakeFiles/cmTC_90a12.dir/HDFTests.c.o   -c /Users/tjcorona/Development/Software/Albany/Dependencies/hdf5-1.8.16/config/cmake_ext_mod/HDFTests.c
/Users/tjcorona/Development/Software/Albany/Dependencies/hdf5-1.8.16/config/cmake_ext_mod/HDFTests.c:453:30: error: variable has incomplete type 'struct text_info'
SIMPLE_TEST(struct text_info w; w.screenwidth=0);
                             ^
/Users/tjcorona/Development/Software/Albany/Dependencies/hdf5-1.8.16/config/cmake_ext_mod/HDFTests.c:453:20: note: forward declaration of 'struct text_info'
SIMPLE_TEST(struct text_info w; w.screenwidth=0);
                   ^
1 error generated.
make[1]: *** [CMakeFiles/cmTC_90a12.dir/HDFTests.c.o] Error 1
make: *** [cmTC_90a12/fast] Error 2

Performing CXX Test OLD_HEADER_FILENAME failed with the following output:
Change Dir: /Users/tjcorona/Development/Software/Albany/Dependencies/hdf5-1.8.16/build/CMakeFiles/CMakeTmp

Run Build Command:"/usr/bin/make" "cmTC_89f52/fast"
/Applications/Xcode.app/Contents/Developer/usr/bin/make -f CMakeFiles/cmTC_89f52.dir/build.make CMakeFiles/cmTC_89f52.dir/build
Building CXX object CMakeFiles/cmTC_89f52.dir/HDFCXXTests.cpp.o
/Applications/Xcode.app/Contents/Developer/Toolchains/XcodeDefault.xctoolchain/usr/bin/c++     -DOLD_HEADER_FILENAME  -DHAVE_SYS_TIME_H -DHAVE_UNISTD_H -DHAVE_SYS_TYPES_H -DHAVE_SYS_SOCKET_H -D_FILE_OFFSET_BITS=64 -D_LARGEFILE64_SOURCE -D_LARGEFILE_SOURCE   -o CMakeFiles/cmTC_89f52.dir/HDFCXXTests.cpp.o -c /Users/tjcorona/Development/Software/Albany/Dependencies/hdf5-1.8.16/config/cmake_ext_mod/HDFCXXTests.cpp
Linking CXX executable cmTC_89f52
/usr/local/Cellar/cmake/3.6.0_1/bin/cmake -E cmake_link_script CMakeFiles/cmTC_89f52.dir/link.txt --verbose=1
/Applications/Xcode.app/Contents/Developer/Toolchains/XcodeDefault.xctoolchain/usr/bin/c++    -DOLD_HEADER_FILENAME  -DHAVE_SYS_TIME_H -DHAVE_UNISTD_H -DHAVE_SYS_TYPES_H -DHAVE_SYS_SOCKET_H -D_FILE_OFFSET_BITS=64 -D_LARGEFILE64_SOURCE -D_LARGEFILE_SOURCE -Wl,-search_paths_first -Wl,-headerpad_max_install_names   CMakeFiles/cmTC_89f52.dir/HDFCXXTests.cpp.o  -o cmTC_89f52  -lm -ldl 

Performing CXX Test H5_NO_NAMESPACE failed with the following output:
Change Dir: /Users/tjcorona/Development/Software/Albany/Dependencies/hdf5-1.8.16/build/CMakeFiles/CMakeTmp

Run Build Command:"/usr/bin/make" "cmTC_27cc2/fast"
/Applications/Xcode.app/Contents/Developer/usr/bin/make -f CMakeFiles/cmTC_27cc2.dir/build.make CMakeFiles/cmTC_27cc2.dir/build
Building CXX object CMakeFiles/cmTC_27cc2.dir/HDFCXXTests.cpp.o
/Applications/Xcode.app/Contents/Developer/Toolchains/XcodeDefault.xctoolchain/usr/bin/c++     -DH5_NO_NAMESPACE  -DHAVE_SYS_TIME_H -DHAVE_UNISTD_H -DHAVE_SYS_TYPES_H -DHAVE_SYS_SOCKET_H -D_FILE_OFFSET_BITS=64 -D_LARGEFILE64_SOURCE -D_LARGEFILE_SOURCE   -o CMakeFiles/cmTC_27cc2.dir/HDFCXXTests.cpp.o -c /Users/tjcorona/Development/Software/Albany/Dependencies/hdf5-1.8.16/config/cmake_ext_mod/HDFCXXTests.cpp
Linking CXX executable cmTC_27cc2
/usr/local/Cellar/cmake/3.6.0_1/bin/cmake -E cmake_link_script CMakeFiles/cmTC_27cc2.dir/link.txt --verbose=1
/Applications/Xcode.app/Contents/Developer/Toolchains/XcodeDefault.xctoolchain/usr/bin/c++    -DH5_NO_NAMESPACE  -DHAVE_SYS_TIME_H -DHAVE_UNISTD_H -DHAVE_SYS_TYPES_H -DHAVE_SYS_SOCKET_H -D_FILE_OFFSET_BITS=64 -D_LARGEFILE64_SOURCE -D_LARGEFILE_SOURCE -Wl,-search_paths_first -Wl,-headerpad_max_install_names   CMakeFiles/cmTC_27cc2.dir/HDFCXXTests.cpp.o  -o cmTC_27cc2  -lm -ldl 
Undefined symbols for architecture x86_64:
  "_main", referenced from:
     implicit entry/start for main executable
ld: symbol(s) not found for architecture x86_64
clang: error: linker command failed with exit code 1 (use -v to see invocation)
make[1]: *** [cmTC_27cc2] Error 1
make: *** [cmTC_27cc2/fast] Error 2

Performing CXX Test H5_NO_STD failed with the following output:
Change Dir: /Users/tjcorona/Development/Software/Albany/Dependencies/hdf5-1.8.16/build/CMakeFiles/CMakeTmp

Run Build Command:"/usr/bin/make" "cmTC_40dbf/fast"
/Applications/Xcode.app/Contents/Developer/usr/bin/make -f CMakeFiles/cmTC_40dbf.dir/build.make CMakeFiles/cmTC_40dbf.dir/build
Building CXX object CMakeFiles/cmTC_40dbf.dir/HDFCXXTests.cpp.o
/Applications/Xcode.app/Contents/Developer/Toolchains/XcodeDefault.xctoolchain/usr/bin/c++     -DH5_NO_STD  -DHAVE_SYS_TIME_H -DHAVE_UNISTD_H -DHAVE_SYS_TYPES_H -DHAVE_SYS_SOCKET_H -D_FILE_OFFSET_BITS=64 -D_LARGEFILE64_SOURCE -D_LARGEFILE_SOURCE   -o CMakeFiles/cmTC_40dbf.dir/HDFCXXTests.cpp.o -c /Users/tjcorona/Development/Software/Albany/Dependencies/hdf5-1.8.16/config/cmake_ext_mod/HDFCXXTests.cpp
Linking CXX executable cmTC_40dbf
/usr/local/Cellar/cmake/3.6.0_1/bin/cmake -E cmake_link_script CMakeFiles/cmTC_40dbf.dir/link.txt --verbose=1
/Applications/Xcode.app/Contents/Developer/Toolchains/XcodeDefault.xctoolchain/usr/bin/c++    -DH5_NO_STD  -DHAVE_SYS_TIME_H -DHAVE_UNISTD_H -DHAVE_SYS_TYPES_H -DHAVE_SYS_SOCKET_H -D_FILE_OFFSET_BITS=64 -D_LARGEFILE64_SOURCE -D_LARGEFILE_SOURCE -Wl,-search_paths_first -Wl,-headerpad_max_install_names   CMakeFiles/cmTC_40dbf.dir/HDFCXXTests.cpp.o  -o cmTC_40dbf  -lm -ldl 
Undefined symbols for architecture x86_64:
  "_main", referenced from:
     implicit entry/start for main executable
ld: symbol(s) not found for architecture x86_64
clang: error: linker command failed with exit code 1 (use -v to see invocation)
make[1]: *** [cmTC_40dbf] Error 1
make: *** [cmTC_40dbf/fast] Error 2

Performing CXX Test BOOL_NOTDEFINED failed with the following output:
Change Dir: /Users/tjcorona/Development/Software/Albany/Dependencies/hdf5-1.8.16/build/CMakeFiles/CMakeTmp

Run Build Command:"/usr/bin/make" "cmTC_21597/fast"
/Applications/Xcode.app/Contents/Developer/usr/bin/make -f CMakeFiles/cmTC_21597.dir/build.make CMakeFiles/cmTC_21597.dir/build
Building CXX object CMakeFiles/cmTC_21597.dir/HDFCXXTests.cpp.o
/Applications/Xcode.app/Contents/Developer/Toolchains/XcodeDefault.xctoolchain/usr/bin/c++     -DBOOL_NOTDEFINED  -DHAVE_SYS_TIME_H -DHAVE_UNISTD_H -DHAVE_SYS_TYPES_H -DHAVE_SYS_SOCKET_H -D_FILE_OFFSET_BITS=64 -D_LARGEFILE64_SOURCE -D_LARGEFILE_SOURCE   -o CMakeFiles/cmTC_21597.dir/HDFCXXTests.cpp.o -c /Users/tjcorona/Development/Software/Albany/Dependencies/hdf5-1.8.16/config/cmake_ext_mod/HDFCXXTests.cpp
Linking CXX executable cmTC_21597
/usr/local/Cellar/cmake/3.6.0_1/bin/cmake -E cmake_link_script CMakeFiles/cmTC_21597.dir/link.txt --verbose=1
/Applications/Xcode.app/Contents/Developer/Toolchains/XcodeDefault.xctoolchain/usr/bin/c++    -DBOOL_NOTDEFINED  -DHAVE_SYS_TIME_H -DHAVE_UNISTD_H -DHAVE_SYS_TYPES_H -DHAVE_SYS_SOCKET_H -D_FILE_OFFSET_BITS=64 -D_LARGEFILE64_SOURCE -D_LARGEFILE_SOURCE -Wl,-search_paths_first -Wl,-headerpad_max_install_names   CMakeFiles/cmTC_21597.dir/HDFCXXTests.cpp.o  -o cmTC_21597  -lm -ldl 

Performing CXX Test NO_STATIC_CAST failed with the following output:
Change Dir: /Users/tjcorona/Development/Software/Albany/Dependencies/hdf5-1.8.16/build/CMakeFiles/CMakeTmp

Run Build Command:"/usr/bin/make" "cmTC_f7cb5/fast"
/Applications/Xcode.app/Contents/Developer/usr/bin/make -f CMakeFiles/cmTC_f7cb5.dir/build.make CMakeFiles/cmTC_f7cb5.dir/build
Building CXX object CMakeFiles/cmTC_f7cb5.dir/HDFCXXTests.cpp.o
/Applications/Xcode.app/Contents/Developer/Toolchains/XcodeDefault.xctoolchain/usr/bin/c++     -DNO_STATIC_CAST  -DHAVE_SYS_TIME_H -DHAVE_UNISTD_H -DHAVE_SYS_TYPES_H -DHAVE_SYS_SOCKET_H -D_FILE_OFFSET_BITS=64 -D_LARGEFILE64_SOURCE -D_LARGEFILE_SOURCE   -o CMakeFiles/cmTC_f7cb5.dir/HDFCXXTests.cpp.o -c /Users/tjcorona/Development/Software/Albany/Dependencies/hdf5-1.8.16/config/cmake_ext_mod/HDFCXXTests.cpp
Linking CXX executable cmTC_f7cb5
/usr/local/Cellar/cmake/3.6.0_1/bin/cmake -E cmake_link_script CMakeFiles/cmTC_f7cb5.dir/link.txt --verbose=1
/Applications/Xcode.app/Contents/Developer/Toolchains/XcodeDefault.xctoolchain/usr/bin/c++    -DNO_STATIC_CAST  -DHAVE_SYS_TIME_H -DHAVE_UNISTD_H -DHAVE_SYS_TYPES_H -DHAVE_SYS_SOCKET_H -D_FILE_OFFSET_BITS=64 -D_LARGEFILE64_SOURCE -D_LARGEFILE_SOURCE -Wl,-search_paths_first -Wl,-headerpad_max_install_names   CMakeFiles/cmTC_f7cb5.dir/HDFCXXTests.cpp.o  -o cmTC_f7cb5  -lm -ldl 

Test TEST_DIRECT_VFD_WORKS Compile failed with the following output:
 Change Dir: /Users/tjcorona/Development/Software/Albany/Dependencies/hdf5-1.8.16/build/CMakeFiles/CMakeTmp

Run Build Command:"/usr/bin/make" "cmTC_b9dc7/fast"
/Applications/Xcode.app/Contents/Developer/usr/bin/make -f CMakeFiles/cmTC_b9dc7.dir/build.make CMakeFiles/cmTC_b9dc7.dir/build
Building C object CMakeFiles/cmTC_b9dc7.dir/HDFTests.c.o
/Applications/Xcode.app/Contents/Developer/Toolchains/XcodeDefault.xctoolchain/usr/bin/cc    -DTEST_DIRECT_VFD_WORKS -D_GNU_SOURCE   -o CMakeFiles/cmTC_b9dc7.dir/HDFTests.c.o   -c /Users/tjcorona/Development/Software/Albany/Dependencies/hdf5-1.8.16/config/cmake_ext_mod/HDFTests.c
/Users/tjcorona/Development/Software/Albany/Dependencies/hdf5-1.8.16/config/cmake_ext_mod/HDFTests.c:314:49: error: use of undeclared identifier 'O_DIRECT'
   if((fid=open("tst_file", O_CREAT | O_TRUNC | O_DIRECT, 0755))<0)
                                                ^
/Users/tjcorona/Development/Software/Albany/Dependencies/hdf5-1.8.16/config/cmake_ext_mod/HDFTests.c:316:4: warning: implicit declaration of function 'close' is invalid in C99 [-Wimplicit-function-declaration]
   close(fid);
   ^
/Users/tjcorona/Development/Software/Albany/Dependencies/hdf5-1.8.16/config/cmake_ext_mod/HDFTests.c:317:4: warning: implicit declaration of function 'remove' is invalid in C99 [-Wimplicit-function-declaration]
   remove("tst_file");
   ^
2 warnings and 1 error generated.
make[1]: *** [CMakeFiles/cmTC_b9dc7.dir/HDFTests.c.o] Error 1
make: *** [cmTC_b9dc7/fast] Error 2

Test H5_LDOUBLE_TO_LONG_SPECIAL Run failed with the following output and exit code:
 Change Dir: /Users/tjcorona/Development/Software/Albany/Dependencies/hdf5-1.8.16/build/CMakeFiles/CMakeTmp

Run Build Command:"/usr/bin/make" "cmTC_b0ad5/fast"
/Applications/Xcode.app/Contents/Developer/usr/bin/make -f CMakeFiles/cmTC_b0ad5.dir/build.make CMakeFiles/cmTC_b0ad5.dir/build
Building C object CMakeFiles/cmTC_b0ad5.dir/ConversionTests.c.o
/Applications/Xcode.app/Contents/Developer/Toolchains/XcodeDefault.xctoolchain/usr/bin/cc    -DH5_LDOUBLE_TO_LONG_SPECIAL_TEST   -o CMakeFiles/cmTC_b0ad5.dir/ConversionTests.c.o   -c /Users/tjcorona/Development/Software/Albany/Dependencies/hdf5-1.8.16/config/cmake/ConversionTests.c
Linking C executable cmTC_b0ad5
/usr/local/Cellar/cmake/3.6.0_1/bin/cmake -E cmake_link_script CMakeFiles/cmTC_b0ad5.dir/link.txt --verbose=1
/Applications/Xcode.app/Contents/Developer/Toolchains/XcodeDefault.xctoolchain/usr/bin/cc   -DH5_LDOUBLE_TO_LONG_SPECIAL_TEST -Wl,-search_paths_first -Wl,-headerpad_max_install_names   CMakeFiles/cmTC_b0ad5.dir/ConversionTests.c.o  -o cmTC_b0ad5  

Test H5_LONG_TO_LDOUBLE_SPECIAL Run failed with the following output and exit code:
 Change Dir: /Users/tjcorona/Development/Software/Albany/Dependencies/hdf5-1.8.16/build/CMakeFiles/CMakeTmp

Run Build Command:"/usr/bin/make" "cmTC_75dd6/fast"
/Applications/Xcode.app/Contents/Developer/usr/bin/make -f CMakeFiles/cmTC_75dd6.dir/build.make CMakeFiles/cmTC_75dd6.dir/build
Building C object CMakeFiles/cmTC_75dd6.dir/ConversionTests.c.o
/Applications/Xcode.app/Contents/Developer/Toolchains/XcodeDefault.xctoolchain/usr/bin/cc    -DH5_LONG_TO_LDOUBLE_SPECIAL_TEST   -o CMakeFiles/cmTC_75dd6.dir/ConversionTests.c.o   -c /Users/tjcorona/Development/Software/Albany/Dependencies/hdf5-1.8.16/config/cmake/ConversionTests.c
Linking C executable cmTC_75dd6
/usr/local/Cellar/cmake/3.6.0_1/bin/cmake -E cmake_link_script CMakeFiles/cmTC_75dd6.dir/link.txt --verbose=1
/Applications/Xcode.app/Contents/Developer/Toolchains/XcodeDefault.xctoolchain/usr/bin/cc   -DH5_LONG_TO_LDOUBLE_SPECIAL_TEST -Wl,-search_paths_first -Wl,-headerpad_max_install_names   CMakeFiles/cmTC_75dd6.dir/ConversionTests.c.o  -o cmTC_75dd6  

Performing Other Test HAVE_OFF64_T failed with the following output:
Change Dir: /Users/tjcorona/Development/Software/Albany/Dependencies/hdf5-1.8.16/build/CMakeFiles/CMakeTmp

Run Build Command:"/usr/bin/make" "cmTC_7093e/fast"
/Applications/Xcode.app/Contents/Developer/usr/bin/make -f CMakeFiles/cmTC_7093e.dir/build.make CMakeFiles/cmTC_7093e.dir/build
Building C object CMakeFiles/cmTC_7093e.dir/HDFTests.c.o
/Applications/Xcode.app/Contents/Developer/Toolchains/XcodeDefault.xctoolchain/usr/bin/cc    -DHAVE_OFF64_T  -DHAVE_SYS_TIME_H -DHAVE_UNISTD_H -DHAVE_SYS_TYPES_H -DHAVE_SYS_SOCKET_H -D_FILE_OFFSET_BITS=64 -D_LARGEFILE64_SOURCE -D_LARGEFILE_SOURCE   -o CMakeFiles/cmTC_7093e.dir/HDFTests.c.o   -c /Users/tjcorona/Development/Software/Albany/Dependencies/hdf5-1.8.16/config/cmake_ext_mod/HDFTests.c
/Users/tjcorona/Development/Software/Albany/Dependencies/hdf5-1.8.16/config/cmake_ext_mod/HDFTests.c:292:3: error: unknown type name 'off64_t'; did you mean 'off_t'?
  off64_t n = 0;
  ^~~~~~~
  off_t
/usr/include/sys/_types/_off_t.h:30:25: note: 'off_t' declared here
typedef __darwin_off_t          off_t;
                                ^
1 error generated.
make[1]: *** [CMakeFiles/cmTC_7093e.dir/HDFTests.c.o] Error 1
make: *** [cmTC_7093e/fast] Error 2

Performing Other Test HAVE___TM_GMTOFF failed with the following output:
Change Dir: /Users/tjcorona/Development/Software/Albany/Dependencies/hdf5-1.8.16/build/CMakeFiles/CMakeTmp

Run Build Command:"/usr/bin/make" "cmTC_cc6ff/fast"
/Applications/Xcode.app/Contents/Developer/usr/bin/make -f CMakeFiles/cmTC_cc6ff.dir/build.make CMakeFiles/cmTC_cc6ff.dir/build
Building C object CMakeFiles/cmTC_cc6ff.dir/HDFTests.c.o
/Applications/Xcode.app/Contents/Developer/Toolchains/XcodeDefault.xctoolchain/usr/bin/cc    -DHAVE___TM_GMTOFF  -DHAVE_SYS_TIME_H -DHAVE_UNISTD_H -DHAVE_SYS_TYPES_H -DHAVE_SYS_SOCKET_H -D_FILE_OFFSET_BITS=64 -D_LARGEFILE64_SOURCE -D_LARGEFILE_SOURCE   -o CMakeFiles/cmTC_cc6ff.dir/HDFTests.c.o   -c /Users/tjcorona/Development/Software/Albany/Dependencies/hdf5-1.8.16/config/cmake_ext_mod/HDFTests.c
/Users/tjcorona/Development/Software/Albany/Dependencies/hdf5-1.8.16/config/cmake_ext_mod/HDFTests.c:170:30: error: no member named '__tm_gmtoff' in 'struct tm'; did you mean 'tm_gmtoff'?
SIMPLE_TEST(struct tm tm; tm.__tm_gmtoff=0);
                             ^~~~~~~~~~~
                             tm_gmtoff
/Users/tjcorona/Development/Software/Albany/Dependencies/hdf5-1.8.16/config/cmake_ext_mod/HDFTests.c:1:36: note: expanded from macro 'SIMPLE_TEST'
#define SIMPLE_TEST(x) int main(){ x; return 0; }
                                   ^
/usr/include/time.h:83:7: note: 'tm_gmtoff' declared here
        long    tm_gmtoff;      /* offset from CUT in seconds */
                ^
1 error generated.
make[1]: *** [CMakeFiles/cmTC_cc6ff.dir/HDFTests.c.o] Error 1
make: *** [cmTC_cc6ff/fast] Error 2

Performing Other Test HAVE_TM_ZONE failed with the following output:
Change Dir: /Users/tjcorona/Development/Software/Albany/Dependencies/hdf5-1.8.16/build/CMakeFiles/CMakeTmp

Run Build Command:"/usr/bin/make" "cmTC_aba38/fast"
/Applications/Xcode.app/Contents/Developer/usr/bin/make -f CMakeFiles/cmTC_aba38.dir/build.make CMakeFiles/cmTC_aba38.dir/build
Building C object CMakeFiles/cmTC_aba38.dir/HDFTests.c.o
/Applications/Xcode.app/Contents/Developer/Toolchains/XcodeDefault.xctoolchain/usr/bin/cc    -DHAVE_TM_ZONE  -DHAVE_SYS_TIME_H -DHAVE_UNISTD_H -DHAVE_SYS_TYPES_H -DHAVE_SYS_SOCKET_H -D_FILE_OFFSET_BITS=64 -D_LARGEFILE64_SOURCE -D_LARGEFILE_SOURCE   -o CMakeFiles/cmTC_aba38.dir/HDFTests.c.o   -c /Users/tjcorona/Development/Software/Albany/Dependencies/hdf5-1.8.16/config/cmake_ext_mod/HDFTests.c
Linking C executable cmTC_aba38
/usr/local/Cellar/cmake/3.6.0_1/bin/cmake -E cmake_link_script CMakeFiles/cmTC_aba38.dir/link.txt --verbose=1
/Applications/Xcode.app/Contents/Developer/Toolchains/XcodeDefault.xctoolchain/usr/bin/cc   -DHAVE_TM_ZONE  -DHAVE_SYS_TIME_H -DHAVE_UNISTD_H -DHAVE_SYS_TYPES_H -DHAVE_SYS_SOCKET_H -D_FILE_OFFSET_BITS=64 -D_LARGEFILE64_SOURCE -D_LARGEFILE_SOURCE -Wl,-search_paths_first -Wl,-headerpad_max_install_names   CMakeFiles/cmTC_aba38.dir/HDFTests.c.o  -o cmTC_aba38  -lm -ldl 
Undefined symbols for architecture x86_64:
  "_main", referenced from:
     implicit entry/start for main executable
ld: symbol(s) not found for architecture x86_64
clang: error: linker command failed with exit code 1 (use -v to see invocation)
make[1]: *** [cmTC_aba38] Error 1
make: *** [cmTC_aba38/fast] Error 2

Performing Other Test HAVE_STRUCT_TM_TM_ZONE failed with the following output:
Change Dir: /Users/tjcorona/Development/Software/Albany/Dependencies/hdf5-1.8.16/build/CMakeFiles/CMakeTmp

Run Build Command:"/usr/bin/make" "cmTC_dba96/fast"
/Applications/Xcode.app/Contents/Developer/usr/bin/make -f CMakeFiles/cmTC_dba96.dir/build.make CMakeFiles/cmTC_dba96.dir/build
Building C object CMakeFiles/cmTC_dba96.dir/HDFTests.c.o
/Applications/Xcode.app/Contents/Developer/Toolchains/XcodeDefault.xctoolchain/usr/bin/cc    -DHAVE_STRUCT_TM_TM_ZONE  -DHAVE_SYS_TIME_H -DHAVE_UNISTD_H -DHAVE_SYS_TYPES_H -DHAVE_SYS_SOCKET_H -D_FILE_OFFSET_BITS=64 -D_LARGEFILE64_SOURCE -D_LARGEFILE_SOURCE   -o CMakeFiles/cmTC_dba96.dir/HDFTests.c.o   -c /Users/tjcorona/Development/Software/Albany/Dependencies/hdf5-1.8.16/config/cmake_ext_mod/HDFTests.c
Linking C executable cmTC_dba96
/usr/local/Cellar/cmake/3.6.0_1/bin/cmake -E cmake_link_script CMakeFiles/cmTC_dba96.dir/link.txt --verbose=1
/Applications/Xcode.app/Contents/Developer/Toolchains/XcodeDefault.xctoolchain/usr/bin/cc   -DHAVE_STRUCT_TM_TM_ZONE  -DHAVE_SYS_TIME_H -DHAVE_UNISTD_H -DHAVE_SYS_TYPES_H -DHAVE_SYS_SOCKET_H -D_FILE_OFFSET_BITS=64 -D_LARGEFILE64_SOURCE -D_LARGEFILE_SOURCE -Wl,-search_paths_first -Wl,-headerpad_max_install_names   CMakeFiles/cmTC_dba96.dir/HDFTests.c.o  -o cmTC_dba96  -lm -ldl 
Undefined symbols for architecture x86_64:
  "_main", referenced from:
     implicit entry/start for main executable
ld: symbol(s) not found for architecture x86_64
clang: error: linker command failed with exit code 1 (use -v to see invocation)
make[1]: *** [cmTC_dba96] Error 1
make: *** [cmTC_dba96/fast] Error 2

Performing Other Test HAVE_STRUCT_VIDEOCONFIG failed with the following output:
Change Dir: /Users/tjcorona/Development/Software/Albany/Dependencies/hdf5-1.8.16/build/CMakeFiles/CMakeTmp

Run Build Command:"/usr/bin/make" "cmTC_965cc/fast"
/Applications/Xcode.app/Contents/Developer/usr/bin/make -f CMakeFiles/cmTC_965cc.dir/build.make CMakeFiles/cmTC_965cc.dir/build
Building C object CMakeFiles/cmTC_965cc.dir/HDFTests.c.o
/Applications/Xcode.app/Contents/Developer/Toolchains/XcodeDefault.xctoolchain/usr/bin/cc    -DHAVE_STRUCT_VIDEOCONFIG  -DHAVE_SYS_TIME_H -DHAVE_UNISTD_H -DHAVE_SYS_TYPES_H -DHAVE_SYS_SOCKET_H -D_FILE_OFFSET_BITS=64 -D_LARGEFILE64_SOURCE -D_LARGEFILE_SOURCE   -o CMakeFiles/cmTC_965cc.dir/HDFTests.c.o   -c /Users/tjcorona/Development/Software/Albany/Dependencies/hdf5-1.8.16/config/cmake_ext_mod/HDFTests.c
/Users/tjcorona/Development/Software/Albany/Dependencies/hdf5-1.8.16/config/cmake_ext_mod/HDFTests.c:447:32: error: variable has incomplete type 'struct videoconfig'
SIMPLE_TEST(struct videoconfig w; w.numtextcols=0);
                               ^
/Users/tjcorona/Development/Software/Albany/Dependencies/hdf5-1.8.16/config/cmake_ext_mod/HDFTests.c:447:20: note: forward declaration of 'struct videoconfig'
SIMPLE_TEST(struct videoconfig w; w.numtextcols=0);
                   ^
1 error generated.
make[1]: *** [CMakeFiles/cmTC_965cc.dir/HDFTests.c.o] Error 1
make: *** [cmTC_965cc/fast] Error 2

Performing Other Test HAVE_STRUCT_TEXT_INFO failed with the following output:
Change Dir: /Users/tjcorona/Development/Software/Albany/Dependencies/hdf5-1.8.16/build/CMakeFiles/CMakeTmp

Run Build Command:"/usr/bin/make" "cmTC_ef9bc/fast"
/Applications/Xcode.app/Contents/Developer/usr/bin/make -f CMakeFiles/cmTC_ef9bc.dir/build.make CMakeFiles/cmTC_ef9bc.dir/build
Building C object CMakeFiles/cmTC_ef9bc.dir/HDFTests.c.o
/Applications/Xcode.app/Contents/Developer/Toolchains/XcodeDefault.xctoolchain/usr/bin/cc    -DHAVE_STRUCT_TEXT_INFO  -DHAVE_SYS_TIME_H -DHAVE_UNISTD_H -DHAVE_SYS_TYPES_H -DHAVE_SYS_SOCKET_H -D_FILE_OFFSET_BITS=64 -D_LARGEFILE64_SOURCE -D_LARGEFILE_SOURCE   -o CMakeFiles/cmTC_ef9bc.dir/HDFTests.c.o   -c /Users/tjcorona/Development/Software/Albany/Dependencies/hdf5-1.8.16/config/cmake_ext_mod/HDFTests.c
/Users/tjcorona/Development/Software/Albany/Dependencies/hdf5-1.8.16/config/cmake_ext_mod/HDFTests.c:453:30: error: variable has incomplete type 'struct text_info'
SIMPLE_TEST(struct text_info w; w.screenwidth=0);
                             ^
/Users/tjcorona/Development/Software/Albany/Dependencies/hdf5-1.8.16/config/cmake_ext_mod/HDFTests.c:453:20: note: forward declaration of 'struct text_info'
SIMPLE_TEST(struct text_info w; w.screenwidth=0);
                   ^
1 error generated.
make[1]: *** [CMakeFiles/cmTC_ef9bc.dir/HDFTests.c.o] Error 1
make: *** [cmTC_ef9bc/fast] Error 2

Performing CXX Test OLD_HEADER_FILENAME failed with the following output:
Change Dir: /Users/tjcorona/Development/Software/Albany/Dependencies/hdf5-1.8.16/build/CMakeFiles/CMakeTmp

Run Build Command:"/usr/bin/make" "cmTC_f1049/fast"
/Applications/Xcode.app/Contents/Developer/usr/bin/make -f CMakeFiles/cmTC_f1049.dir/build.make CMakeFiles/cmTC_f1049.dir/build
Building CXX object CMakeFiles/cmTC_f1049.dir/HDFCXXTests.cpp.o
/Applications/Xcode.app/Contents/Developer/Toolchains/XcodeDefault.xctoolchain/usr/bin/c++     -DOLD_HEADER_FILENAME  -DHAVE_SYS_TIME_H -DHAVE_UNISTD_H -DHAVE_SYS_TYPES_H -DHAVE_SYS_SOCKET_H -D_FILE_OFFSET_BITS=64 -D_LARGEFILE64_SOURCE -D_LARGEFILE_SOURCE   -o CMakeFiles/cmTC_f1049.dir/HDFCXXTests.cpp.o -c /Users/tjcorona/Development/Software/Albany/Dependencies/hdf5-1.8.16/config/cmake_ext_mod/HDFCXXTests.cpp
Linking CXX executable cmTC_f1049
/usr/local/Cellar/cmake/3.6.0_1/bin/cmake -E cmake_link_script CMakeFiles/cmTC_f1049.dir/link.txt --verbose=1
/Applications/Xcode.app/Contents/Developer/Toolchains/XcodeDefault.xctoolchain/usr/bin/c++    -DOLD_HEADER_FILENAME  -DHAVE_SYS_TIME_H -DHAVE_UNISTD_H -DHAVE_SYS_TYPES_H -DHAVE_SYS_SOCKET_H -D_FILE_OFFSET_BITS=64 -D_LARGEFILE64_SOURCE -D_LARGEFILE_SOURCE -Wl,-search_paths_first -Wl,-headerpad_max_install_names   CMakeFiles/cmTC_f1049.dir/HDFCXXTests.cpp.o  -o cmTC_f1049  -lm -ldl 

Performing CXX Test H5_NO_NAMESPACE failed with the following output:
Change Dir: /Users/tjcorona/Development/Software/Albany/Dependencies/hdf5-1.8.16/build/CMakeFiles/CMakeTmp

Run Build Command:"/usr/bin/make" "cmTC_facf1/fast"
/Applications/Xcode.app/Contents/Developer/usr/bin/make -f CMakeFiles/cmTC_facf1.dir/build.make CMakeFiles/cmTC_facf1.dir/build
Building CXX object CMakeFiles/cmTC_facf1.dir/HDFCXXTests.cpp.o
/Applications/Xcode.app/Contents/Developer/Toolchains/XcodeDefault.xctoolchain/usr/bin/c++     -DH5_NO_NAMESPACE  -DHAVE_SYS_TIME_H -DHAVE_UNISTD_H -DHAVE_SYS_TYPES_H -DHAVE_SYS_SOCKET_H -D_FILE_OFFSET_BITS=64 -D_LARGEFILE64_SOURCE -D_LARGEFILE_SOURCE   -o CMakeFiles/cmTC_facf1.dir/HDFCXXTests.cpp.o -c /Users/tjcorona/Development/Software/Albany/Dependencies/hdf5-1.8.16/config/cmake_ext_mod/HDFCXXTests.cpp
Linking CXX executable cmTC_facf1
/usr/local/Cellar/cmake/3.6.0_1/bin/cmake -E cmake_link_script CMakeFiles/cmTC_facf1.dir/link.txt --verbose=1
/Applications/Xcode.app/Contents/Developer/Toolchains/XcodeDefault.xctoolchain/usr/bin/c++    -DH5_NO_NAMESPACE  -DHAVE_SYS_TIME_H -DHAVE_UNISTD_H -DHAVE_SYS_TYPES_H -DHAVE_SYS_SOCKET_H -D_FILE_OFFSET_BITS=64 -D_LARGEFILE64_SOURCE -D_LARGEFILE_SOURCE -Wl,-search_paths_first -Wl,-headerpad_max_install_names   CMakeFiles/cmTC_facf1.dir/HDFCXXTests.cpp.o  -o cmTC_facf1  -lm -ldl 
Undefined symbols for architecture x86_64:
  "_main", referenced from:
     implicit entry/start for main executable
ld: symbol(s) not found for architecture x86_64
clang: error: linker command failed with exit code 1 (use -v to see invocation)
make[1]: *** [cmTC_facf1] Error 1
make: *** [cmTC_facf1/fast] Error 2

Performing CXX Test H5_NO_STD failed with the following output:
Change Dir: /Users/tjcorona/Development/Software/Albany/Dependencies/hdf5-1.8.16/build/CMakeFiles/CMakeTmp

Run Build Command:"/usr/bin/make" "cmTC_d1220/fast"
/Applications/Xcode.app/Contents/Developer/usr/bin/make -f CMakeFiles/cmTC_d1220.dir/build.make CMakeFiles/cmTC_d1220.dir/build
Building CXX object CMakeFiles/cmTC_d1220.dir/HDFCXXTests.cpp.o
/Applications/Xcode.app/Contents/Developer/Toolchains/XcodeDefault.xctoolchain/usr/bin/c++     -DH5_NO_STD  -DHAVE_SYS_TIME_H -DHAVE_UNISTD_H -DHAVE_SYS_TYPES_H -DHAVE_SYS_SOCKET_H -D_FILE_OFFSET_BITS=64 -D_LARGEFILE64_SOURCE -D_LARGEFILE_SOURCE   -o CMakeFiles/cmTC_d1220.dir/HDFCXXTests.cpp.o -c /Users/tjcorona/Development/Software/Albany/Dependencies/hdf5-1.8.16/config/cmake_ext_mod/HDFCXXTests.cpp
Linking CXX executable cmTC_d1220
/usr/local/Cellar/cmake/3.6.0_1/bin/cmake -E cmake_link_script CMakeFiles/cmTC_d1220.dir/link.txt --verbose=1
/Applications/Xcode.app/Contents/Developer/Toolchains/XcodeDefault.xctoolchain/usr/bin/c++    -DH5_NO_STD  -DHAVE_SYS_TIME_H -DHAVE_UNISTD_H -DHAVE_SYS_TYPES_H -DHAVE_SYS_SOCKET_H -D_FILE_OFFSET_BITS=64 -D_LARGEFILE64_SOURCE -D_LARGEFILE_SOURCE -Wl,-search_paths_first -Wl,-headerpad_max_install_names   CMakeFiles/cmTC_d1220.dir/HDFCXXTests.cpp.o  -o cmTC_d1220  -lm -ldl 
Undefined symbols for architecture x86_64:
  "_main", referenced from:
     implicit entry/start for main executable
ld: symbol(s) not found for architecture x86_64
clang: error: linker command failed with exit code 1 (use -v to see invocation)
make[1]: *** [cmTC_d1220] Error 1
make: *** [cmTC_d1220/fast] Error 2

Performing CXX Test BOOL_NOTDEFINED failed with the following output:
Change Dir: /Users/tjcorona/Development/Software/Albany/Dependencies/hdf5-1.8.16/build/CMakeFiles/CMakeTmp

Run Build Command:"/usr/bin/make" "cmTC_fa468/fast"
/Applications/Xcode.app/Contents/Developer/usr/bin/make -f CMakeFiles/cmTC_fa468.dir/build.make CMakeFiles/cmTC_fa468.dir/build
Building CXX object CMakeFiles/cmTC_fa468.dir/HDFCXXTests.cpp.o
/Applications/Xcode.app/Contents/Developer/Toolchains/XcodeDefault.xctoolchain/usr/bin/c++     -DBOOL_NOTDEFINED  -DHAVE_SYS_TIME_H -DHAVE_UNISTD_H -DHAVE_SYS_TYPES_H -DHAVE_SYS_SOCKET_H -D_FILE_OFFSET_BITS=64 -D_LARGEFILE64_SOURCE -D_LARGEFILE_SOURCE   -o CMakeFiles/cmTC_fa468.dir/HDFCXXTests.cpp.o -c /Users/tjcorona/Development/Software/Albany/Dependencies/hdf5-1.8.16/config/cmake_ext_mod/HDFCXXTests.cpp
Linking CXX executable cmTC_fa468
/usr/local/Cellar/cmake/3.6.0_1/bin/cmake -E cmake_link_script CMakeFiles/cmTC_fa468.dir/link.txt --verbose=1
/Applications/Xcode.app/Contents/Developer/Toolchains/XcodeDefault.xctoolchain/usr/bin/c++    -DBOOL_NOTDEFINED  -DHAVE_SYS_TIME_H -DHAVE_UNISTD_H -DHAVE_SYS_TYPES_H -DHAVE_SYS_SOCKET_H -D_FILE_OFFSET_BITS=64 -D_LARGEFILE64_SOURCE -D_LARGEFILE_SOURCE -Wl,-search_paths_first -Wl,-headerpad_max_install_names   CMakeFiles/cmTC_fa468.dir/HDFCXXTests.cpp.o  -o cmTC_fa468  -lm -ldl 

Performing CXX Test NO_STATIC_CAST failed with the following output:
Change Dir: /Users/tjcorona/Development/Software/Albany/Dependencies/hdf5-1.8.16/build/CMakeFiles/CMakeTmp

Run Build Command:"/usr/bin/make" "cmTC_0bbcc/fast"
/Applications/Xcode.app/Contents/Developer/usr/bin/make -f CMakeFiles/cmTC_0bbcc.dir/build.make CMakeFiles/cmTC_0bbcc.dir/build
Building CXX object CMakeFiles/cmTC_0bbcc.dir/HDFCXXTests.cpp.o
/Applications/Xcode.app/Contents/Developer/Toolchains/XcodeDefault.xctoolchain/usr/bin/c++     -DNO_STATIC_CAST  -DHAVE_SYS_TIME_H -DHAVE_UNISTD_H -DHAVE_SYS_TYPES_H -DHAVE_SYS_SOCKET_H -D_FILE_OFFSET_BITS=64 -D_LARGEFILE64_SOURCE -D_LARGEFILE_SOURCE   -o CMakeFiles/cmTC_0bbcc.dir/HDFCXXTests.cpp.o -c /Users/tjcorona/Development/Software/Albany/Dependencies/hdf5-1.8.16/config/cmake_ext_mod/HDFCXXTests.cpp
Linking CXX executable cmTC_0bbcc
/usr/local/Cellar/cmake/3.6.0_1/bin/cmake -E cmake_link_script CMakeFiles/cmTC_0bbcc.dir/link.txt --verbose=1
/Applications/Xcode.app/Contents/Developer/Toolchains/XcodeDefault.xctoolchain/usr/bin/c++    -DNO_STATIC_CAST  -DHAVE_SYS_TIME_H -DHAVE_UNISTD_H -DHAVE_SYS_TYPES_H -DHAVE_SYS_SOCKET_H -D_FILE_OFFSET_BITS=64 -D_LARGEFILE64_SOURCE -D_LARGEFILE_SOURCE -Wl,-search_paths_first -Wl,-headerpad_max_install_names   CMakeFiles/cmTC_0bbcc.dir/HDFCXXTests.cpp.o  -o cmTC_0bbcc  -lm -ldl 

Test TEST_DIRECT_VFD_WORKS Compile failed with the following output:
 Change Dir: /Users/tjcorona/Development/Software/Albany/Dependencies/hdf5-1.8.16/build/CMakeFiles/CMakeTmp

Run Build Command:"/usr/bin/make" "cmTC_c82d1/fast"
/Applications/Xcode.app/Contents/Developer/usr/bin/make -f CMakeFiles/cmTC_c82d1.dir/build.make CMakeFiles/cmTC_c82d1.dir/build
Building C object CMakeFiles/cmTC_c82d1.dir/HDFTests.c.o
/Applications/Xcode.app/Contents/Developer/Toolchains/XcodeDefault.xctoolchain/usr/bin/cc    -DTEST_DIRECT_VFD_WORKS -D_GNU_SOURCE   -o CMakeFiles/cmTC_c82d1.dir/HDFTests.c.o   -c /Users/tjcorona/Development/Software/Albany/Dependencies/hdf5-1.8.16/config/cmake_ext_mod/HDFTests.c
/Users/tjcorona/Development/Software/Albany/Dependencies/hdf5-1.8.16/config/cmake_ext_mod/HDFTests.c:314:49: error: use of undeclared identifier 'O_DIRECT'
   if((fid=open("tst_file", O_CREAT | O_TRUNC | O_DIRECT, 0755))<0)
                                                ^
/Users/tjcorona/Development/Software/Albany/Dependencies/hdf5-1.8.16/config/cmake_ext_mod/HDFTests.c:316:4: warning: implicit declaration of function 'close' is invalid in C99 [-Wimplicit-function-declaration]
   close(fid);
   ^
/Users/tjcorona/Development/Software/Albany/Dependencies/hdf5-1.8.16/config/cmake_ext_mod/HDFTests.c:317:4: warning: implicit declaration of function 'remove' is invalid in C99 [-Wimplicit-function-declaration]
   remove("tst_file");
   ^
2 warnings and 1 error generated.
make[1]: *** [CMakeFiles/cmTC_c82d1.dir/HDFTests.c.o] Error 1
make: *** [cmTC_c82d1/fast] Error 2

Test H5_LDOUBLE_TO_LONG_SPECIAL Run failed with the following output and exit code:
 Change Dir: /Users/tjcorona/Development/Software/Albany/Dependencies/hdf5-1.8.16/build/CMakeFiles/CMakeTmp

Run Build Command:"/usr/bin/make" "cmTC_d6dfc/fast"
/Applications/Xcode.app/Contents/Developer/usr/bin/make -f CMakeFiles/cmTC_d6dfc.dir/build.make CMakeFiles/cmTC_d6dfc.dir/build
Building C object CMakeFiles/cmTC_d6dfc.dir/ConversionTests.c.o
/Applications/Xcode.app/Contents/Developer/Toolchains/XcodeDefault.xctoolchain/usr/bin/cc    -DH5_LDOUBLE_TO_LONG_SPECIAL_TEST   -o CMakeFiles/cmTC_d6dfc.dir/ConversionTests.c.o   -c /Users/tjcorona/Development/Software/Albany/Dependencies/hdf5-1.8.16/config/cmake/ConversionTests.c
Linking C executable cmTC_d6dfc
/usr/local/Cellar/cmake/3.6.0_1/bin/cmake -E cmake_link_script CMakeFiles/cmTC_d6dfc.dir/link.txt --verbose=1
/Applications/Xcode.app/Contents/Developer/Toolchains/XcodeDefault.xctoolchain/usr/bin/cc   -DH5_LDOUBLE_TO_LONG_SPECIAL_TEST -Wl,-search_paths_first -Wl,-headerpad_max_install_names   CMakeFiles/cmTC_d6dfc.dir/ConversionTests.c.o  -o cmTC_d6dfc  

Test H5_LONG_TO_LDOUBLE_SPECIAL Run failed with the following output and exit code:
 Change Dir: /Users/tjcorona/Development/Software/Albany/Dependencies/hdf5-1.8.16/build/CMakeFiles/CMakeTmp

Run Build Command:"/usr/bin/make" "cmTC_cca08/fast"
/Applications/Xcode.app/Contents/Developer/usr/bin/make -f CMakeFiles/cmTC_cca08.dir/build.make CMakeFiles/cmTC_cca08.dir/build
Building C object CMakeFiles/cmTC_cca08.dir/ConversionTests.c.o
/Applications/Xcode.app/Contents/Developer/Toolchains/XcodeDefault.xctoolchain/usr/bin/cc    -DH5_LONG_TO_LDOUBLE_SPECIAL_TEST   -o CMakeFiles/cmTC_cca08.dir/ConversionTests.c.o   -c /Users/tjcorona/Development/Software/Albany/Dependencies/hdf5-1.8.16/config/cmake/ConversionTests.c
Linking C executable cmTC_cca08
/usr/local/Cellar/cmake/3.6.0_1/bin/cmake -E cmake_link_script CMakeFiles/cmTC_cca08.dir/link.txt --verbose=1
/Applications/Xcode.app/Contents/Developer/Toolchains/XcodeDefault.xctoolchain/usr/bin/cc   -DH5_LONG_TO_LDOUBLE_SPECIAL_TEST -Wl,-search_paths_first -Wl,-headerpad_max_install_names   CMakeFiles/cmTC_cca08.dir/ConversionTests.c.o  -o cmTC_cca08  

Performing Other Test HAVE_OFF64_T failed with the following output:
Change Dir: /Users/tjcorona/Development/Software/Albany/Dependencies/hdf5-1.8.16/build/CMakeFiles/CMakeTmp

Run Build Command:"/usr/bin/make" "cmTC_c4b0b/fast"
/Applications/Xcode.app/Contents/Developer/usr/bin/make -f CMakeFiles/cmTC_c4b0b.dir/build.make CMakeFiles/cmTC_c4b0b.dir/build
Building C object CMakeFiles/cmTC_c4b0b.dir/HDFTests.c.o
/Applications/Xcode.app/Contents/Developer/Toolchains/XcodeDefault.xctoolchain/usr/bin/cc    -DHAVE_OFF64_T  -DHAVE_SYS_TIME_H -DHAVE_UNISTD_H -DHAVE_SYS_TYPES_H -DHAVE_SYS_SOCKET_H -D_FILE_OFFSET_BITS=64 -D_LARGEFILE64_SOURCE -D_LARGEFILE_SOURCE   -o CMakeFiles/cmTC_c4b0b.dir/HDFTests.c.o   -c /Users/tjcorona/Development/Software/Albany/Dependencies/hdf5-1.8.16/config/cmake_ext_mod/HDFTests.c
/Users/tjcorona/Development/Software/Albany/Dependencies/hdf5-1.8.16/config/cmake_ext_mod/HDFTests.c:292:3: error: unknown type name 'off64_t'; did you mean 'off_t'?
  off64_t n = 0;
  ^~~~~~~
  off_t
/usr/include/sys/_types/_off_t.h:30:25: note: 'off_t' declared here
typedef __darwin_off_t          off_t;
                                ^
1 error generated.
make[1]: *** [CMakeFiles/cmTC_c4b0b.dir/HDFTests.c.o] Error 1
make: *** [cmTC_c4b0b/fast] Error 2

Performing Other Test HAVE___TM_GMTOFF failed with the following output:
Change Dir: /Users/tjcorona/Development/Software/Albany/Dependencies/hdf5-1.8.16/build/CMakeFiles/CMakeTmp

Run Build Command:"/usr/bin/make" "cmTC_b9e08/fast"
/Applications/Xcode.app/Contents/Developer/usr/bin/make -f CMakeFiles/cmTC_b9e08.dir/build.make CMakeFiles/cmTC_b9e08.dir/build
Building C object CMakeFiles/cmTC_b9e08.dir/HDFTests.c.o
/Applications/Xcode.app/Contents/Developer/Toolchains/XcodeDefault.xctoolchain/usr/bin/cc    -DHAVE___TM_GMTOFF  -DHAVE_SYS_TIME_H -DHAVE_UNISTD_H -DHAVE_SYS_TYPES_H -DHAVE_SYS_SOCKET_H -D_FILE_OFFSET_BITS=64 -D_LARGEFILE64_SOURCE -D_LARGEFILE_SOURCE   -o CMakeFiles/cmTC_b9e08.dir/HDFTests.c.o   -c /Users/tjcorona/Development/Software/Albany/Dependencies/hdf5-1.8.16/config/cmake_ext_mod/HDFTests.c
/Users/tjcorona/Development/Software/Albany/Dependencies/hdf5-1.8.16/config/cmake_ext_mod/HDFTests.c:170:30: error: no member named '__tm_gmtoff' in 'struct tm'; did you mean 'tm_gmtoff'?
SIMPLE_TEST(struct tm tm; tm.__tm_gmtoff=0);
                             ^~~~~~~~~~~
                             tm_gmtoff
/Users/tjcorona/Development/Software/Albany/Dependencies/hdf5-1.8.16/config/cmake_ext_mod/HDFTests.c:1:36: note: expanded from macro 'SIMPLE_TEST'
#define SIMPLE_TEST(x) int main(){ x; return 0; }
                                   ^
/usr/include/time.h:83:7: note: 'tm_gmtoff' declared here
        long    tm_gmtoff;      /* offset from CUT in seconds */
                ^
1 error generated.
make[1]: *** [CMakeFiles/cmTC_b9e08.dir/HDFTests.c.o] Error 1
make: *** [cmTC_b9e08/fast] Error 2

Performing Other Test HAVE_TM_ZONE failed with the following output:
Change Dir: /Users/tjcorona/Development/Software/Albany/Dependencies/hdf5-1.8.16/build/CMakeFiles/CMakeTmp

Run Build Command:"/usr/bin/make" "cmTC_6192a/fast"
/Applications/Xcode.app/Contents/Developer/usr/bin/make -f CMakeFiles/cmTC_6192a.dir/build.make CMakeFiles/cmTC_6192a.dir/build
Building C object CMakeFiles/cmTC_6192a.dir/HDFTests.c.o
/Applications/Xcode.app/Contents/Developer/Toolchains/XcodeDefault.xctoolchain/usr/bin/cc    -DHAVE_TM_ZONE  -DHAVE_SYS_TIME_H -DHAVE_UNISTD_H -DHAVE_SYS_TYPES_H -DHAVE_SYS_SOCKET_H -D_FILE_OFFSET_BITS=64 -D_LARGEFILE64_SOURCE -D_LARGEFILE_SOURCE   -o CMakeFiles/cmTC_6192a.dir/HDFTests.c.o   -c /Users/tjcorona/Development/Software/Albany/Dependencies/hdf5-1.8.16/config/cmake_ext_mod/HDFTests.c
Linking C executable cmTC_6192a
/usr/local/Cellar/cmake/3.6.0_1/bin/cmake -E cmake_link_script CMakeFiles/cmTC_6192a.dir/link.txt --verbose=1
/Applications/Xcode.app/Contents/Developer/Toolchains/XcodeDefault.xctoolchain/usr/bin/cc   -DHAVE_TM_ZONE  -DHAVE_SYS_TIME_H -DHAVE_UNISTD_H -DHAVE_SYS_TYPES_H -DHAVE_SYS_SOCKET_H -D_FILE_OFFSET_BITS=64 -D_LARGEFILE64_SOURCE -D_LARGEFILE_SOURCE -Wl,-search_paths_first -Wl,-headerpad_max_install_names   CMakeFiles/cmTC_6192a.dir/HDFTests.c.o  -o cmTC_6192a  -lm -ldl 
Undefined symbols for architecture x86_64:
  "_main", referenced from:
     implicit entry/start for main executable
ld: symbol(s) not found for architecture x86_64
clang: error: linker command failed with exit code 1 (use -v to see invocation)
make[1]: *** [cmTC_6192a] Error 1
make: *** [cmTC_6192a/fast] Error 2

Performing Other Test HAVE_STRUCT_TM_TM_ZONE failed with the following output:
Change Dir: /Users/tjcorona/Development/Software/Albany/Dependencies/hdf5-1.8.16/build/CMakeFiles/CMakeTmp

Run Build Command:"/usr/bin/make" "cmTC_81de8/fast"
/Applications/Xcode.app/Contents/Developer/usr/bin/make -f CMakeFiles/cmTC_81de8.dir/build.make CMakeFiles/cmTC_81de8.dir/build
Building C object CMakeFiles/cmTC_81de8.dir/HDFTests.c.o
/Applications/Xcode.app/Contents/Developer/Toolchains/XcodeDefault.xctoolchain/usr/bin/cc    -DHAVE_STRUCT_TM_TM_ZONE  -DHAVE_SYS_TIME_H -DHAVE_UNISTD_H -DHAVE_SYS_TYPES_H -DHAVE_SYS_SOCKET_H -D_FILE_OFFSET_BITS=64 -D_LARGEFILE64_SOURCE -D_LARGEFILE_SOURCE   -o CMakeFiles/cmTC_81de8.dir/HDFTests.c.o   -c /Users/tjcorona/Development/Software/Albany/Dependencies/hdf5-1.8.16/config/cmake_ext_mod/HDFTests.c
Linking C executable cmTC_81de8
/usr/local/Cellar/cmake/3.6.0_1/bin/cmake -E cmake_link_script CMakeFiles/cmTC_81de8.dir/link.txt --verbose=1
/Applications/Xcode.app/Contents/Developer/Toolchains/XcodeDefault.xctoolchain/usr/bin/cc   -DHAVE_STRUCT_TM_TM_ZONE  -DHAVE_SYS_TIME_H -DHAVE_UNISTD_H -DHAVE_SYS_TYPES_H -DHAVE_SYS_SOCKET_H -D_FILE_OFFSET_BITS=64 -D_LARGEFILE64_SOURCE -D_LARGEFILE_SOURCE -Wl,-search_paths_first -Wl,-headerpad_max_install_names   CMakeFiles/cmTC_81de8.dir/HDFTests.c.o  -o cmTC_81de8  -lm -ldl 
Undefined symbols for architecture x86_64:
  "_main", referenced from:
     implicit entry/start for main executable
ld: symbol(s) not found for architecture x86_64
clang: error: linker command failed with exit code 1 (use -v to see invocation)
make[1]: *** [cmTC_81de8] Error 1
make: *** [cmTC_81de8/fast] Error 2

Performing Other Test HAVE_STRUCT_VIDEOCONFIG failed with the following output:
Change Dir: /Users/tjcorona/Development/Software/Albany/Dependencies/hdf5-1.8.16/build/CMakeFiles/CMakeTmp

Run Build Command:"/usr/bin/make" "cmTC_1d858/fast"
/Applications/Xcode.app/Contents/Developer/usr/bin/make -f CMakeFiles/cmTC_1d858.dir/build.make CMakeFiles/cmTC_1d858.dir/build
Building C object CMakeFiles/cmTC_1d858.dir/HDFTests.c.o
/Applications/Xcode.app/Contents/Developer/Toolchains/XcodeDefault.xctoolchain/usr/bin/cc    -DHAVE_STRUCT_VIDEOCONFIG  -DHAVE_SYS_TIME_H -DHAVE_UNISTD_H -DHAVE_SYS_TYPES_H -DHAVE_SYS_SOCKET_H -D_FILE_OFFSET_BITS=64 -D_LARGEFILE64_SOURCE -D_LARGEFILE_SOURCE   -o CMakeFiles/cmTC_1d858.dir/HDFTests.c.o   -c /Users/tjcorona/Development/Software/Albany/Dependencies/hdf5-1.8.16/config/cmake_ext_mod/HDFTests.c
/Users/tjcorona/Development/Software/Albany/Dependencies/hdf5-1.8.16/config/cmake_ext_mod/HDFTests.c:447:32: error: variable has incomplete type 'struct videoconfig'
SIMPLE_TEST(struct videoconfig w; w.numtextcols=0);
                               ^
/Users/tjcorona/Development/Software/Albany/Dependencies/hdf5-1.8.16/config/cmake_ext_mod/HDFTests.c:447:20: note: forward declaration of 'struct videoconfig'
SIMPLE_TEST(struct videoconfig w; w.numtextcols=0);
                   ^
1 error generated.
make[1]: *** [CMakeFiles/cmTC_1d858.dir/HDFTests.c.o] Error 1
make: *** [cmTC_1d858/fast] Error 2

Performing Other Test HAVE_STRUCT_TEXT_INFO failed with the following output:
Change Dir: /Users/tjcorona/Development/Software/Albany/Dependencies/hdf5-1.8.16/build/CMakeFiles/CMakeTmp

Run Build Command:"/usr/bin/make" "cmTC_51ba0/fast"
/Applications/Xcode.app/Contents/Developer/usr/bin/make -f CMakeFiles/cmTC_51ba0.dir/build.make CMakeFiles/cmTC_51ba0.dir/build
Building C object CMakeFiles/cmTC_51ba0.dir/HDFTests.c.o
/Applications/Xcode.app/Contents/Developer/Toolchains/XcodeDefault.xctoolchain/usr/bin/cc    -DHAVE_STRUCT_TEXT_INFO  -DHAVE_SYS_TIME_H -DHAVE_UNISTD_H -DHAVE_SYS_TYPES_H -DHAVE_SYS_SOCKET_H -D_FILE_OFFSET_BITS=64 -D_LARGEFILE64_SOURCE -D_LARGEFILE_SOURCE   -o CMakeFiles/cmTC_51ba0.dir/HDFTests.c.o   -c /Users/tjcorona/Development/Software/Albany/Dependencies/hdf5-1.8.16/config/cmake_ext_mod/HDFTests.c
/Users/tjcorona/Development/Software/Albany/Dependencies/hdf5-1.8.16/config/cmake_ext_mod/HDFTests.c:453:30: error: variable has incomplete type 'struct text_info'
SIMPLE_TEST(struct text_info w; w.screenwidth=0);
                             ^
/Users/tjcorona/Development/Software/Albany/Dependencies/hdf5-1.8.16/config/cmake_ext_mod/HDFTests.c:453:20: note: forward declaration of 'struct text_info'
SIMPLE_TEST(struct text_info w; w.screenwidth=0);
                   ^
1 error generated.
make[1]: *** [CMakeFiles/cmTC_51ba0.dir/HDFTests.c.o] Error 1
make: *** [cmTC_51ba0/fast] Error 2

Performing CXX Test OLD_HEADER_FILENAME failed with the following output:
Change Dir: /Users/tjcorona/Development/Software/Albany/Dependencies/hdf5-1.8.16/build/CMakeFiles/CMakeTmp

Run Build Command:"/usr/bin/make" "cmTC_c4b4c/fast"
/Applications/Xcode.app/Contents/Developer/usr/bin/make -f CMakeFiles/cmTC_c4b4c.dir/build.make CMakeFiles/cmTC_c4b4c.dir/build
Building CXX object CMakeFiles/cmTC_c4b4c.dir/HDFCXXTests.cpp.o
/Applications/Xcode.app/Contents/Developer/Toolchains/XcodeDefault.xctoolchain/usr/bin/c++     -DOLD_HEADER_FILENAME  -DHAVE_SYS_TIME_H -DHAVE_UNISTD_H -DHAVE_SYS_TYPES_H -DHAVE_SYS_SOCKET_H -D_FILE_OFFSET_BITS=64 -D_LARGEFILE64_SOURCE -D_LARGEFILE_SOURCE   -o CMakeFiles/cmTC_c4b4c.dir/HDFCXXTests.cpp.o -c /Users/tjcorona/Development/Software/Albany/Dependencies/hdf5-1.8.16/config/cmake_ext_mod/HDFCXXTests.cpp
Linking CXX executable cmTC_c4b4c
/usr/local/Cellar/cmake/3.6.0_1/bin/cmake -E cmake_link_script CMakeFiles/cmTC_c4b4c.dir/link.txt --verbose=1
/Applications/Xcode.app/Contents/Developer/Toolchains/XcodeDefault.xctoolchain/usr/bin/c++    -DOLD_HEADER_FILENAME  -DHAVE_SYS_TIME_H -DHAVE_UNISTD_H -DHAVE_SYS_TYPES_H -DHAVE_SYS_SOCKET_H -D_FILE_OFFSET_BITS=64 -D_LARGEFILE64_SOURCE -D_LARGEFILE_SOURCE -Wl,-search_paths_first -Wl,-headerpad_max_install_names   CMakeFiles/cmTC_c4b4c.dir/HDFCXXTests.cpp.o  -o cmTC_c4b4c  -lm -ldl 

Performing CXX Test H5_NO_NAMESPACE failed with the following output:
Change Dir: /Users/tjcorona/Development/Software/Albany/Dependencies/hdf5-1.8.16/build/CMakeFiles/CMakeTmp

Run Build Command:"/usr/bin/make" "cmTC_a8e2d/fast"
/Applications/Xcode.app/Contents/Developer/usr/bin/make -f CMakeFiles/cmTC_a8e2d.dir/build.make CMakeFiles/cmTC_a8e2d.dir/build
Building CXX object CMakeFiles/cmTC_a8e2d.dir/HDFCXXTests.cpp.o
/Applications/Xcode.app/Contents/Developer/Toolchains/XcodeDefault.xctoolchain/usr/bin/c++     -DH5_NO_NAMESPACE  -DHAVE_SYS_TIME_H -DHAVE_UNISTD_H -DHAVE_SYS_TYPES_H -DHAVE_SYS_SOCKET_H -D_FILE_OFFSET_BITS=64 -D_LARGEFILE64_SOURCE -D_LARGEFILE_SOURCE   -o CMakeFiles/cmTC_a8e2d.dir/HDFCXXTests.cpp.o -c /Users/tjcorona/Development/Software/Albany/Dependencies/hdf5-1.8.16/config/cmake_ext_mod/HDFCXXTests.cpp
Linking CXX executable cmTC_a8e2d
/usr/local/Cellar/cmake/3.6.0_1/bin/cmake -E cmake_link_script CMakeFiles/cmTC_a8e2d.dir/link.txt --verbose=1
/Applications/Xcode.app/Contents/Developer/Toolchains/XcodeDefault.xctoolchain/usr/bin/c++    -DH5_NO_NAMESPACE  -DHAVE_SYS_TIME_H -DHAVE_UNISTD_H -DHAVE_SYS_TYPES_H -DHAVE_SYS_SOCKET_H -D_FILE_OFFSET_BITS=64 -D_LARGEFILE64_SOURCE -D_LARGEFILE_SOURCE -Wl,-search_paths_first -Wl,-headerpad_max_install_names   CMakeFiles/cmTC_a8e2d.dir/HDFCXXTests.cpp.o  -o cmTC_a8e2d  -lm -ldl 
Undefined symbols for architecture x86_64:
  "_main", referenced from:
     implicit entry/start for main executable
ld: symbol(s) not found for architecture x86_64
clang: error: linker command failed with exit code 1 (use -v to see invocation)
make[1]: *** [cmTC_a8e2d] Error 1
make: *** [cmTC_a8e2d/fast] Error 2

Performing CXX Test H5_NO_STD failed with the following output:
Change Dir: /Users/tjcorona/Development/Software/Albany/Dependencies/hdf5-1.8.16/build/CMakeFiles/CMakeTmp

Run Build Command:"/usr/bin/make" "cmTC_5ba16/fast"
/Applications/Xcode.app/Contents/Developer/usr/bin/make -f CMakeFiles/cmTC_5ba16.dir/build.make CMakeFiles/cmTC_5ba16.dir/build
Building CXX object CMakeFiles/cmTC_5ba16.dir/HDFCXXTests.cpp.o
/Applications/Xcode.app/Contents/Developer/Toolchains/XcodeDefault.xctoolchain/usr/bin/c++     -DH5_NO_STD  -DHAVE_SYS_TIME_H -DHAVE_UNISTD_H -DHAVE_SYS_TYPES_H -DHAVE_SYS_SOCKET_H -D_FILE_OFFSET_BITS=64 -D_LARGEFILE64_SOURCE -D_LARGEFILE_SOURCE   -o CMakeFiles/cmTC_5ba16.dir/HDFCXXTests.cpp.o -c /Users/tjcorona/Development/Software/Albany/Dependencies/hdf5-1.8.16/config/cmake_ext_mod/HDFCXXTests.cpp
Linking CXX executable cmTC_5ba16
/usr/local/Cellar/cmake/3.6.0_1/bin/cmake -E cmake_link_script CMakeFiles/cmTC_5ba16.dir/link.txt --verbose=1
/Applications/Xcode.app/Contents/Developer/Toolchains/XcodeDefault.xctoolchain/usr/bin/c++    -DH5_NO_STD  -DHAVE_SYS_TIME_H -DHAVE_UNISTD_H -DHAVE_SYS_TYPES_H -DHAVE_SYS_SOCKET_H -D_FILE_OFFSET_BITS=64 -D_LARGEFILE64_SOURCE -D_LARGEFILE_SOURCE -Wl,-search_paths_first -Wl,-headerpad_max_install_names   CMakeFiles/cmTC_5ba16.dir/HDFCXXTests.cpp.o  -o cmTC_5ba16  -lm -ldl 
Undefined symbols for architecture x86_64:
  "_main", referenced from:
     implicit entry/start for main executable
ld: symbol(s) not found for architecture x86_64
clang: error: linker command failed with exit code 1 (use -v to see invocation)
make[1]: *** [cmTC_5ba16] Error 1
make: *** [cmTC_5ba16/fast] Error 2

Performing CXX Test BOOL_NOTDEFINED failed with the following output:
Change Dir: /Users/tjcorona/Development/Software/Albany/Dependencies/hdf5-1.8.16/build/CMakeFiles/CMakeTmp

Run Build Command:"/usr/bin/make" "cmTC_4b5c4/fast"
/Applications/Xcode.app/Contents/Developer/usr/bin/make -f CMakeFiles/cmTC_4b5c4.dir/build.make CMakeFiles/cmTC_4b5c4.dir/build
Building CXX object CMakeFiles/cmTC_4b5c4.dir/HDFCXXTests.cpp.o
/Applications/Xcode.app/Contents/Developer/Toolchains/XcodeDefault.xctoolchain/usr/bin/c++     -DBOOL_NOTDEFINED  -DHAVE_SYS_TIME_H -DHAVE_UNISTD_H -DHAVE_SYS_TYPES_H -DHAVE_SYS_SOCKET_H -D_FILE_OFFSET_BITS=64 -D_LARGEFILE64_SOURCE -D_LARGEFILE_SOURCE   -o CMakeFiles/cmTC_4b5c4.dir/HDFCXXTests.cpp.o -c /Users/tjcorona/Development/Software/Albany/Dependencies/hdf5-1.8.16/config/cmake_ext_mod/HDFCXXTests.cpp
Linking CXX executable cmTC_4b5c4
/usr/local/Cellar/cmake/3.6.0_1/bin/cmake -E cmake_link_script CMakeFiles/cmTC_4b5c4.dir/link.txt --verbose=1
/Applications/Xcode.app/Contents/Developer/Toolchains/XcodeDefault.xctoolchain/usr/bin/c++    -DBOOL_NOTDEFINED  -DHAVE_SYS_TIME_H -DHAVE_UNISTD_H -DHAVE_SYS_TYPES_H -DHAVE_SYS_SOCKET_H -D_FILE_OFFSET_BITS=64 -D_LARGEFILE64_SOURCE -D_LARGEFILE_SOURCE -Wl,-search_paths_first -Wl,-headerpad_max_install_names   CMakeFiles/cmTC_4b5c4.dir/HDFCXXTests.cpp.o  -o cmTC_4b5c4  -lm -ldl 

Performing CXX Test NO_STATIC_CAST failed with the following output:
Change Dir: /Users/tjcorona/Development/Software/Albany/Dependencies/hdf5-1.8.16/build/CMakeFiles/CMakeTmp

Run Build Command:"/usr/bin/make" "cmTC_e1b63/fast"
/Applications/Xcode.app/Contents/Developer/usr/bin/make -f CMakeFiles/cmTC_e1b63.dir/build.make CMakeFiles/cmTC_e1b63.dir/build
Building CXX object CMakeFiles/cmTC_e1b63.dir/HDFCXXTests.cpp.o
/Applications/Xcode.app/Contents/Developer/Toolchains/XcodeDefault.xctoolchain/usr/bin/c++     -DNO_STATIC_CAST  -DHAVE_SYS_TIME_H -DHAVE_UNISTD_H -DHAVE_SYS_TYPES_H -DHAVE_SYS_SOCKET_H -D_FILE_OFFSET_BITS=64 -D_LARGEFILE64_SOURCE -D_LARGEFILE_SOURCE   -o CMakeFiles/cmTC_e1b63.dir/HDFCXXTests.cpp.o -c /Users/tjcorona/Development/Software/Albany/Dependencies/hdf5-1.8.16/config/cmake_ext_mod/HDFCXXTests.cpp
Linking CXX executable cmTC_e1b63
/usr/local/Cellar/cmake/3.6.0_1/bin/cmake -E cmake_link_script CMakeFiles/cmTC_e1b63.dir/link.txt --verbose=1
/Applications/Xcode.app/Contents/Developer/Toolchains/XcodeDefault.xctoolchain/usr/bin/c++    -DNO_STATIC_CAST  -DHAVE_SYS_TIME_H -DHAVE_UNISTD_H -DHAVE_SYS_TYPES_H -DHAVE_SYS_SOCKET_H -D_FILE_OFFSET_BITS=64 -D_LARGEFILE64_SOURCE -D_LARGEFILE_SOURCE -Wl,-search_paths_first -Wl,-headerpad_max_install_names   CMakeFiles/cmTC_e1b63.dir/HDFCXXTests.cpp.o  -o cmTC_e1b63  -lm -ldl 

Test TEST_DIRECT_VFD_WORKS Compile failed with the following output:
 Change Dir: /Users/tjcorona/Development/Software/Albany/Dependencies/hdf5-1.8.16/build/CMakeFiles/CMakeTmp

Run Build Command:"/usr/bin/make" "cmTC_130e1/fast"
/Applications/Xcode.app/Contents/Developer/usr/bin/make -f CMakeFiles/cmTC_130e1.dir/build.make CMakeFiles/cmTC_130e1.dir/build
Building C object CMakeFiles/cmTC_130e1.dir/HDFTests.c.o
/Applications/Xcode.app/Contents/Developer/Toolchains/XcodeDefault.xctoolchain/usr/bin/cc    -DTEST_DIRECT_VFD_WORKS -D_GNU_SOURCE   -o CMakeFiles/cmTC_130e1.dir/HDFTests.c.o   -c /Users/tjcorona/Development/Software/Albany/Dependencies/hdf5-1.8.16/config/cmake_ext_mod/HDFTests.c
/Users/tjcorona/Development/Software/Albany/Dependencies/hdf5-1.8.16/config/cmake_ext_mod/HDFTests.c:314:49: error: use of undeclared identifier 'O_DIRECT'
   if((fid=open("tst_file", O_CREAT | O_TRUNC | O_DIRECT, 0755))<0)
                                                ^
/Users/tjcorona/Development/Software/Albany/Dependencies/hdf5-1.8.16/config/cmake_ext_mod/HDFTests.c:316:4: warning: implicit declaration of function 'close' is invalid in C99 [-Wimplicit-function-declaration]
   close(fid);
   ^
/Users/tjcorona/Development/Software/Albany/Dependencies/hdf5-1.8.16/config/cmake_ext_mod/HDFTests.c:317:4: warning: implicit declaration of function 'remove' is invalid in C99 [-Wimplicit-function-declaration]
   remove("tst_file");
   ^
2 warnings and 1 error generated.
make[1]: *** [CMakeFiles/cmTC_130e1.dir/HDFTests.c.o] Error 1
make: *** [cmTC_130e1/fast] Error 2

Test H5_LDOUBLE_TO_LONG_SPECIAL Run failed with the following output and exit code:
 Change Dir: /Users/tjcorona/Development/Software/Albany/Dependencies/hdf5-1.8.16/build/CMakeFiles/CMakeTmp

Run Build Command:"/usr/bin/make" "cmTC_74f6c/fast"
/Applications/Xcode.app/Contents/Developer/usr/bin/make -f CMakeFiles/cmTC_74f6c.dir/build.make CMakeFiles/cmTC_74f6c.dir/build
Building C object CMakeFiles/cmTC_74f6c.dir/ConversionTests.c.o
/Applications/Xcode.app/Contents/Developer/Toolchains/XcodeDefault.xctoolchain/usr/bin/cc    -DH5_LDOUBLE_TO_LONG_SPECIAL_TEST   -o CMakeFiles/cmTC_74f6c.dir/ConversionTests.c.o   -c /Users/tjcorona/Development/Software/Albany/Dependencies/hdf5-1.8.16/config/cmake/ConversionTests.c
Linking C executable cmTC_74f6c
/usr/local/Cellar/cmake/3.6.0_1/bin/cmake -E cmake_link_script CMakeFiles/cmTC_74f6c.dir/link.txt --verbose=1
/Applications/Xcode.app/Contents/Developer/Toolchains/XcodeDefault.xctoolchain/usr/bin/cc   -DH5_LDOUBLE_TO_LONG_SPECIAL_TEST -Wl,-search_paths_first -Wl,-headerpad_max_install_names   CMakeFiles/cmTC_74f6c.dir/ConversionTests.c.o  -o cmTC_74f6c  

Test H5_LONG_TO_LDOUBLE_SPECIAL Run failed with the following output and exit code:
 Change Dir: /Users/tjcorona/Development/Software/Albany/Dependencies/hdf5-1.8.16/build/CMakeFiles/CMakeTmp

Run Build Command:"/usr/bin/make" "cmTC_3a5fc/fast"
/Applications/Xcode.app/Contents/Developer/usr/bin/make -f CMakeFiles/cmTC_3a5fc.dir/build.make CMakeFiles/cmTC_3a5fc.dir/build
Building C object CMakeFiles/cmTC_3a5fc.dir/ConversionTests.c.o
/Applications/Xcode.app/Contents/Developer/Toolchains/XcodeDefault.xctoolchain/usr/bin/cc    -DH5_LONG_TO_LDOUBLE_SPECIAL_TEST   -o CMakeFiles/cmTC_3a5fc.dir/ConversionTests.c.o   -c /Users/tjcorona/Development/Software/Albany/Dependencies/hdf5-1.8.16/config/cmake/ConversionTests.c
Linking C executable cmTC_3a5fc
/usr/local/Cellar/cmake/3.6.0_1/bin/cmake -E cmake_link_script CMakeFiles/cmTC_3a5fc.dir/link.txt --verbose=1
/Applications/Xcode.app/Contents/Developer/Toolchains/XcodeDefault.xctoolchain/usr/bin/cc   -DH5_LONG_TO_LDOUBLE_SPECIAL_TEST -Wl,-search_paths_first -Wl,-headerpad_max_install_names   CMakeFiles/cmTC_3a5fc.dir/ConversionTests.c.o  -o cmTC_3a5fc  

Performing Other Test HAVE_OFF64_T failed with the following output:
Change Dir: /Users/tjcorona/Development/Software/Albany/Dependencies/hdf5-1.8.16/build/CMakeFiles/CMakeTmp

Run Build Command:"/usr/bin/make" "cmTC_c9124/fast"
/Applications/Xcode.app/Contents/Developer/usr/bin/make -f CMakeFiles/cmTC_c9124.dir/build.make CMakeFiles/cmTC_c9124.dir/build
Building C object CMakeFiles/cmTC_c9124.dir/HDFTests.c.o
/Applications/Xcode.app/Contents/Developer/Toolchains/XcodeDefault.xctoolchain/usr/bin/cc    -DHAVE_OFF64_T  -DHAVE_SYS_TIME_H -DHAVE_UNISTD_H -DHAVE_SYS_TYPES_H -DHAVE_SYS_SOCKET_H -D_FILE_OFFSET_BITS=64 -D_LARGEFILE64_SOURCE -D_LARGEFILE_SOURCE   -o CMakeFiles/cmTC_c9124.dir/HDFTests.c.o   -c /Users/tjcorona/Development/Software/Albany/Dependencies/hdf5-1.8.16/config/cmake_ext_mod/HDFTests.c
/Users/tjcorona/Development/Software/Albany/Dependencies/hdf5-1.8.16/config/cmake_ext_mod/HDFTests.c:292:3: error: unknown type name 'off64_t'; did you mean 'off_t'?
  off64_t n = 0;
  ^~~~~~~
  off_t
/usr/include/sys/_types/_off_t.h:30:25: note: 'off_t' declared here
typedef __darwin_off_t          off_t;
                                ^
1 error generated.
make[1]: *** [CMakeFiles/cmTC_c9124.dir/HDFTests.c.o] Error 1
make: *** [cmTC_c9124/fast] Error 2

Performing Other Test HAVE___TM_GMTOFF failed with the following output:
Change Dir: /Users/tjcorona/Development/Software/Albany/Dependencies/hdf5-1.8.16/build/CMakeFiles/CMakeTmp

Run Build Command:"/usr/bin/make" "cmTC_84e53/fast"
/Applications/Xcode.app/Contents/Developer/usr/bin/make -f CMakeFiles/cmTC_84e53.dir/build.make CMakeFiles/cmTC_84e53.dir/build
Building C object CMakeFiles/cmTC_84e53.dir/HDFTests.c.o
/Applications/Xcode.app/Contents/Developer/Toolchains/XcodeDefault.xctoolchain/usr/bin/cc    -DHAVE___TM_GMTOFF  -DHAVE_SYS_TIME_H -DHAVE_UNISTD_H -DHAVE_SYS_TYPES_H -DHAVE_SYS_SOCKET_H -D_FILE_OFFSET_BITS=64 -D_LARGEFILE64_SOURCE -D_LARGEFILE_SOURCE   -o CMakeFiles/cmTC_84e53.dir/HDFTests.c.o   -c /Users/tjcorona/Development/Software/Albany/Dependencies/hdf5-1.8.16/config/cmake_ext_mod/HDFTests.c
/Users/tjcorona/Development/Software/Albany/Dependencies/hdf5-1.8.16/config/cmake_ext_mod/HDFTests.c:170:30: error: no member named '__tm_gmtoff' in 'struct tm'; did you mean 'tm_gmtoff'?
SIMPLE_TEST(struct tm tm; tm.__tm_gmtoff=0);
                             ^~~~~~~~~~~
                             tm_gmtoff
/Users/tjcorona/Development/Software/Albany/Dependencies/hdf5-1.8.16/config/cmake_ext_mod/HDFTests.c:1:36: note: expanded from macro 'SIMPLE_TEST'
#define SIMPLE_TEST(x) int main(){ x; return 0; }
                                   ^
/usr/include/time.h:83:7: note: 'tm_gmtoff' declared here
        long    tm_gmtoff;      /* offset from CUT in seconds */
                ^
1 error generated.
make[1]: *** [CMakeFiles/cmTC_84e53.dir/HDFTests.c.o] Error 1
make: *** [cmTC_84e53/fast] Error 2

Performing Other Test HAVE_TM_ZONE failed with the following output:
Change Dir: /Users/tjcorona/Development/Software/Albany/Dependencies/hdf5-1.8.16/build/CMakeFiles/CMakeTmp

Run Build Command:"/usr/bin/make" "cmTC_59e33/fast"
/Applications/Xcode.app/Contents/Developer/usr/bin/make -f CMakeFiles/cmTC_59e33.dir/build.make CMakeFiles/cmTC_59e33.dir/build
Building C object CMakeFiles/cmTC_59e33.dir/HDFTests.c.o
/Applications/Xcode.app/Contents/Developer/Toolchains/XcodeDefault.xctoolchain/usr/bin/cc    -DHAVE_TM_ZONE  -DHAVE_SYS_TIME_H -DHAVE_UNISTD_H -DHAVE_SYS_TYPES_H -DHAVE_SYS_SOCKET_H -D_FILE_OFFSET_BITS=64 -D_LARGEFILE64_SOURCE -D_LARGEFILE_SOURCE   -o CMakeFiles/cmTC_59e33.dir/HDFTests.c.o   -c /Users/tjcorona/Development/Software/Albany/Dependencies/hdf5-1.8.16/config/cmake_ext_mod/HDFTests.c
Linking C executable cmTC_59e33
/usr/local/Cellar/cmake/3.6.0_1/bin/cmake -E cmake_link_script CMakeFiles/cmTC_59e33.dir/link.txt --verbose=1
/Applications/Xcode.app/Contents/Developer/Toolchains/XcodeDefault.xctoolchain/usr/bin/cc   -DHAVE_TM_ZONE  -DHAVE_SYS_TIME_H -DHAVE_UNISTD_H -DHAVE_SYS_TYPES_H -DHAVE_SYS_SOCKET_H -D_FILE_OFFSET_BITS=64 -D_LARGEFILE64_SOURCE -D_LARGEFILE_SOURCE -Wl,-search_paths_first -Wl,-headerpad_max_install_names   CMakeFiles/cmTC_59e33.dir/HDFTests.c.o  -o cmTC_59e33  -lm -ldl 
Undefined symbols for architecture x86_64:
  "_main", referenced from:
     implicit entry/start for main executable
ld: symbol(s) not found for architecture x86_64
clang: error: linker command failed with exit code 1 (use -v to see invocation)
make[1]: *** [cmTC_59e33] Error 1
make: *** [cmTC_59e33/fast] Error 2

Performing Other Test HAVE_STRUCT_TM_TM_ZONE failed with the following output:
Change Dir: /Users/tjcorona/Development/Software/Albany/Dependencies/hdf5-1.8.16/build/CMakeFiles/CMakeTmp

Run Build Command:"/usr/bin/make" "cmTC_75fac/fast"
/Applications/Xcode.app/Contents/Developer/usr/bin/make -f CMakeFiles/cmTC_75fac.dir/build.make CMakeFiles/cmTC_75fac.dir/build
Building C object CMakeFiles/cmTC_75fac.dir/HDFTests.c.o
/Applications/Xcode.app/Contents/Developer/Toolchains/XcodeDefault.xctoolchain/usr/bin/cc    -DHAVE_STRUCT_TM_TM_ZONE  -DHAVE_SYS_TIME_H -DHAVE_UNISTD_H -DHAVE_SYS_TYPES_H -DHAVE_SYS_SOCKET_H -D_FILE_OFFSET_BITS=64 -D_LARGEFILE64_SOURCE -D_LARGEFILE_SOURCE   -o CMakeFiles/cmTC_75fac.dir/HDFTests.c.o   -c /Users/tjcorona/Development/Software/Albany/Dependencies/hdf5-1.8.16/config/cmake_ext_mod/HDFTests.c
Linking C executable cmTC_75fac
/usr/local/Cellar/cmake/3.6.0_1/bin/cmake -E cmake_link_script CMakeFiles/cmTC_75fac.dir/link.txt --verbose=1
/Applications/Xcode.app/Contents/Developer/Toolchains/XcodeDefault.xctoolchain/usr/bin/cc   -DHAVE_STRUCT_TM_TM_ZONE  -DHAVE_SYS_TIME_H -DHAVE_UNISTD_H -DHAVE_SYS_TYPES_H -DHAVE_SYS_SOCKET_H -D_FILE_OFFSET_BITS=64 -D_LARGEFILE64_SOURCE -D_LARGEFILE_SOURCE -Wl,-search_paths_first -Wl,-headerpad_max_install_names   CMakeFiles/cmTC_75fac.dir/HDFTests.c.o  -o cmTC_75fac  -lm -ldl 
Undefined symbols for architecture x86_64:
  "_main", referenced from:
     implicit entry/start for main executable
ld: symbol(s) not found for architecture x86_64
clang: error: linker command failed with exit code 1 (use -v to see invocation)
make[1]: *** [cmTC_75fac] Error 1
make: *** [cmTC_75fac/fast] Error 2

Performing Other Test HAVE_STRUCT_VIDEOCONFIG failed with the following output:
Change Dir: /Users/tjcorona/Development/Software/Albany/Dependencies/hdf5-1.8.16/build/CMakeFiles/CMakeTmp

Run Build Command:"/usr/bin/make" "cmTC_4a3ce/fast"
/Applications/Xcode.app/Contents/Developer/usr/bin/make -f CMakeFiles/cmTC_4a3ce.dir/build.make CMakeFiles/cmTC_4a3ce.dir/build
Building C object CMakeFiles/cmTC_4a3ce.dir/HDFTests.c.o
/Applications/Xcode.app/Contents/Developer/Toolchains/XcodeDefault.xctoolchain/usr/bin/cc    -DHAVE_STRUCT_VIDEOCONFIG  -DHAVE_SYS_TIME_H -DHAVE_UNISTD_H -DHAVE_SYS_TYPES_H -DHAVE_SYS_SOCKET_H -D_FILE_OFFSET_BITS=64 -D_LARGEFILE64_SOURCE -D_LARGEFILE_SOURCE   -o CMakeFiles/cmTC_4a3ce.dir/HDFTests.c.o   -c /Users/tjcorona/Development/Software/Albany/Dependencies/hdf5-1.8.16/config/cmake_ext_mod/HDFTests.c
/Users/tjcorona/Development/Software/Albany/Dependencies/hdf5-1.8.16/config/cmake_ext_mod/HDFTests.c:447:32: error: variable has incomplete type 'struct videoconfig'
SIMPLE_TEST(struct videoconfig w; w.numtextcols=0);
                               ^
/Users/tjcorona/Development/Software/Albany/Dependencies/hdf5-1.8.16/config/cmake_ext_mod/HDFTests.c:447:20: note: forward declaration of 'struct videoconfig'
SIMPLE_TEST(struct videoconfig w; w.numtextcols=0);
                   ^
1 error generated.
make[1]: *** [CMakeFiles/cmTC_4a3ce.dir/HDFTests.c.o] Error 1
make: *** [cmTC_4a3ce/fast] Error 2

Performing Other Test HAVE_STRUCT_TEXT_INFO failed with the following output:
Change Dir: /Users/tjcorona/Development/Software/Albany/Dependencies/hdf5-1.8.16/build/CMakeFiles/CMakeTmp

Run Build Command:"/usr/bin/make" "cmTC_ee828/fast"
/Applications/Xcode.app/Contents/Developer/usr/bin/make -f CMakeFiles/cmTC_ee828.dir/build.make CMakeFiles/cmTC_ee828.dir/build
Building C object CMakeFiles/cmTC_ee828.dir/HDFTests.c.o
/Applications/Xcode.app/Contents/Developer/Toolchains/XcodeDefault.xctoolchain/usr/bin/cc    -DHAVE_STRUCT_TEXT_INFO  -DHAVE_SYS_TIME_H -DHAVE_UNISTD_H -DHAVE_SYS_TYPES_H -DHAVE_SYS_SOCKET_H -D_FILE_OFFSET_BITS=64 -D_LARGEFILE64_SOURCE -D_LARGEFILE_SOURCE   -o CMakeFiles/cmTC_ee828.dir/HDFTests.c.o   -c /Users/tjcorona/Development/Software/Albany/Dependencies/hdf5-1.8.16/config/cmake_ext_mod/HDFTests.c
/Users/tjcorona/Development/Software/Albany/Dependencies/hdf5-1.8.16/config/cmake_ext_mod/HDFTests.c:453:30: error: variable has incomplete type 'struct text_info'
SIMPLE_TEST(struct text_info w; w.screenwidth=0);
                             ^
/Users/tjcorona/Development/Software/Albany/Dependencies/hdf5-1.8.16/config/cmake_ext_mod/HDFTests.c:453:20: note: forward declaration of 'struct text_info'
SIMPLE_TEST(struct text_info w; w.screenwidth=0);
                   ^
1 error generated.
make[1]: *** [CMakeFiles/cmTC_ee828.dir/HDFTests.c.o] Error 1
make: *** [cmTC_ee828/fast] Error 2

Performing CXX Test OLD_HEADER_FILENAME failed with the following output:
Change Dir: /Users/tjcorona/Development/Software/Albany/Dependencies/hdf5-1.8.16/build/CMakeFiles/CMakeTmp

Run Build Command:"/usr/bin/make" "cmTC_e4393/fast"
/Applications/Xcode.app/Contents/Developer/usr/bin/make -f CMakeFiles/cmTC_e4393.dir/build.make CMakeFiles/cmTC_e4393.dir/build
Building CXX object CMakeFiles/cmTC_e4393.dir/HDFCXXTests.cpp.o
/Applications/Xcode.app/Contents/Developer/Toolchains/XcodeDefault.xctoolchain/usr/bin/c++     -DOLD_HEADER_FILENAME  -DHAVE_SYS_TIME_H -DHAVE_UNISTD_H -DHAVE_SYS_TYPES_H -DHAVE_SYS_SOCKET_H -D_FILE_OFFSET_BITS=64 -D_LARGEFILE64_SOURCE -D_LARGEFILE_SOURCE   -o CMakeFiles/cmTC_e4393.dir/HDFCXXTests.cpp.o -c /Users/tjcorona/Development/Software/Albany/Dependencies/hdf5-1.8.16/config/cmake_ext_mod/HDFCXXTests.cpp
Linking CXX executable cmTC_e4393
/usr/local/Cellar/cmake/3.6.0_1/bin/cmake -E cmake_link_script CMakeFiles/cmTC_e4393.dir/link.txt --verbose=1
/Applications/Xcode.app/Contents/Developer/Toolchains/XcodeDefault.xctoolchain/usr/bin/c++    -DOLD_HEADER_FILENAME  -DHAVE_SYS_TIME_H -DHAVE_UNISTD_H -DHAVE_SYS_TYPES_H -DHAVE_SYS_SOCKET_H -D_FILE_OFFSET_BITS=64 -D_LARGEFILE64_SOURCE -D_LARGEFILE_SOURCE -Wl,-search_paths_first -Wl,-headerpad_max_install_names   CMakeFiles/cmTC_e4393.dir/HDFCXXTests.cpp.o  -o cmTC_e4393  -lm -ldl 

Performing CXX Test H5_NO_NAMESPACE failed with the following output:
Change Dir: /Users/tjcorona/Development/Software/Albany/Dependencies/hdf5-1.8.16/build/CMakeFiles/CMakeTmp

Run Build Command:"/usr/bin/make" "cmTC_8a4f9/fast"
/Applications/Xcode.app/Contents/Developer/usr/bin/make -f CMakeFiles/cmTC_8a4f9.dir/build.make CMakeFiles/cmTC_8a4f9.dir/build
Building CXX object CMakeFiles/cmTC_8a4f9.dir/HDFCXXTests.cpp.o
/Applications/Xcode.app/Contents/Developer/Toolchains/XcodeDefault.xctoolchain/usr/bin/c++     -DH5_NO_NAMESPACE  -DHAVE_SYS_TIME_H -DHAVE_UNISTD_H -DHAVE_SYS_TYPES_H -DHAVE_SYS_SOCKET_H -D_FILE_OFFSET_BITS=64 -D_LARGEFILE64_SOURCE -D_LARGEFILE_SOURCE   -o CMakeFiles/cmTC_8a4f9.dir/HDFCXXTests.cpp.o -c /Users/tjcorona/Development/Software/Albany/Dependencies/hdf5-1.8.16/config/cmake_ext_mod/HDFCXXTests.cpp
Linking CXX executable cmTC_8a4f9
/usr/local/Cellar/cmake/3.6.0_1/bin/cmake -E cmake_link_script CMakeFiles/cmTC_8a4f9.dir/link.txt --verbose=1
/Applications/Xcode.app/Contents/Developer/Toolchains/XcodeDefault.xctoolchain/usr/bin/c++    -DH5_NO_NAMESPACE  -DHAVE_SYS_TIME_H -DHAVE_UNISTD_H -DHAVE_SYS_TYPES_H -DHAVE_SYS_SOCKET_H -D_FILE_OFFSET_BITS=64 -D_LARGEFILE64_SOURCE -D_LARGEFILE_SOURCE -Wl,-search_paths_first -Wl,-headerpad_max_install_names   CMakeFiles/cmTC_8a4f9.dir/HDFCXXTests.cpp.o  -o cmTC_8a4f9  -lm -ldl 
Undefined symbols for architecture x86_64:
  "_main", referenced from:
     implicit entry/start for main executable
ld: symbol(s) not found for architecture x86_64
clang: error: linker command failed with exit code 1 (use -v to see invocation)
make[1]: *** [cmTC_8a4f9] Error 1
make: *** [cmTC_8a4f9/fast] Error 2

Performing CXX Test H5_NO_STD failed with the following output:
Change Dir: /Users/tjcorona/Development/Software/Albany/Dependencies/hdf5-1.8.16/build/CMakeFiles/CMakeTmp

Run Build Command:"/usr/bin/make" "cmTC_4ef33/fast"
/Applications/Xcode.app/Contents/Developer/usr/bin/make -f CMakeFiles/cmTC_4ef33.dir/build.make CMakeFiles/cmTC_4ef33.dir/build
Building CXX object CMakeFiles/cmTC_4ef33.dir/HDFCXXTests.cpp.o
/Applications/Xcode.app/Contents/Developer/Toolchains/XcodeDefault.xctoolchain/usr/bin/c++     -DH5_NO_STD  -DHAVE_SYS_TIME_H -DHAVE_UNISTD_H -DHAVE_SYS_TYPES_H -DHAVE_SYS_SOCKET_H -D_FILE_OFFSET_BITS=64 -D_LARGEFILE64_SOURCE -D_LARGEFILE_SOURCE   -o CMakeFiles/cmTC_4ef33.dir/HDFCXXTests.cpp.o -c /Users/tjcorona/Development/Software/Albany/Dependencies/hdf5-1.8.16/config/cmake_ext_mod/HDFCXXTests.cpp
Linking CXX executable cmTC_4ef33
/usr/local/Cellar/cmake/3.6.0_1/bin/cmake -E cmake_link_script CMakeFiles/cmTC_4ef33.dir/link.txt --verbose=1
/Applications/Xcode.app/Contents/Developer/Toolchains/XcodeDefault.xctoolchain/usr/bin/c++    -DH5_NO_STD  -DHAVE_SYS_TIME_H -DHAVE_UNISTD_H -DHAVE_SYS_TYPES_H -DHAVE_SYS_SOCKET_H -D_FILE_OFFSET_BITS=64 -D_LARGEFILE64_SOURCE -D_LARGEFILE_SOURCE -Wl,-search_paths_first -Wl,-headerpad_max_install_names   CMakeFiles/cmTC_4ef33.dir/HDFCXXTests.cpp.o  -o cmTC_4ef33  -lm -ldl 
Undefined symbols for architecture x86_64:
  "_main", referenced from:
     implicit entry/start for main executable
ld: symbol(s) not found for architecture x86_64
clang: error: linker command failed with exit code 1 (use -v to see invocation)
make[1]: *** [cmTC_4ef33] Error 1
make: *** [cmTC_4ef33/fast] Error 2

Performing CXX Test BOOL_NOTDEFINED failed with the following output:
Change Dir: /Users/tjcorona/Development/Software/Albany/Dependencies/hdf5-1.8.16/build/CMakeFiles/CMakeTmp

Run Build Command:"/usr/bin/make" "cmTC_75892/fast"
/Applications/Xcode.app/Contents/Developer/usr/bin/make -f CMakeFiles/cmTC_75892.dir/build.make CMakeFiles/cmTC_75892.dir/build
Building CXX object CMakeFiles/cmTC_75892.dir/HDFCXXTests.cpp.o
/Applications/Xcode.app/Contents/Developer/Toolchains/XcodeDefault.xctoolchain/usr/bin/c++     -DBOOL_NOTDEFINED  -DHAVE_SYS_TIME_H -DHAVE_UNISTD_H -DHAVE_SYS_TYPES_H -DHAVE_SYS_SOCKET_H -D_FILE_OFFSET_BITS=64 -D_LARGEFILE64_SOURCE -D_LARGEFILE_SOURCE   -o CMakeFiles/cmTC_75892.dir/HDFCXXTests.cpp.o -c /Users/tjcorona/Development/Software/Albany/Dependencies/hdf5-1.8.16/config/cmake_ext_mod/HDFCXXTests.cpp
Linking CXX executable cmTC_75892
/usr/local/Cellar/cmake/3.6.0_1/bin/cmake -E cmake_link_script CMakeFiles/cmTC_75892.dir/link.txt --verbose=1
/Applications/Xcode.app/Contents/Developer/Toolchains/XcodeDefault.xctoolchain/usr/bin/c++    -DBOOL_NOTDEFINED  -DHAVE_SYS_TIME_H -DHAVE_UNISTD_H -DHAVE_SYS_TYPES_H -DHAVE_SYS_SOCKET_H -D_FILE_OFFSET_BITS=64 -D_LARGEFILE64_SOURCE -D_LARGEFILE_SOURCE -Wl,-search_paths_first -Wl,-headerpad_max_install_names   CMakeFiles/cmTC_75892.dir/HDFCXXTests.cpp.o  -o cmTC_75892  -lm -ldl 

Performing CXX Test NO_STATIC_CAST failed with the following output:
Change Dir: /Users/tjcorona/Development/Software/Albany/Dependencies/hdf5-1.8.16/build/CMakeFiles/CMakeTmp

Run Build Command:"/usr/bin/make" "cmTC_9a4eb/fast"
/Applications/Xcode.app/Contents/Developer/usr/bin/make -f CMakeFiles/cmTC_9a4eb.dir/build.make CMakeFiles/cmTC_9a4eb.dir/build
Building CXX object CMakeFiles/cmTC_9a4eb.dir/HDFCXXTests.cpp.o
/Applications/Xcode.app/Contents/Developer/Toolchains/XcodeDefault.xctoolchain/usr/bin/c++     -DNO_STATIC_CAST  -DHAVE_SYS_TIME_H -DHAVE_UNISTD_H -DHAVE_SYS_TYPES_H -DHAVE_SYS_SOCKET_H -D_FILE_OFFSET_BITS=64 -D_LARGEFILE64_SOURCE -D_LARGEFILE_SOURCE   -o CMakeFiles/cmTC_9a4eb.dir/HDFCXXTests.cpp.o -c /Users/tjcorona/Development/Software/Albany/Dependencies/hdf5-1.8.16/config/cmake_ext_mod/HDFCXXTests.cpp
Linking CXX executable cmTC_9a4eb
/usr/local/Cellar/cmake/3.6.0_1/bin/cmake -E cmake_link_script CMakeFiles/cmTC_9a4eb.dir/link.txt --verbose=1
/Applications/Xcode.app/Contents/Developer/Toolchains/XcodeDefault.xctoolchain/usr/bin/c++    -DNO_STATIC_CAST  -DHAVE_SYS_TIME_H -DHAVE_UNISTD_H -DHAVE_SYS_TYPES_H -DHAVE_SYS_SOCKET_H -D_FILE_OFFSET_BITS=64 -D_LARGEFILE64_SOURCE -D_LARGEFILE_SOURCE -Wl,-search_paths_first -Wl,-headerpad_max_install_names   CMakeFiles/cmTC_9a4eb.dir/HDFCXXTests.cpp.o  -o cmTC_9a4eb  -lm -ldl 

Test TEST_DIRECT_VFD_WORKS Compile failed with the following output:
 Change Dir: /Users/tjcorona/Development/Software/Albany/Dependencies/hdf5-1.8.16/build/CMakeFiles/CMakeTmp

Run Build Command:"/usr/bin/make" "cmTC_af685/fast"
/Applications/Xcode.app/Contents/Developer/usr/bin/make -f CMakeFiles/cmTC_af685.dir/build.make CMakeFiles/cmTC_af685.dir/build
Building C object CMakeFiles/cmTC_af685.dir/HDFTests.c.o
/Applications/Xcode.app/Contents/Developer/Toolchains/XcodeDefault.xctoolchain/usr/bin/cc    -DTEST_DIRECT_VFD_WORKS -D_GNU_SOURCE   -o CMakeFiles/cmTC_af685.dir/HDFTests.c.o   -c /Users/tjcorona/Development/Software/Albany/Dependencies/hdf5-1.8.16/config/cmake_ext_mod/HDFTests.c
/Users/tjcorona/Development/Software/Albany/Dependencies/hdf5-1.8.16/config/cmake_ext_mod/HDFTests.c:314:49: error: use of undeclared identifier 'O_DIRECT'
   if((fid=open("tst_file", O_CREAT | O_TRUNC | O_DIRECT, 0755))<0)
                                                ^
/Users/tjcorona/Development/Software/Albany/Dependencies/hdf5-1.8.16/config/cmake_ext_mod/HDFTests.c:316:4: warning: implicit declaration of function 'close' is invalid in C99 [-Wimplicit-function-declaration]
   close(fid);
   ^
/Users/tjcorona/Development/Software/Albany/Dependencies/hdf5-1.8.16/config/cmake_ext_mod/HDFTests.c:317:4: warning: implicit declaration of function 'remove' is invalid in C99 [-Wimplicit-function-declaration]
   remove("tst_file");
   ^
2 warnings and 1 error generated.
make[1]: *** [CMakeFiles/cmTC_af685.dir/HDFTests.c.o] Error 1
make: *** [cmTC_af685/fast] Error 2

Test H5_LDOUBLE_TO_LONG_SPECIAL Run failed with the following output and exit code:
 Change Dir: /Users/tjcorona/Development/Software/Albany/Dependencies/hdf5-1.8.16/build/CMakeFiles/CMakeTmp

Run Build Command:"/usr/bin/make" "cmTC_246b7/fast"
/Applications/Xcode.app/Contents/Developer/usr/bin/make -f CMakeFiles/cmTC_246b7.dir/build.make CMakeFiles/cmTC_246b7.dir/build
Building C object CMakeFiles/cmTC_246b7.dir/ConversionTests.c.o
/Applications/Xcode.app/Contents/Developer/Toolchains/XcodeDefault.xctoolchain/usr/bin/cc    -DH5_LDOUBLE_TO_LONG_SPECIAL_TEST   -o CMakeFiles/cmTC_246b7.dir/ConversionTests.c.o   -c /Users/tjcorona/Development/Software/Albany/Dependencies/hdf5-1.8.16/config/cmake/ConversionTests.c
Linking C executable cmTC_246b7
/usr/local/Cellar/cmake/3.6.0_1/bin/cmake -E cmake_link_script CMakeFiles/cmTC_246b7.dir/link.txt --verbose=1
/Applications/Xcode.app/Contents/Developer/Toolchains/XcodeDefault.xctoolchain/usr/bin/cc   -DH5_LDOUBLE_TO_LONG_SPECIAL_TEST -Wl,-search_paths_first -Wl,-headerpad_max_install_names   CMakeFiles/cmTC_246b7.dir/ConversionTests.c.o  -o cmTC_246b7  

Test H5_LONG_TO_LDOUBLE_SPECIAL Run failed with the following output and exit code:
 Change Dir: /Users/tjcorona/Development/Software/Albany/Dependencies/hdf5-1.8.16/build/CMakeFiles/CMakeTmp

Run Build Command:"/usr/bin/make" "cmTC_ae076/fast"
/Applications/Xcode.app/Contents/Developer/usr/bin/make -f CMakeFiles/cmTC_ae076.dir/build.make CMakeFiles/cmTC_ae076.dir/build
Building C object CMakeFiles/cmTC_ae076.dir/ConversionTests.c.o
/Applications/Xcode.app/Contents/Developer/Toolchains/XcodeDefault.xctoolchain/usr/bin/cc    -DH5_LONG_TO_LDOUBLE_SPECIAL_TEST   -o CMakeFiles/cmTC_ae076.dir/ConversionTests.c.o   -c /Users/tjcorona/Development/Software/Albany/Dependencies/hdf5-1.8.16/config/cmake/ConversionTests.c
Linking C executable cmTC_ae076
/usr/local/Cellar/cmake/3.6.0_1/bin/cmake -E cmake_link_script CMakeFiles/cmTC_ae076.dir/link.txt --verbose=1
/Applications/Xcode.app/Contents/Developer/Toolchains/XcodeDefault.xctoolchain/usr/bin/cc   -DH5_LONG_TO_LDOUBLE_SPECIAL_TEST -Wl,-search_paths_first -Wl,-headerpad_max_install_names   CMakeFiles/cmTC_ae076.dir/ConversionTests.c.o  -o cmTC_ae076  

